Log file open, 07/24/20 12:29:33
LogWindows: Failed to load 'aqProf.dll' (GetLastError=126)
LogWindows: File 'aqProf.dll' does not exist
LogWindows: Failed to load 'VtuneApi.dll' (GetLastError=126)
LogWindows: File 'VtuneApi.dll' does not exist
LogWindows: Failed to load 'VtuneApi32e.dll' (GetLastError=126)
LogWindows: File 'VtuneApi32e.dll' does not exist
LogInit: Display: Running engine for game: UE4_Multitanks
LogPlatformFile: Not using cached read wrapper
LogInit: Display: RandInit(-538092050) SRandInit(-538092050).
LogInit: Read version file with build ID 'cc1760db-84f8-47e9-8986-ba9e72ebb313'
LogInit: Registered custom module enumerator with build ID 'cc1760db-84f8-47e9-8986-ba9e72ebb313'
LogTaskGraph: Started task graph with 5 named threads and 23 total threads with 3 sets of task threads.
LogStats: Stats thread started at 0.265932
LogD3D11RHI: Aftermath initialized
LogICUInternationalization: Display: ICU TimeZone Detection - Raw Offset: +1:00, Platform Override: ''
LogModuleManager: Display: Found up-to-date module file ../../../Engine/Plugins/2D/Paper2D/Binaries/Win64/UE4Editor-Paper2D.dll (API version 0).
LogModuleManager: Display: Found up-to-date module file ../../../Engine/Plugins/2D/Paper2D/Binaries/Win64/UE4Editor-Paper2DEditor.dll (API version 0).
LogModuleManager: Display: Found up-to-date module file ../../../Engine/Plugins/2D/Paper2D/Binaries/Win64/UE4Editor-PaperSpriteSheetImporter.dll (API version 0).
LogModuleManager: Display: Found up-to-date module file ../../../Engine/Plugins/2D/Paper2D/Binaries/Win64/UE4Editor-PaperTiledImporter.dll (API version 0).
LogModuleManager: Display: Found up-to-date module file ../../../Engine/Plugins/2D/Paper2D/Binaries/Win64/UE4Editor-SmartSnapping.dll (API version 0).
LogModuleManager: Display: Found up-to-date module file ../../../Engine/Plugins/Blendables/LightPropagationVolume/Binaries/Win64/UE4Editor-LightPropagationVolumeRuntime.dll (API version 0).
LogModuleManager: Display: Found up-to-date module file ../../../Engine/Plugins/Blendables/LightPropagationVolume/Binaries/Win64/UE4Editor-LightPropagationVolumeEditor.dll (API version 0).
LogModuleManager: Display: Found up-to-date module file ../../../Engine/Plugins/Developer/CLionSourceCodeAccess/Binaries/Win64/UE4Editor-CLionSourceCodeAccess.dll (API version 0).
LogModuleManager: Display: Found up-to-date module file ../../../Engine/Plugins/Developer/GitSourceControl/Binaries/Win64/UE4Editor-GitSourceControl.dll (API version 0).
LogModuleManager: Display: Found up-to-date module file ../../../Engine/Plugins/Developer/PerforceSourceControl/Binaries/Win64/UE4Editor-PerforceSourceControl.dll (API version 0).
LogModuleManager: Display: Found up-to-date module file ../../../Engine/Plugins/Developer/SubversionSourceControl/Binaries/Win64/UE4Editor-SubversionSourceControl.dll (API version 0).
LogModuleManager: Display: Found up-to-date module file ../../../Engine/Plugins/Developer/UObjectPlugin/Binaries/Win64/UE4Editor-UObjectPlugin.dll (API version 0).
LogModuleManager: Display: Found up-to-date module file ../../../Engine/Plugins/Developer/VisualStudioCodeSourceCodeAccess/Binaries/Win64/UE4Editor-VisualStudioCodeSourceCodeAccess.dll (API version 0).
LogModuleManager: Display: Found up-to-date module file ../../../Engine/Plugins/Developer/VisualStudioSourceCodeAccess/Binaries/Win64/UE4Editor-VisualStudioSourceCodeAccess.dll (API version 0).
LogModuleManager: Display: Found up-to-date module file ../../../Engine/Plugins/Editor/AssetManagerEditor/Binaries/Win64/UE4Editor-AssetManagerEditor.dll (API version 0).
LogModuleManager: Display: Found up-to-date module file ../../../Engine/Plugins/Editor/CryptoKeys/Binaries/Win64/UE4Editor-CryptoKeys.dll (API version 0).
LogModuleManager: Display: Found up-to-date module file ../../../Engine/Plugins/Editor/CryptoKeys/Binaries/Win64/UE4Editor-CryptoKeysOpenSSL.dll (API version 0).
LogModuleManager: Display: Found up-to-date module file ../../../Engine/Plugins/Editor/DataValidation/Binaries/Win64/UE4Editor-DataValidation.dll (API version 0).
LogModuleManager: Display: Found up-to-date module file ../../../Engine/Plugins/Editor/FacialAnimation/Binaries/Win64/UE4Editor-FacialAnimation.dll (API version 0).
LogModuleManager: Display: Found up-to-date module file ../../../Engine/Plugins/Editor/FacialAnimation/Binaries/Win64/UE4Editor-FacialAnimationEditor.dll (API version 0).
LogModuleManager: Display: Found up-to-date module file ../../../Engine/Plugins/Editor/GameplayTagsEditor/Binaries/Win64/UE4Editor-GameplayTagsEditor.dll (API version 0).
LogModuleManager: Display: Found up-to-date module file ../../../Engine/Plugins/Editor/MobileLauncherProfileWizard/Binaries/Win64/UE4Editor-MobileLauncherProfileWizard.dll (API version 0).
LogModuleManager: Display: Found up-to-date module file ../../../Engine/Plugins/Editor/PluginBrowser/Binaries/Win64/UE4Editor-PluginBrowser.dll (API version 0).
LogModuleManager: Display: Found up-to-date module file ../../../Engine/Plugins/Editor/SpeedTreeImporter/Binaries/Win64/UE4Editor-SpeedTreeImporter.dll (API version 0).
LogModuleManager: Display: Found up-to-date module file ../../../Engine/Plugins/Enterprise/DatasmithContent/Binaries/Win64/UE4Editor-DatasmithContent.dll (API version 0).
LogModuleManager: Display: Found up-to-date module file ../../../Engine/Plugins/Experimental/AlembicImporter/Binaries/Win64/UE4Editor-AlembicImporter.dll (API version 0).
LogModuleManager: Display: Found up-to-date module file ../../../Engine/Plugins/Experimental/AlembicImporter/Binaries/Win64/UE4Editor-AlembicLibrary.dll (API version 0).
LogModuleManager: Display: Found up-to-date module file ../../../Engine/Plugins/Experimental/CharacterAI/Binaries/Win64/UE4Editor-CharacterAI.dll (API version 0).
LogModuleManager: Display: Found up-to-date module file ../../../Engine/Plugins/Experimental/HTML5Networking/Binaries/Win64/UE4Editor-HTML5Networking.dll (API version 0).
LogModuleManager: Display: Found up-to-date module file ../../../Engine/Plugins/GameWorks/Flex/Binaries/Win64/UE4Editor-Flex.dll (API version 0).
LogModuleManager: Display: Found up-to-date module file ../../../Engine/Plugins/GameWorks/Flex/Binaries/Win64/UE4Editor-FlexEditor.dll (API version 0).
LogModuleManager: Display: Found up-to-date module file ../../../Engine/Plugins/Media/AndroidMedia/Binaries/Win64/UE4Editor-AndroidMediaEditor.dll (API version 0).
LogModuleManager: Display: Found up-to-date module file ../../../Engine/Plugins/Media/AndroidMedia/Binaries/Win64/UE4Editor-AndroidMediaFactory.dll (API version 0).
LogModuleManager: Display: Found up-to-date module file ../../../Engine/Plugins/Media/AvfMedia/Binaries/Win64/UE4Editor-AvfMediaEditor.dll (API version 0).
LogModuleManager: Display: Found up-to-date module file ../../../Engine/Plugins/Media/AvfMedia/Binaries/Win64/UE4Editor-AvfMediaFactory.dll (API version 0).
LogModuleManager: Display: Found up-to-date module file ../../../Engine/Plugins/Media/AvfMedia/Binaries/Win64/UE4Editor-AvfMediaFactory.dll (API version 0).
LogModuleManager: Display: Found up-to-date module file ../../../Engine/Plugins/Media/ImgMedia/Binaries/Win64/UE4Editor-ImgMedia.dll (API version 0).
LogModuleManager: Display: Found up-to-date module file ../../../Engine/Plugins/Media/ImgMedia/Binaries/Win64/UE4Editor-ImgMediaEditor.dll (API version 0).
LogModuleManager: Display: Found up-to-date module file ../../../Engine/Plugins/Media/ImgMedia/Binaries/Win64/UE4Editor-ImgMediaFactory.dll (API version 0).
LogModuleManager: Display: Found up-to-date module file ../../../Engine/Plugins/Media/ImgMedia/Binaries/Win64/UE4Editor-ImgMediaFactory.dll (API version 0).
LogModuleManager: Display: Found up-to-date module file ../../../Engine/Plugins/Media/ImgMedia/Binaries/Win64/UE4Editor-OpenExrWrapper.dll (API version 0).
LogModuleManager: Display: Found up-to-date module file ../../../Engine/Plugins/Media/LinearTimecode/Binaries/Win64/UE4Editor-LinearTimecode.dll (API version 0).
LogModuleManager: Display: Found up-to-date module file ../../../Engine/Plugins/Media/MediaCompositing/Binaries/Win64/UE4Editor-MediaCompositing.dll (API version 0).
LogModuleManager: Display: Found up-to-date module file ../../../Engine/Plugins/Media/MediaCompositing/Binaries/Win64/UE4Editor-MediaCompositingEditor.dll (API version 0).
LogModuleManager: Display: Found up-to-date module file ../../../Engine/Plugins/Media/MediaPlayerEditor/Binaries/Win64/UE4Editor-MediaPlayerEditor.dll (API version 0).
LogModuleManager: Display: Found up-to-date module file ../../../Engine/Plugins/Media/WmfMedia/Binaries/Win64/UE4Editor-WmfMedia.dll (API version 0).
LogModuleManager: Display: Found up-to-date module file ../../../Engine/Plugins/Media/WmfMedia/Binaries/Win64/UE4Editor-WmfMediaEditor.dll (API version 0).
LogModuleManager: Display: Found up-to-date module file ../../../Engine/Plugins/Media/WmfMedia/Binaries/Win64/UE4Editor-WmfMediaFactory.dll (API version 0).
LogModuleManager: Display: Found up-to-date module file ../../../Engine/Plugins/Media/WmfMedia/Binaries/Win64/UE4Editor-WmfMediaFactory.dll (API version 0).
LogModuleManager: Display: Found up-to-date module file ../../../Engine/Plugins/Messaging/TcpMessaging/Binaries/Win64/UE4Editor-TcpMessaging.dll (API version 0).
LogModuleManager: Display: Found up-to-date module file ../../../Engine/Plugins/Messaging/UdpMessaging/Binaries/Win64/UE4Editor-UdpMessaging.dll (API version 0).
LogModuleManager: Display: Found up-to-date module file ../../../Engine/Plugins/MovieScene/ActorSequence/Binaries/Win64/UE4Editor-ActorSequence.dll (API version 0).
LogModuleManager: Display: Found up-to-date module file ../../../Engine/Plugins/MovieScene/LevelSequenceEditor/Binaries/Win64/UE4Editor-LevelSequenceEditor.dll (API version 0).
LogModuleManager: Display: Found up-to-date module file ../../../Engine/Plugins/MovieScene/MatineeToLevelSequence/Binaries/Win64/UE4Editor-MatineeToLevelSequence.dll (API version 0).
LogModuleManager: Display: Found up-to-date module file ../../../Engine/Plugins/NetcodeUnitTest/NetcodeUnitTest/Binaries/Win64/UE4Editor-NetcodeUnitTest.dll (API version 0).
LogModuleManager: Display: Found up-to-date module file ../../../Engine/Plugins/NetcodeUnitTest/NUTUnrealEngine4/Binaries/Win64/UE4Editor-NUTUnrealEngine4.dll (API version 0).
LogModuleManager: Display: Found up-to-date module file ../../../Engine/Plugins/Online/OnlineSubsystem/Binaries/Win64/UE4Editor-OnlineSubsystem.dll (API version 0).
LogModuleManager: Display: Found up-to-date module file ../../../Engine/Plugins/Runtime/AndroidPermission/Binaries/Win64/UE4Editor-AndroidPermission.dll (API version 0).
LogModuleManager: Display: Found up-to-date module file ../../../Engine/Plugins/Online/OnlineSubsystemNull/Binaries/Win64/UE4Editor-OnlineSubsystemNull.dll (API version 0).
LogModuleManager: Display: Found up-to-date module file ../../../Engine/Plugins/Online/OnlineSubsystemUtils/Binaries/Win64/UE4Editor-OnlineSubsystemUtils.dll (API version 0).
LogModuleManager: Display: Found up-to-date module file ../../../Engine/Plugins/Online/OnlineSubsystemUtils/Binaries/Win64/UE4Editor-OnlineBlueprintSupport.dll (API version 0).
LogModuleManager: Display: Found up-to-date module file ../../../Engine/Plugins/Runtime/AndroidDeviceProfileSelector/Binaries/Win64/UE4Editor-AndroidDeviceProfileSelector.dll (API version 0).
LogModuleManager: Display: Found up-to-date module file ../../../Engine/Plugins/Runtime/AppleARKit/Binaries/Win64/UE4Editor-AppleARKit.dll (API version 0).
LogModuleManager: Display: Found up-to-date module file ../../../Engine/Plugins/Runtime/ProceduralMeshComponent/Binaries/Win64/UE4Editor-ProceduralMeshComponent.dll (API version 0).
LogModuleManager: Display: Found up-to-date module file ../../../Engine/Plugins/Runtime/ProceduralMeshComponent/Binaries/Win64/UE4Editor-ProceduralMeshComponentEditor.dll (API version 0).
LogModuleManager: Display: Found up-to-date module file ../../../Engine/Plugins/Animation/LiveLink/Binaries/Win64/UE4Editor-LiveLink.dll (API version 0).
LogModuleManager: Display: Found up-to-date module file ../../../Engine/Plugins/Animation/LiveLink/Binaries/Win64/UE4Editor-LiveLinkEditor.dll (API version 0).
LogModuleManager: Display: Found up-to-date module file ../../../Engine/Plugins/Runtime/ArchVisCharacter/Binaries/Win64/UE4Editor-ArchVisCharacter.dll (API version 0).
LogModuleManager: Display: Found up-to-date module file ../../../Engine/Plugins/Runtime/AudioCapture/Binaries/Win64/UE4Editor-AudioCapture.dll (API version 0).
LogModuleManager: Display: Found up-to-date module file ../../../Engine/Plugins/Runtime/AudioCapture/Binaries/Win64/UE4Editor-AudioCaptureEditor.dll (API version 0).
LogModuleManager: Display: Found up-to-date module file ../../../Engine/Plugins/Runtime/CableComponent/Binaries/Win64/UE4Editor-CableComponent.dll (API version 0).
LogModuleManager: Display: Found up-to-date module file ../../../Engine/Plugins/Runtime/CustomMeshComponent/Binaries/Win64/UE4Editor-CustomMeshComponent.dll (API version 0).
LogModuleManager: Display: Found up-to-date module file ../../../Engine/Plugins/Runtime/ExampleDeviceProfileSelector/Binaries/Win64/UE4Editor-ExampleDeviceProfileSelector.dll (API version 0).
LogModuleManager: Display: Found up-to-date module file ../../../Engine/Plugins/Runtime/ImmediatePhysics/Binaries/Win64/UE4Editor-ImmediatePhysics.dll (API version 0).
LogModuleManager: Display: Found up-to-date module file ../../../Engine/Plugins/Runtime/ImmediatePhysics/Binaries/Win64/UE4Editor-ImmediatePhysicsEditor.dll (API version 0).
LogModuleManager: Display: Found up-to-date module file ../../../Engine/Plugins/Runtime/LocationServicesBPLibrary/Binaries/Win64/UE4Editor-LocationServicesBPLibrary.dll (API version 0).
LogModuleManager: Display: Found up-to-date module file ../../../Engine/Plugins/Runtime/MobilePatchingUtils/Binaries/Win64/UE4Editor-MobilePatchingUtils.dll (API version 0).
LogModuleManager: Display: Found up-to-date module file ../../../Engine/Plugins/Runtime/Oculus/OculusVR/Binaries/Win64/UE4Editor-OculusHMD.dll (API version 0).
LogModuleManager: Display: Found up-to-date module file ../../../Engine/Plugins/Runtime/Oculus/OculusVR/Binaries/Win64/UE4Editor-OculusInput.dll (API version 0).
LogModuleManager: Display: Found up-to-date module file ../../../Engine/Plugins/Runtime/Oculus/OculusVR/Binaries/Win64/UE4Editor-OculusEditor.dll (API version 0).
LogModuleManager: Display: Found up-to-date module file ../../../Engine/Plugins/Runtime/PhysXVehicles/Binaries/Win64/UE4Editor-PhysXVehicles.dll (API version 0).
LogModuleManager: Display: Found up-to-date module file ../../../Engine/Plugins/Runtime/PhysXVehicles/Binaries/Win64/UE4Editor-PhysXVehiclesEditor.dll (API version 0).
LogModuleManager: Display: Found up-to-date module file ../../../Engine/Plugins/Runtime/RuntimePhysXCooking/Binaries/Win64/UE4Editor-RuntimePhysXCooking.dll (API version 0).
LogModuleManager: Display: Found up-to-date module file ../../../Engine/Plugins/Runtime/Steam/SteamVR/Binaries/Win64/UE4Editor-SteamVR.dll (API version 0).
LogModuleManager: Display: Found up-to-date module file ../../../Engine/Plugins/Runtime/Steam/SteamVR/Binaries/Win64/UE4Editor-SteamVRController.dll (API version 0).
LogModuleManager: Display: Found up-to-date module file ../../../Engine/Plugins/Runtime/WindowsMoviePlayer/Binaries/Win64/UE4Editor-WindowsMoviePlayer.dll (API version 0).
LogPluginManager: Mounting plugin Paper2D
LogPluginManager: Mounting plugin LiveLink
LogPluginManager: Mounting plugin LightPropagationVolume
LogPluginManager: Mounting plugin CLionSourceCodeAccess
LogPluginManager: Mounting plugin CodeLiteSourceCodeAccess
LogPluginManager: Mounting plugin GitSourceControl
LogPluginManager: Mounting plugin KDevelopSourceCodeAccess
LogPluginManager: Mounting plugin NullSourceCodeAccess
LogPluginManager: Mounting plugin PerforceSourceControl
LogPluginManager: Mounting plugin SubversionSourceControl
LogPluginManager: Mounting plugin UObjectPlugin
LogPluginManager: Mounting plugin VisualStudioCodeSourceCodeAccess
LogPluginManager: Mounting plugin VisualStudioSourceCodeAccess
LogPluginManager: Mounting plugin XCodeSourceCodeAccess
LogPluginManager: Mounting plugin AssetManagerEditor
LogPluginManager: Mounting plugin CryptoKeys
LogPluginManager: Mounting plugin DataValidation
LogPluginManager: Mounting plugin FacialAnimation
LogPluginManager: Mounting plugin GameplayTagsEditor
LogPluginManager: Mounting plugin MobileLauncherProfileWizard
LogPluginManager: Mounting plugin PluginBrowser
LogPluginManager: Mounting plugin SpeedTreeImporter
LogPluginManager: Mounting plugin DatasmithContent
LogPluginManager: Mounting plugin AlembicImporter
LogPluginManager: Mounting plugin CharacterAI
LogPluginManager: Mounting plugin HTML5Networking
LogPluginManager: Mounting plugin Flex
LogPluginManager: Plugin shader directory ../../../Engine/Plugins/GameWorks/Flex/Shaders found
LogPluginManager: Mapping shader source directory ../../../Engine/Plugins/GameWorks/Flex/Shaders to virtual directory /Plugin/Flex
LogPluginManager: Mounting plugin AndroidMedia
LogPluginManager: Mounting plugin AvfMedia
LogPluginManager: Mounting plugin ImgMedia
LogPluginManager: Mounting plugin LinearTimecode
LogPluginManager: Mounting plugin MediaCompositing
LogPluginManager: Mounting plugin MediaPlayerEditor
LogPluginManager: Mounting plugin WmfMedia
LogPluginManager: Mounting plugin TcpMessaging
LogPluginManager: Mounting plugin UdpMessaging
LogPluginManager: Mounting plugin ActorSequence
LogPluginManager: Mounting plugin LevelSequenceEditor
LogPluginManager: Mounting plugin MatineeToLevelSequence
LogPluginManager: Mounting plugin NetcodeUnitTest
LogPluginManager: Mounting plugin NUTUnrealEngine4
LogPluginManager: Mounting plugin OnlineSubsystemGooglePlay
LogPluginManager: Mounting plugin OnlineSubsystemIOS
LogPluginManager: Mounting plugin OnlineSubsystem
LogPluginManager: Mounting plugin OnlineSubsystemNull
LogPluginManager: Mounting plugin OnlineSubsystemUtils
LogPluginManager: Mounting plugin AndroidDeviceProfileSelector
LogPluginManager: Mounting plugin AndroidMoviePlayer
LogPluginManager: Mounting plugin AndroidPermission
LogPluginManager: Mounting plugin AppleARKit
LogPluginManager: Mounting plugin AppleMoviePlayer
LogPluginManager: Mounting plugin ArchVisCharacter
LogPluginManager: Mounting plugin AudioCapture
LogPluginManager: Mounting plugin CableComponent
LogPluginManager: Mounting plugin CustomMeshComponent
LogPluginManager: Mounting plugin ExampleDeviceProfileSelector
LogPluginManager: Mounting plugin GoogleCloudMessaging
LogPluginManager: Mounting plugin ImmediatePhysics
LogPluginManager: Mounting plugin IOSDeviceProfileSelector
LogPluginManager: Mounting plugin LinuxDeviceProfileSelector
LogPluginManager: Mounting plugin LocationServicesBPLibrary
LogPluginManager: Mounting plugin MobilePatchingUtils
LogPluginManager: Mounting plugin OculusVR
LogPluginManager: Plugin shader directory ../../../Engine/Plugins/Runtime/Oculus/OculusVR/Shaders found
LogPluginManager: Mapping shader source directory ../../../Engine/Plugins/Runtime/Oculus/OculusVR/Shaders to virtual directory /Plugin/OculusVR
LogPluginManager: Mounting plugin PhysXVehicles
LogPluginManager: Mounting plugin ProceduralMeshComponent
LogPluginManager: Mounting plugin RuntimePhysXCooking
LogPluginManager: Mounting plugin SteamVR
LogPluginManager: Mounting plugin WindowsMoviePlayer
LogStreaming: Display: Took  1.145s to configure plugins.
LogInit: Using libcurl 7.47.1
LogInit:  - built for x86_64-pc-win32
LogInit:  - supports SSL with OpenSSL/1.0.2g
LogInit:  - supports HTTP deflate (compression) using libz 1.2.8
LogInit:  - other features:
LogInit:      CURL_VERSION_SSL
LogInit:      CURL_VERSION_LIBZ
LogInit:      CURL_VERSION_IPV6
LogInit:      CURL_VERSION_ASYNCHDNS
LogInit:      CURL_VERSION_LARGEFILE
LogInit:      CURL_VERSION_IDN
LogInit:  CurlRequestOptions (configurable via config and command line):
LogInit:  - bVerifyPeer = false  - Libcurl will NOT verify peer certificate
LogInit:  - bUseHttpProxy = false  - Libcurl will NOT use HTTP proxy
LogInit:  - bDontReuseConnections = false  - Libcurl will reuse connections
LogInit:  - CertBundlePath = nullptr  - Libcurl will use whatever was configured at build time.
LogInit:  - MaxHostConnections = 16  - Libcurl will limit the number of connections to a host
LogInit:  - LocalHostAddr = Default
LogInit: WinSock: version 1.1 (2.2), MaxSocks=32767, MaxUdp=65467
LogInit: WinSock: I am PC-Gaming-Alexis (192.168.1.19:0)
LogInit: Build: ++UE4+Release-4.19-CL-0
LogInit: Engine Version: 4.19.2-0+++UE4+Release-4.19
LogInit: Compatible Engine Version: 4.19.0-0+++UE4+Release-4.19
LogInit: Net CL: 0
LogDevObjectVersion: Number of dev versions registered: 18
LogDevObjectVersion:   Dev-Blueprints (B0D832E4-1F89-4F0D-ACCF-7EB736FD4AA2): 10
LogDevObjectVersion:   Dev-Build (E1C64328-A22C-4D53-A36C-8E866417BD8C): 0
LogDevObjectVersion:   Dev-Core (375EC13C-06E4-48FB-B500-84F0262A717E): 2
LogDevObjectVersion:   Dev-Editor (E4B068ED-F494-42E9-A231-DA0B2E46BB41): 23
LogDevObjectVersion:   Dev-Framework (CFFC743F-43B0-4480-9391-14DF171D2073): 33
LogDevObjectVersion:   Dev-Mobile (B02B49B5-BB20-44E9-A304-32B752E40360): 2
LogDevObjectVersion:   Dev-Networking (A4E4105C-59A1-49B5-A7C5-40C4547EDFEE): 0
LogDevObjectVersion:   Dev-Online (39C831C9-5AE6-47DC-9A44-9C173E1C8E7C): 0
LogDevObjectVersion:   Dev-Physics (78F01B33-EBEA-4F98-B9B4-84EACCB95AA2): 0
LogDevObjectVersion:   Dev-Platform (6631380F-2D4D-43E0-8009-CF276956A95A): 0
LogDevObjectVersion:   Dev-Rendering (12F88B9F-8875-4AFC-A67C-D90C383ABD29): 25
LogDevObjectVersion:   Dev-Sequencer (7B5AE74C-D270-4C10-A958-57980B212A5A): 6
LogDevObjectVersion:   Dev-VR (D7296918-1DD6-4BDD-9DE2-64A83CC13884): 1
LogDevObjectVersion:   Dev-LoadTimes (C2A15278-BFE7-4AFE-6C17-90FF531DF755): 1
LogDevObjectVersion:   Private-Geometry (6EACA3D4-40EC-4CC1-B786-8BED09428FC5): 2
LogDevObjectVersion:   Dev-AnimPhys (29E575DD-E0A3-4627-9D10-D276232CDCEA): 16
LogDevObjectVersion:   Dev-ReflectionCapture (6B266CEC-1EC7-4B8F-A30B-E4D90942FC07): 1
LogDevObjectVersion:   Dev-Automation (0DF73D61-A23F-47EA-B727-89E90C41499A): 1
LogInit: Compiled (64-bit): May 14 2020 13:19:56
LogInit: Compiled with Visual C++: 19.16.27040.00
LogInit: Build Configuration: Development
LogInit: Branch Name: ++UE4+Release-4.19
LogInit: Command Line:  
LogInit: Base Directory: D:/UnrealEngine-FleX-4.19.2/UnrealEngine-FleX-4.19.2/Engine/Binaries/Win64/
LogInit: Installed Engine Build: 0
LogStreaming: Display: Took  0.000s to delete old logs.
LogInit: Presizing for max 8388607 objects, including 0 objects not considered by GC, pre-allocating 0 bytes for permanent pool.
LogInit: Object subsystem initialized
[2020.07.24-10.29.35:153][  0]LogInit: Selected Device Profile: [Windows]
[2020.07.24-10.29.35:153][  0]LogInit: Applying CVar settings loaded from the selected device profile: [Windows]
[2020.07.24-10.29.35:161][  0]LogInit: Computer: PC-GAMING-ALEXI
[2020.07.24-10.29.35:161][  0]LogInit: User: alexT
[2020.07.24-10.29.35:161][  0]LogInit: CPU Page size=4096, Cores=4
[2020.07.24-10.29.35:161][  0]LogInit: High frequency timer resolution =10.000000 MHz
[2020.07.24-10.29.35:161][  0]LogMemory: Memory total: Physical=7.9GB (8GB approx)
[2020.07.24-10.29.35:161][  0]LogMemory: Platform Memory Stats for Windows
[2020.07.24-10.29.35:161][  0]LogMemory: Process Physical Memory: 273.63 MB used, 273.64 MB peak
[2020.07.24-10.29.35:161][  0]LogMemory: Process Virtual Memory: 264.50 MB used, 264.50 MB peak
[2020.07.24-10.29.35:161][  0]LogMemory: Physical Memory: 4963.97 MB used,  3080.00 MB free, 8043.97 MB total
[2020.07.24-10.29.35:161][  0]LogMemory: Virtual Memory: 4775.46 MB used,  3080.00 MB free, 134217728.00 MB total
[2020.07.24-10.29.35:183][  0]LogInit: Using OS detected language (fr-FR).
[2020.07.24-10.29.35:183][  0]LogInit: Using OS detected locale (fr-FR).
[2020.07.24-10.29.35:188][  0]LogTextLocalizationManager: No localization for 'fr-FR' exists, so 'en' will be used for the language.
[2020.07.24-10.29.35:543][  0]LogStreaming: Display: Took  0.359s to EndInitTextLocalization.
[2020.07.24-10.29.35:543][  0]LogInit: Setting process to per monitor DPI aware
[2020.07.24-10.29.35:579][  0]LogSlate: New Slate User Created.  User Index 0, Is Virtual User: 0
[2020.07.24-10.29.35:579][  0]LogSlate: Slate User Registered.  User Index 0, Is Virtual User: 0
[2020.07.24-10.29.35:887][  0]LogD3D11RHI: D3D11 adapters:
[2020.07.24-10.29.35:956][  0]LogD3D11RHI:    0. 'NVIDIA GeForce GTX 1050' (Feature Level 11_0)
[2020.07.24-10.29.35:956][  0]LogD3D11RHI:       4019/0/4021 MB DedicatedVideo/DedicatedSystem/SharedSystem, Outputs:1, VendorId:0x10de
[2020.07.24-10.29.35:972][  0]LogD3D11RHI:    1. 'Intel(R) UHD Graphics 630' (Feature Level 11_0)
[2020.07.24-10.29.35:972][  0]LogD3D11RHI:       128/0/4021 MB DedicatedVideo/DedicatedSystem/SharedSystem, Outputs:0, VendorId:0x8086
[2020.07.24-10.29.35:974][  0]LogD3D11RHI:    2. 'Microsoft Basic Render Driver' (Feature Level 11_0)
[2020.07.24-10.29.35:974][  0]LogD3D11RHI:       0/0/4021 MB DedicatedVideo/DedicatedSystem/SharedSystem, Outputs:0, VendorId:0x1414
[2020.07.24-10.29.35:974][  0]LogD3D11RHI: Chosen D3D11 Adapter: 0
[2020.07.24-10.29.36:001][  0]LogD3D11RHI: Creating new Direct3DDevice
[2020.07.24-10.29.36:001][  0]LogD3D11RHI:     GPU DeviceId: 0x1c8d (for the marketing name, search the web for "GPU Device Id")
[2020.07.24-10.29.36:001][  0]LogWindows: EnumDisplayDevices:
[2020.07.24-10.29.36:001][  0]LogWindows:    0. 'Intel(R) UHD Graphics 630' (P:1 D:1)
[2020.07.24-10.29.36:001][  0]LogWindows:    1. 'Intel(R) UHD Graphics 630' (P:0 D:0)
[2020.07.24-10.29.36:002][  0]LogWindows:    2. 'Intel(R) UHD Graphics 630' (P:0 D:0)
[2020.07.24-10.29.36:002][  0]LogWindows:    3. 'NVIDIA GeForce GTX 1050' (P:0 D:0)
[2020.07.24-10.29.36:002][  0]LogWindows: DebugString: GetVideoDriverDetailsInvalid PrimaryIsNotTheChoosenAdapter GetVideoDriverDetailsInvalid PrimaryIsNotTheChoosenAdapter GetVideoDriverDetailsInvalid PrimaryIsNotTheChoosenAdapter GetVideoDriverDetailsInvalid PrimaryIsNotTheChoosenAdapter FoundDriverCount:0 
[2020.07.24-10.29.36:002][  0]LogD3D11RHI:     Adapter Name: NVIDIA GeForce GTX 1050
[2020.07.24-10.29.36:002][  0]LogD3D11RHI:   Driver Version: Unknown (internal:Unknown, unified:Unknown)
[2020.07.24-10.29.36:002][  0]LogD3D11RHI:      Driver Date: Unknown
[2020.07.24-10.29.36:002][  0]LogRHI: Texture pool is 2813 MB (70% of 4019 MB)
[2020.07.24-10.29.36:045][  0]LogD3D11RHI: [Aftermath] Aftermath enabled and primed
[2020.07.24-10.29.36:045][  0]LogD3D11RHI: [Aftermath] Aftermath enabled and primed
[2020.07.24-10.29.36:045][  0]LogD3D11RHI: Async texture creation enabled
[2020.07.24-10.29.36:060][  0]LogD3D11RHI: GPU Timing Frequency: 1000.000000 (Debug: 2 1)
[2020.07.24-10.29.36:126][  0]LogFlex: Display: Initialized Flex with GPU: NVIDIA GeForce GTX 1050
[2020.07.24-10.29.36:126][  0]LogShaderCompilers: Guid format shader working directory is -47 characters bigger than the processId version (C:/Users/alexT/OneDrive/Documents/Unreal Projects/Multitanks_fluid_simulation/UE4_Multitanks/Intermediate/Shaders/WorkingDirectory/19732/).
[2020.07.24-10.29.36:126][  0]LogShaderCompilers: Cleaned the shader compiler working directory 'C:/Users/alexT/AppData/Local/Temp/UnrealShaderWorkingDir/60A57DD743920685490979B25AE0DD30/'.
[2020.07.24-10.29.36:475][  0]LogTemp: Display: Loaded TP AllDesktopTargetPlatform
[2020.07.24-10.29.36:484][  0]LogTemp: Display: Loaded TP MacClientTargetPlatform
[2020.07.24-10.29.36:494][  0]LogTemp: Display: Loaded TP MacNoEditorTargetPlatform
[2020.07.24-10.29.36:503][  0]LogTemp: Display: Loaded TP MacServerTargetPlatform
[2020.07.24-10.29.36:513][  0]LogTemp: Display: Loaded TP MacTargetPlatform
[2020.07.24-10.29.36:522][  0]LogTemp: Display: Loaded TP WindowsClientTargetPlatform
[2020.07.24-10.29.36:531][  0]LogTemp: Display: Loaded TP WindowsNoEditorTargetPlatform
[2020.07.24-10.29.36:542][  0]LogTemp: Display: Loaded TP WindowsServerTargetPlatform
[2020.07.24-10.29.36:546][  0]LogTemp: Display: Loaded TP WindowsTargetPlatform
[2020.07.24-10.29.36:555][  0]LogTemp: Display: Loaded TP Android_ASTCTargetPlatform
[2020.07.24-10.29.36:563][  0]LogTemp: Display: Loaded TP Android_ATCTargetPlatform
[2020.07.24-10.29.36:572][  0]LogTemp: Display: Loaded TP Android_DXTTargetPlatform
[2020.07.24-10.29.36:581][  0]LogTemp: Display: Loaded TP Android_ETC1aTargetPlatform
[2020.07.24-10.29.36:589][  0]LogTemp: Display: Loaded TP Android_ETC1TargetPlatform
[2020.07.24-10.29.36:598][  0]LogTemp: Display: Loaded TP Android_ETC2TargetPlatform
[2020.07.24-10.29.36:615][  0]LogTemp: Display: Loaded TP Android_MultiTargetPlatform
[2020.07.24-10.29.36:615][  0]LogTemp: Display: Loaded TP Android_PVRTCTargetPlatform
[2020.07.24-10.29.36:624][  0]LogTemp: Display: Loaded TP AndroidTargetPlatform
[2020.07.24-10.29.36:625][  0]LogTemp: Display: Loaded TP HTML5TargetPlatform
[2020.07.24-10.29.36:658][  0]LogTemp: Display: Loaded TP IOSTargetPlatform
[2020.07.24-10.29.36:666][  0]LogTemp: Display: Loaded TP TVOSTargetPlatform
[2020.07.24-10.29.36:666][  0]LogTargetPlatformManager: Display: Building Assets For Windows
[2020.07.24-10.29.36:777][  0]LogXGEController: Cleaning working directory: C:/Users/alexT/AppData/Local/Temp/UnrealXGEWorkingDir/
[2020.07.24-10.29.36:777][  0]LogXGEController: Cannot use XGE Controller as Incredibuild is not installed on this machine.
[2020.07.24-10.29.36:777][  0]LogShaderCompilers: Cannot use XGE Shader Compiler as Incredibuild is not installed on this machine.
[2020.07.24-10.29.36:777][  0]LogShaderCompilers: Display: Using Local Shader Compiler.
[2020.07.24-10.29.37:377][  0]LogDerivedDataCache: Display: Max Cache Size: 512 MB
[2020.07.24-10.29.37:441][  0]LogDerivedDataCache: Loaded boot cache 0.06s 77MB C:/Users/alexT/OneDrive/Documents/Unreal Projects/Multitanks_fluid_simulation/UE4_Multitanks/DerivedDataCache/Boot.ddc.
[2020.07.24-10.29.37:441][  0]LogDerivedDataCache: Display: Loaded Boot cache: C:/Users/alexT/OneDrive/Documents/Unreal Projects/Multitanks_fluid_simulation/UE4_Multitanks/DerivedDataCache/Boot.ddc
[2020.07.24-10.29.37:442][  0]LogDerivedDataCache: FDerivedDataBackendGraph:  Pak pak cache file C:/Users/alexT/OneDrive/Documents/Unreal Projects/Multitanks_fluid_simulation/UE4_Multitanks/DerivedDataCache/DDC.ddp not found, will not use a pak cache.
[2020.07.24-10.29.37:442][  0]LogDerivedDataCache: Unable to find inner node Pak for hierarchical cache Hierarchy.
[2020.07.24-10.29.37:442][  0]LogDerivedDataCache: FDerivedDataBackendGraph:  EnginePak pak cache file ../../../Engine/DerivedDataCache/DDC.ddp not found, will not use a pak cache.
[2020.07.24-10.29.37:442][  0]LogDerivedDataCache: Unable to find inner node EnginePak for hierarchical cache Hierarchy.
[2020.07.24-10.29.37:454][  0]LogDerivedDataCache: Using Local data cache path ../../../Engine/DerivedDataCache: Writable
[2020.07.24-10.29.37:454][  0]LogDerivedDataCache: Shared data cache path not found in *engine.ini, will not use an Shared cache.
[2020.07.24-10.29.37:454][  0]LogDerivedDataCache: Unable to find inner node Shared for hierarchical cache Hierarchy.
[2020.07.24-10.29.37:465][  0]LogMaterial: Verifying Global Shaders for PCD3D_SM5
[2020.07.24-10.29.37:465][  0]LogSlate: Using Freetype 2.6.0
[2020.07.24-10.29.37:466][  0]LogSlate: SlateFontCache - WITH_FREETYPE: 1, WITH_HARFBUZZ: 1
[2020.07.24-10.29.37:466][  0]LogSlate: SlateFontCache - WITH_FREETYPE: 1, WITH_HARFBUZZ: 1
[2020.07.24-10.29.37:602][  0]LogAssetRegistry: FAssetRegistry took 0.0257 seconds to start up
[2020.07.24-10.29.37:849][  0]LogInit: Selected Device Profile: [Windows]
[2020.07.24-10.29.38:061][  0]LogMeshReduction: Using QuadricMeshReduction for automatic static mesh reduction
[2020.07.24-10.29.38:061][  0]LogMeshReduction: No automatic skeletal mesh reduction module available
[2020.07.24-10.29.38:061][  0]LogMeshReduction: No automatic mesh merging module available
[2020.07.24-10.29.38:061][  0]LogMeshReduction: No distributed automatic mesh merging module available
[2020.07.24-10.29.38:061][  0]LogMeshMerging: No automatic mesh merging module available
[2020.07.24-10.29.38:061][  0]LogMeshMerging: No distributed automatic mesh merging module available
[2020.07.24-10.29.38:095][  0]LogNetVersion: UE4_Multitanks , NetCL: 0, EngineNetVer: 2, GameNetVer: 0 (Checksum: 792874131)
[2020.07.24-10.29.38:483][  0]LogPackageLocalizationCache: Processed 9 localized package path(s) for 1 prioritized culture(s) in 0.036817 seconds
[2020.07.24-10.29.38:488][  0]LogUObjectArray: 36945 objects as part of root set at end of initial load.
[2020.07.24-10.29.38:488][  0]LogUObjectAllocator: 7383288 out of 0 bytes used by permanent object pool.
[2020.07.24-10.29.38:488][  0]LogUObjectArray: CloseDisregardForGC: 0/0 objects in disregard for GC pool
[2020.07.24-10.29.39:008][  0]LogStreaming: Warning: Failed to read file '../../../Engine/Content/Editor/Slate/Launcher/Mac/Platform_Mac_24x.png' error.
[2020.07.24-10.29.39:008][  0]LogSlate: Could not find file for Slate resource: ../../../Engine/Content/Editor/Slate/Launcher/Mac/Platform_Mac_24x.png
[2020.07.24-10.29.39:008][  0]LogStreaming: Warning: Failed to read file '../../../Engine/Content/Editor/Slate/Launcher/Mac/Platform_Mac_128x.png' error.
[2020.07.24-10.29.39:008][  0]LogSlate: Could not find file for Slate resource: ../../../Engine/Content/Editor/Slate/Launcher/Mac/Platform_Mac_128x.png
[2020.07.24-10.29.39:008][  0]LogStreaming: Warning: Failed to read file '../../../Engine/Content/Editor/Slate/Launcher/Mac/Platform_Mac_128x.png' error.
[2020.07.24-10.29.39:009][  0]LogSlate: Could not find file for Slate resource: ../../../Engine/Content/Editor/Slate/Launcher/Mac/Platform_Mac_128x.png
[2020.07.24-10.29.39:009][  0]LogStreaming: Warning: Failed to read file '../../../Engine/Content/Editor/Slate/Launcher/Mac/Platform_Mac_24x.png' error.
[2020.07.24-10.29.39:009][  0]LogSlate: Could not find file for Slate resource: ../../../Engine/Content/Editor/Slate/Launcher/Mac/Platform_Mac_24x.png
[2020.07.24-10.29.39:009][  0]LogStreaming: Warning: Failed to read file '../../../Engine/Content/Editor/Slate/Launcher/Mac/Platform_Mac_128x.png' error.
[2020.07.24-10.29.39:009][  0]LogSlate: Could not find file for Slate resource: ../../../Engine/Content/Editor/Slate/Launcher/Mac/Platform_Mac_128x.png
[2020.07.24-10.29.39:009][  0]LogStreaming: Warning: Failed to read file '../../../Engine/Content/Editor/Slate/Launcher/Mac/Platform_Mac_128x.png' error.
[2020.07.24-10.29.39:009][  0]LogSlate: Could not find file for Slate resource: ../../../Engine/Content/Editor/Slate/Launcher/Mac/Platform_Mac_128x.png
[2020.07.24-10.29.39:009][  0]LogStreaming: Warning: Failed to read file '../../../Engine/Content/Editor/Slate/Launcher/Mac/Platform_Mac_24x.png' error.
[2020.07.24-10.29.39:009][  0]LogSlate: Could not find file for Slate resource: ../../../Engine/Content/Editor/Slate/Launcher/Mac/Platform_Mac_24x.png
[2020.07.24-10.29.39:009][  0]LogStreaming: Warning: Failed to read file '../../../Engine/Content/Editor/Slate/Launcher/Mac/Platform_Mac_128x.png' error.
[2020.07.24-10.29.39:009][  0]LogSlate: Could not find file for Slate resource: ../../../Engine/Content/Editor/Slate/Launcher/Mac/Platform_Mac_128x.png
[2020.07.24-10.29.39:009][  0]LogStreaming: Warning: Failed to read file '../../../Engine/Content/Editor/Slate/Launcher/Mac/Platform_Mac_128x.png' error.
[2020.07.24-10.29.39:009][  0]LogSlate: Could not find file for Slate resource: ../../../Engine/Content/Editor/Slate/Launcher/Mac/Platform_Mac_128x.png
[2020.07.24-10.29.39:009][  0]LogStreaming: Warning: Failed to read file '../../../Engine/Content/Editor/Slate/Launcher/Mac/Platform_Mac_24x.png' error.
[2020.07.24-10.29.39:009][  0]LogSlate: Could not find file for Slate resource: ../../../Engine/Content/Editor/Slate/Launcher/Mac/Platform_Mac_24x.png
[2020.07.24-10.29.39:009][  0]LogStreaming: Warning: Failed to read file '../../../Engine/Content/Editor/Slate/Launcher/Mac/Platform_Mac_128x.png' error.
[2020.07.24-10.29.39:009][  0]LogSlate: Could not find file for Slate resource: ../../../Engine/Content/Editor/Slate/Launcher/Mac/Platform_Mac_128x.png
[2020.07.24-10.29.39:009][  0]LogStreaming: Warning: Failed to read file '../../../Engine/Content/Editor/Slate/Launcher/Mac/Platform_Mac_128x.png' error.
[2020.07.24-10.29.39:009][  0]LogSlate: Could not find file for Slate resource: ../../../Engine/Content/Editor/Slate/Launcher/Mac/Platform_Mac_128x.png
[2020.07.24-10.29.39:009][  0]LogStreaming: Warning: Failed to read file '../../../Engine/Content/Editor/Slate/Launcher/Linux/Platform_Linux_24x.png' error.
[2020.07.24-10.29.39:009][  0]LogSlate: Could not find file for Slate resource: ../../../Engine/Content/Editor/Slate/Launcher/Linux/Platform_Linux_24x.png
[2020.07.24-10.29.39:009][  0]LogStreaming: Warning: Failed to read file '../../../Engine/Content/Editor/Slate/Launcher/Linux/Platform_Linux_128x.png' error.
[2020.07.24-10.29.39:009][  0]LogSlate: Could not find file for Slate resource: ../../../Engine/Content/Editor/Slate/Launcher/Linux/Platform_Linux_128x.png
[2020.07.24-10.29.39:009][  0]LogStreaming: Warning: Failed to read file '../../../Engine/Content/Editor/Slate/Launcher/Linux/Platform_Linux_128x.png' error.
[2020.07.24-10.29.39:009][  0]LogSlate: Could not find file for Slate resource: ../../../Engine/Content/Editor/Slate/Launcher/Linux/Platform_Linux_128x.png
[2020.07.24-10.29.39:009][  0]LogStreaming: Warning: Failed to read file '../../../Engine/Content/Editor/Slate/Launcher/Linux/Platform_Linux_24x.png' error.
[2020.07.24-10.29.39:009][  0]LogSlate: Could not find file for Slate resource: ../../../Engine/Content/Editor/Slate/Launcher/Linux/Platform_Linux_24x.png
[2020.07.24-10.29.39:009][  0]LogStreaming: Warning: Failed to read file '../../../Engine/Content/Editor/Slate/Launcher/Linux/Platform_Linux_128x.png' error.
[2020.07.24-10.29.39:009][  0]LogSlate: Could not find file for Slate resource: ../../../Engine/Content/Editor/Slate/Launcher/Linux/Platform_Linux_128x.png
[2020.07.24-10.29.39:009][  0]LogStreaming: Warning: Failed to read file '../../../Engine/Content/Editor/Slate/Launcher/Linux/Platform_Linux_128x.png' error.
[2020.07.24-10.29.39:009][  0]LogSlate: Could not find file for Slate resource: ../../../Engine/Content/Editor/Slate/Launcher/Linux/Platform_Linux_128x.png
[2020.07.24-10.29.39:009][  0]LogStreaming: Warning: Failed to read file '../../../Engine/Content/Editor/Slate/Launcher/Linux/Platform_Linux_24x.png' error.
[2020.07.24-10.29.39:009][  0]LogSlate: Could not find file for Slate resource: ../../../Engine/Content/Editor/Slate/Launcher/Linux/Platform_Linux_24x.png
[2020.07.24-10.29.39:009][  0]LogStreaming: Warning: Failed to read file '../../../Engine/Content/Editor/Slate/Launcher/Linux/Platform_Linux_128x.png' error.
[2020.07.24-10.29.39:009][  0]LogSlate: Could not find file for Slate resource: ../../../Engine/Content/Editor/Slate/Launcher/Linux/Platform_Linux_128x.png
[2020.07.24-10.29.39:009][  0]LogStreaming: Warning: Failed to read file '../../../Engine/Content/Editor/Slate/Launcher/Linux/Platform_Linux_128x.png' error.
[2020.07.24-10.29.39:010][  0]LogSlate: Could not find file for Slate resource: ../../../Engine/Content/Editor/Slate/Launcher/Linux/Platform_Linux_128x.png
[2020.07.24-10.29.39:010][  0]LogStreaming: Warning: Failed to read file '../../../Engine/Content/Editor/Slate/Launcher/Linux/Platform_Linux_24x.png' error.
[2020.07.24-10.29.39:010][  0]LogSlate: Could not find file for Slate resource: ../../../Engine/Content/Editor/Slate/Launcher/Linux/Platform_Linux_24x.png
[2020.07.24-10.29.39:010][  0]LogStreaming: Warning: Failed to read file '../../../Engine/Content/Editor/Slate/Launcher/Linux/Platform_Linux_128x.png' error.
[2020.07.24-10.29.39:010][  0]LogSlate: Could not find file for Slate resource: ../../../Engine/Content/Editor/Slate/Launcher/Linux/Platform_Linux_128x.png
[2020.07.24-10.29.39:010][  0]LogStreaming: Warning: Failed to read file '../../../Engine/Content/Editor/Slate/Launcher/Linux/Platform_Linux_128x.png' error.
[2020.07.24-10.29.39:010][  0]LogSlate: Could not find file for Slate resource: ../../../Engine/Content/Editor/Slate/Launcher/Linux/Platform_Linux_128x.png
[2020.07.24-10.29.39:010][  0]LogStreaming: Warning: Failed to read file '../../../Engine/Content/Editor/Slate/Launcher/Android/Platform_Android_24x.png' error.
[2020.07.24-10.29.39:010][  0]LogSlate: Could not find file for Slate resource: ../../../Engine/Content/Editor/Slate/Launcher/Android/Platform_Android_24x.png
[2020.07.24-10.29.39:010][  0]LogStreaming: Warning: Failed to read file '../../../Engine/Content/Editor/Slate/Launcher/Android/Platform_Android_128x.png' error.
[2020.07.24-10.29.39:010][  0]LogSlate: Could not find file for Slate resource: ../../../Engine/Content/Editor/Slate/Launcher/Android/Platform_Android_128x.png
[2020.07.24-10.29.39:010][  0]LogStreaming: Warning: Failed to read file '../../../Engine/Content/Editor/Slate/Launcher/Android/Platform_Android_128x.png' error.
[2020.07.24-10.29.39:010][  0]LogSlate: Could not find file for Slate resource: ../../../Engine/Content/Editor/Slate/Launcher/Android/Platform_Android_128x.png
[2020.07.24-10.29.39:010][  0]LogStreaming: Warning: Failed to read file '../../../Engine/Content/Editor/Slate/Launcher/Android/Platform_Android_24x.png' error.
[2020.07.24-10.29.39:010][  0]LogSlate: Could not find file for Slate resource: ../../../Engine/Content/Editor/Slate/Launcher/Android/Platform_Android_24x.png
[2020.07.24-10.29.39:011][  0]LogStreaming: Warning: Failed to read file '../../../Engine/Content/Editor/Slate/Launcher/Android/Platform_Android_128x.png' error.
[2020.07.24-10.29.39:011][  0]LogSlate: Could not find file for Slate resource: ../../../Engine/Content/Editor/Slate/Launcher/Android/Platform_Android_128x.png
[2020.07.24-10.29.39:011][  0]LogStreaming: Warning: Failed to read file '../../../Engine/Content/Editor/Slate/Launcher/Android/Platform_Android_128x.png' error.
[2020.07.24-10.29.39:011][  0]LogSlate: Could not find file for Slate resource: ../../../Engine/Content/Editor/Slate/Launcher/Android/Platform_Android_128x.png
[2020.07.24-10.29.39:011][  0]LogStreaming: Warning: Failed to read file '../../../Engine/Content/Editor/Slate/Launcher/Android/Platform_Android_ATC_24x.png' error.
[2020.07.24-10.29.39:011][  0]LogSlate: Could not find file for Slate resource: ../../../Engine/Content/Editor/Slate/Launcher/Android/Platform_Android_ATC_24x.png
[2020.07.24-10.29.39:011][  0]LogStreaming: Warning: Failed to read file '../../../Engine/Content/Editor/Slate/Launcher/Android/Platform_Android_128x.png' error.
[2020.07.24-10.29.39:011][  0]LogSlate: Could not find file for Slate resource: ../../../Engine/Content/Editor/Slate/Launcher/Android/Platform_Android_128x.png
[2020.07.24-10.29.39:011][  0]LogStreaming: Warning: Failed to read file '../../../Engine/Content/Editor/Slate/Launcher/Android/Platform_Android_128x.png' error.
[2020.07.24-10.29.39:011][  0]LogSlate: Could not find file for Slate resource: ../../../Engine/Content/Editor/Slate/Launcher/Android/Platform_Android_128x.png
[2020.07.24-10.29.39:011][  0]LogStreaming: Warning: Failed to read file '../../../Engine/Content/Editor/Slate/Launcher/Android/Platform_Android_DXT_24x.png' error.
[2020.07.24-10.29.39:011][  0]LogSlate: Could not find file for Slate resource: ../../../Engine/Content/Editor/Slate/Launcher/Android/Platform_Android_DXT_24x.png
[2020.07.24-10.29.39:011][  0]LogStreaming: Warning: Failed to read file '../../../Engine/Content/Editor/Slate/Launcher/Android/Platform_Android_128x.png' error.
[2020.07.24-10.29.39:011][  0]LogSlate: Could not find file for Slate resource: ../../../Engine/Content/Editor/Slate/Launcher/Android/Platform_Android_128x.png
[2020.07.24-10.29.39:011][  0]LogStreaming: Warning: Failed to read file '../../../Engine/Content/Editor/Slate/Launcher/Android/Platform_Android_128x.png' error.
[2020.07.24-10.29.39:011][  0]LogSlate: Could not find file for Slate resource: ../../../Engine/Content/Editor/Slate/Launcher/Android/Platform_Android_128x.png
[2020.07.24-10.29.39:011][  0]LogStreaming: Warning: Failed to read file '../../../Engine/Content/Editor/Slate/Launcher/Android/Platform_Android_ETC1_24x.png' error.
[2020.07.24-10.29.39:011][  0]LogSlate: Could not find file for Slate resource: ../../../Engine/Content/Editor/Slate/Launcher/Android/Platform_Android_ETC1_24x.png
[2020.07.24-10.29.39:011][  0]LogStreaming: Warning: Failed to read file '../../../Engine/Content/Editor/Slate/Launcher/Android/Platform_Android_128x.png' error.
[2020.07.24-10.29.39:011][  0]LogSlate: Could not find file for Slate resource: ../../../Engine/Content/Editor/Slate/Launcher/Android/Platform_Android_128x.png
[2020.07.24-10.29.39:011][  0]LogStreaming: Warning: Failed to read file '../../../Engine/Content/Editor/Slate/Launcher/Android/Platform_Android_128x.png' error.
[2020.07.24-10.29.39:011][  0]LogSlate: Could not find file for Slate resource: ../../../Engine/Content/Editor/Slate/Launcher/Android/Platform_Android_128x.png
[2020.07.24-10.29.39:011][  0]LogStreaming: Warning: Failed to read file '../../../Engine/Content/Editor/Slate/Launcher/Android/Platform_Android_ETC2_24x.png' error.
[2020.07.24-10.29.39:011][  0]LogSlate: Could not find file for Slate resource: ../../../Engine/Content/Editor/Slate/Launcher/Android/Platform_Android_ETC2_24x.png
[2020.07.24-10.29.39:011][  0]LogStreaming: Warning: Failed to read file '../../../Engine/Content/Editor/Slate/Launcher/Android/Platform_Android_128x.png' error.
[2020.07.24-10.29.39:011][  0]LogSlate: Could not find file for Slate resource: ../../../Engine/Content/Editor/Slate/Launcher/Android/Platform_Android_128x.png
[2020.07.24-10.29.39:011][  0]LogStreaming: Warning: Failed to read file '../../../Engine/Content/Editor/Slate/Launcher/Android/Platform_Android_128x.png' error.
[2020.07.24-10.29.39:011][  0]LogSlate: Could not find file for Slate resource: ../../../Engine/Content/Editor/Slate/Launcher/Android/Platform_Android_128x.png
[2020.07.24-10.29.39:011][  0]LogStreaming: Warning: Failed to read file '../../../Engine/Content/Editor/Slate/Launcher/Android/Platform_Android_ETC2_24x.png' error.
[2020.07.24-10.29.39:011][  0]LogSlate: Could not find file for Slate resource: ../../../Engine/Content/Editor/Slate/Launcher/Android/Platform_Android_ETC2_24x.png
[2020.07.24-10.29.39:011][  0]LogStreaming: Warning: Failed to read file '../../../Engine/Content/Editor/Slate/Launcher/Android/Platform_Android_128x.png' error.
[2020.07.24-10.29.39:011][  0]LogSlate: Could not find file for Slate resource: ../../../Engine/Content/Editor/Slate/Launcher/Android/Platform_Android_128x.png
[2020.07.24-10.29.39:011][  0]LogStreaming: Warning: Failed to read file '../../../Engine/Content/Editor/Slate/Launcher/Android/Platform_Android_128x.png' error.
[2020.07.24-10.29.39:011][  0]LogSlate: Could not find file for Slate resource: ../../../Engine/Content/Editor/Slate/Launcher/Android/Platform_Android_128x.png
[2020.07.24-10.29.39:011][  0]LogStreaming: Warning: Failed to read file '../../../Engine/Content/Editor/Slate/Launcher/Android/Platform_Android_PVRTC_24x.png' error.
[2020.07.24-10.29.39:011][  0]LogSlate: Could not find file for Slate resource: ../../../Engine/Content/Editor/Slate/Launcher/Android/Platform_Android_PVRTC_24x.png
[2020.07.24-10.29.39:012][  0]LogStreaming: Warning: Failed to read file '../../../Engine/Content/Editor/Slate/Launcher/Android/Platform_Android_128x.png' error.
[2020.07.24-10.29.39:012][  0]LogSlate: Could not find file for Slate resource: ../../../Engine/Content/Editor/Slate/Launcher/Android/Platform_Android_128x.png
[2020.07.24-10.29.39:012][  0]LogStreaming: Warning: Failed to read file '../../../Engine/Content/Editor/Slate/Launcher/Android/Platform_Android_128x.png' error.
[2020.07.24-10.29.39:012][  0]LogSlate: Could not find file for Slate resource: ../../../Engine/Content/Editor/Slate/Launcher/Android/Platform_Android_128x.png
[2020.07.24-10.29.39:012][  0]LogStreaming: Warning: Failed to read file '../../../Engine/Content/Editor/Slate/Launcher/Android/Platform_Android_ASTC_24x.png' error.
[2020.07.24-10.29.39:012][  0]LogSlate: Could not find file for Slate resource: ../../../Engine/Content/Editor/Slate/Launcher/Android/Platform_Android_ASTC_24x.png
[2020.07.24-10.29.39:012][  0]LogStreaming: Warning: Failed to read file '../../../Engine/Content/Editor/Slate/Launcher/Android/Platform_Android_128x.png' error.
[2020.07.24-10.29.39:012][  0]LogSlate: Could not find file for Slate resource: ../../../Engine/Content/Editor/Slate/Launcher/Android/Platform_Android_128x.png
[2020.07.24-10.29.39:012][  0]LogStreaming: Warning: Failed to read file '../../../Engine/Content/Editor/Slate/Launcher/Android/Platform_Android_128x.png' error.
[2020.07.24-10.29.39:012][  0]LogSlate: Could not find file for Slate resource: ../../../Engine/Content/Editor/Slate/Launcher/Android/Platform_Android_128x.png
[2020.07.24-10.29.40:101][  0]LogTcpMessaging: Initializing TcpMessaging bridge
[2020.07.24-10.29.40:134][  0]LogUdpMessaging: Initializing bridge on interface 0.0.0.0:0 to multicast group 230.0.0.1:6666.
[2020.07.24-10.29.40:541][  0]SourceControl: Source control is disabled
[2020.07.24-10.29.40:541][  0]SourceControl: Source control is disabled
[2020.07.24-10.29.40:563][  0]SourceControl: Source control is disabled
[2020.07.24-10.29.40:585][  0]SourceControl: Source control is disabled
[2020.07.24-10.29.41:178][  0]LogAndroidPermission: UAndroidPermissionCallbackProxy::GetInstance
[2020.07.24-10.29.41:381][  0]LogOcInput: OculusInput pre-init called
[2020.07.24-10.29.41:492][  0]LogEngine: Initializing Engine...
[2020.07.24-10.29.41:493][  0]LogHMD: Failed to initialize OpenVR with code 110
[2020.07.24-10.29.41:494][  0]LogStats: UGameplayTagsManager::ConstructGameplayTagTree: Construct from data asset -  0.000 s
[2020.07.24-10.29.41:494][  0]LogStats: UGameplayTagsManager::ConstructGameplayTagTree: GameplayTagTreeChangedEvent.Broadcast -  0.000 s
[2020.07.24-10.29.41:723][  0]LogAIModule: Creating AISystem for world Untitled
[2020.07.24-10.29.41:756][  0]LogInit: XAudio2 using 'Casque pour téléphone (CORSAIR VIRTUOSO SE USB Gaming Headset)' : 6 channels at 48 kHz using 24 bits per sample (channel mask 0x3f)
[2020.07.24-10.29.41:936][  0]LogInit: FAudioDevice initialized.
[2020.07.24-10.29.42:110][  0]LogDerivedDataCache: Saved boot cache 0.17s 77MB C:/Users/alexT/OneDrive/Documents/Unreal Projects/Multitanks_fluid_simulation/UE4_Multitanks/DerivedDataCache/Boot.ddc.
[2020.07.24-10.29.42:122][  0]LogInit: Texture streaming: Enabled
[2020.07.24-10.29.42:137][  0]LogEngineSessionManager: EngineSessionManager initialized
[2020.07.24-10.29.42:148][  0]LogInit: Transaction tracking system initialized
[2020.07.24-10.29.42:164][  0]BlueprintLog: New page: Editor Load
[2020.07.24-10.29.42:221][  0]LocalizationService: Localization service is disabled
[2020.07.24-10.29.42:323][  0]LogConsoleResponse: Display: 
[2020.07.24-10.29.42:466][  0]LogCook: Display: Max memory allowance for cook 16384mb min free memory 0mb
[2020.07.24-10.29.42:466][  0]LogCook: Display: Mobile HDR setting 1
[2020.07.24-10.29.42:466][  0]LogGameplayTags: Display: UGameplayTagsManager::DoneAddingNativeTags. DelegateIsBound: 0
[2020.07.24-10.29.42:466][  0]LogStats: UGameplayTagsManager::ConstructGameplayTagTree: Construct from data asset -  0.000 s
[2020.07.24-10.29.42:466][  0]LogStats: UGameplayTagsManager::ConstructGameplayTagTree: GameplayTagTreeChangedEvent.Broadcast -  0.000 s
[2020.07.24-10.29.42:565][  0]LogFileCache: Scanning file cache for directory 'C:/Users/alexT/OneDrive/Documents/Unreal Projects/Multitanks_fluid_simulation/UE4_Multitanks/Content/' took 0.01s
[2020.07.24-10.29.42:879][  0]SourceControl: Source control is disabled
[2020.07.24-10.29.42:879][  0]Cmd: MAP LOAD FILE="C:/Users/alexT/OneDrive/Documents/Unreal Projects/Multitanks_fluid_simulation/UE4_Multitanks/Content/Level/Multi-tanks.umap" TEMPLATE=0 SHOWPROGRESS=1 FEATURELEVEL=3
[2020.07.24-10.29.42:879][  0]LightingResults: New page: Lighting Build
[2020.07.24-10.29.42:881][  0]MapCheck: New page: Map Check
[2020.07.24-10.29.42:881][  0]LightingResults: New page: Lighting Build
[2020.07.24-10.29.43:493][  0]LogAIModule: Creating AISystem for world Multi-tanks
[2020.07.24-10.29.43:499][  0]LogEditorServer: Finished looking for orphan Actors (0.000 secs)
[2020.07.24-10.29.43:509][  0]Cmd: MAP CHECKDEP NOCLEARLOG
[2020.07.24-10.29.43:569][  0]MapCheck: Map check complete: 0 Error(s), 0 Warning(s), took 59,356ms to complete.
[2020.07.24-10.29.43:569][  0]LogFileHelpers: Loading map 'Multi-tanks' took 0.690
[2020.07.24-10.29.43:793][  0]LogCollectionManager: Loaded 0 collections in 0.000988 seconds
[2020.07.24-10.29.43:834][  0]LogFileCache: Scanning file cache for directory 'C:/Users/alexT/OneDrive/Documents/Unreal Projects/Multitanks_fluid_simulation/UE4_Multitanks/Saved/Collections/' took 0.01s
[2020.07.24-10.29.43:834][  0]LogFileCache: Scanning file cache for directory 'C:/Users/alexT/OneDrive/Documents/Unreal Projects/Multitanks_fluid_simulation/UE4_Multitanks/Content/Developers/alexT/Collections/' took 0.01s
[2020.07.24-10.29.43:834][  0]LogFileCache: Scanning file cache for directory 'C:/Users/alexT/OneDrive/Documents/Unreal Projects/Multitanks_fluid_simulation/UE4_Multitanks/Content/Collections/' took 0.01s
[2020.07.24-10.29.43:834][  0]LogCollectionManager: Rebuilt the GUID cache for 0 collections in 0.000000 seconds
[2020.07.24-10.29.43:841][  0]LogContentBrowser: Native class hierarchy populated in 0.0075 seconds. Added 2478 classes and 562 folders.
[2020.07.24-10.29.43:846][  0]LogContentBrowser: Native class hierarchy updated for 'WidgetCarousel' in 0.0002 seconds. Added 0 classes and 0 folders.
[2020.07.24-10.29.43:902][  0]LogContentBrowser: Native class hierarchy updated for 'AddContentDialog' in 0.0002 seconds. Added 0 classes and 0 folders.
[2020.07.24-10.29.43:916][  0]LogContentBrowser: Native class hierarchy updated for 'SceneOutliner' in 0.0002 seconds. Added 1 classes and 2 folders.
[2020.07.24-10.29.43:928][  0]LogSlate: Took 0.000301 seconds to synchronously load lazily loaded font '../../../Engine/Content/Slate/Fonts/Roboto-Regular.ttf' (155K)
[2020.07.24-10.29.43:933][  0]LogSlate: Took 0.000295 seconds to synchronously load lazily loaded font '../../../Engine/Content/Slate/Fonts/Roboto-Bold.ttf' (160K)
[2020.07.24-10.29.43:936][  0]LogSlate: Took 0.000269 seconds to synchronously load lazily loaded font '../../../Engine/Content/Editor/Slate/Fonts/FontAwesome.ttf' (139K)
[2020.07.24-10.29.43:987][  0]LogRenderer: Reallocating scene render targets to support 1152x332 Format 10 NumSamples 1 (Frame:1).
[2020.07.24-10.29.44:200][  0]LogContentBrowser: Native class hierarchy updated for 'HierarchicalLODOutliner' in 0.0002 seconds. Added 0 classes and 0 folders.
[2020.07.24-10.29.44:200][  0]LogLoad: (Engine Initialization) Total time: 11.49 seconds
[2020.07.24-10.29.44:200][  0]LogLoad: (Engine Initialization) Total Blueprint compile time: 0.00 seconds
[2020.07.24-10.29.44:237][  0]LogContentStreaming: Texture pool size now 1000 MB
[2020.07.24-10.29.44:275][  0]LogSlate: Took 0.000235 seconds to synchronously load lazily loaded font '../../../Engine/Content/Slate/Fonts/Roboto-Light.ttf' (167K)
[2020.07.24-10.29.44:302][  1]LogAssetRegistry: Asset discovery search completed in 6.7224 seconds
[2020.07.24-10.29.44:303][  1]LogFlexEditor: FFlexEditorModule::OnFilesLoaded() ProjectFilePath = 'C:/Users/alexT/OneDrive/Documents/Unreal Projects/Multitanks_fluid_simulation/UE4_Multitanks/UE4_Multitanks.uproject'
[2020.07.24-10.29.44:303][  1]LogCollectionManager: Rebuilt the object cache for 0 collections in 0.000001 seconds (found 0 objects)
[2020.07.24-10.29.44:303][  1]LogCollectionManager: Fixed up redirectors for 0 collections in 0.000118 seconds (updated 0 objects)
[2020.07.24-10.29.48:174][221]LogSlate: FSceneViewport::OnFocusLost() reason 0
[2020.07.24-10.29.48:255][225]LogRenderer: Reallocating scene render targets to support 1152x336 Format 10 NumSamples 1 (Frame:223).
[2020.07.24-10.29.48:299][226]LogRenderer: Reallocating scene render targets to support 1152x344 Format 10 NumSamples 1 (Frame:225).
[2020.07.24-10.29.48:344][227]LogRenderer: Reallocating scene render targets to support 1152x364 Format 10 NumSamples 1 (Frame:227).
[2020.07.24-10.29.48:386][228]LogRenderer: Reallocating scene render targets to support 1152x380 Format 10 NumSamples 1 (Frame:229).
[2020.07.24-10.29.48:430][229]LogRenderer: Reallocating scene render targets to support 1152x396 Format 10 NumSamples 1 (Frame:231).
[2020.07.24-10.29.48:475][230]LogRenderer: Reallocating scene render targets to support 1152x416 Format 10 NumSamples 1 (Frame:233).
[2020.07.24-10.29.48:518][231]LogRenderer: Reallocating scene render targets to support 1152x440 Format 10 NumSamples 1 (Frame:235).
[2020.07.24-10.29.48:562][232]LogRenderer: Reallocating scene render targets to support 1152x472 Format 10 NumSamples 1 (Frame:237).
[2020.07.24-10.29.48:606][233]LogRenderer: Reallocating scene render targets to support 1152x520 Format 10 NumSamples 1 (Frame:239).
[2020.07.24-10.29.48:651][234]LogRenderer: Reallocating scene render targets to support 1152x580 Format 10 NumSamples 1 (Frame:241).
[2020.07.24-10.29.48:697][235]LogRenderer: Reallocating scene render targets to support 1152x620 Format 10 NumSamples 1 (Frame:243).
[2020.07.24-10.29.48:739][236]LogRenderer: Reallocating scene render targets to support 1152x680 Format 10 NumSamples 1 (Frame:245).
[2020.07.24-10.29.48:783][237]LogRenderer: Reallocating scene render targets to support 1152x716 Format 10 NumSamples 1 (Frame:247).
[2020.07.24-10.29.48:825][238]LogRenderer: Reallocating scene render targets to support 1152x748 Format 10 NumSamples 1 (Frame:249).
[2020.07.24-10.29.48:870][239]LogRenderer: Reallocating scene render targets to support 1152x764 Format 10 NumSamples 1 (Frame:251).
[2020.07.24-10.29.48:913][240]LogRenderer: Reallocating scene render targets to support 1152x780 Format 10 NumSamples 1 (Frame:253).
[2020.07.24-10.29.48:956][241]LogRenderer: Reallocating scene render targets to support 1152x784 Format 10 NumSamples 1 (Frame:255).
[2020.07.24-10.29.49:000][242]LogRenderer: Reallocating scene render targets to support 1152x788 Format 10 NumSamples 1 (Frame:257).
[2020.07.24-10.29.57:298][730]LogSlate: FSceneViewport::OnFocusLost() reason 0
[2020.07.24-10.30.06:293][265]LogSlate: FSceneViewport::OnFocusLost() reason 0
[2020.07.24-10.46.08:088][414]LogRenderer: Reallocating scene render targets to support 1152x800 Format 10 NumSamples 1 (Frame:1493).
[2020.07.24-10.46.08:130][415]LogRenderer: Reallocating scene render targets to support 1152x820 Format 10 NumSamples 1 (Frame:1495).
[2020.07.24-10.46.08:171][416]LogRenderer: Reallocating scene render targets to support 1152x840 Format 10 NumSamples 1 (Frame:1497).
[2020.07.24-10.46.08:213][417]LogRenderer: Reallocating scene render targets to support 1152x860 Format 10 NumSamples 1 (Frame:1499).
[2020.07.24-10.46.08:252][418]LogRenderer: Reallocating scene render targets to support 1152x872 Format 10 NumSamples 1 (Frame:1501).
[2020.07.24-10.46.08:331][420]LogRenderer: Reallocating scene render targets to support 1152x876 Format 10 NumSamples 1 (Frame:1505).
[2020.07.24-10.46.08:404][422]LogRenderer: Reallocating scene render targets to support 1152x880 Format 10 NumSamples 1 (Frame:1509).
[2020.07.24-10.46.08:444][423]LogRenderer: Reallocating scene render targets to support 1152x888 Format 10 NumSamples 1 (Frame:1511).
[2020.07.24-10.46.08:487][424]LogRenderer: Reallocating scene render targets to support 1152x900 Format 10 NumSamples 1 (Frame:1513).
[2020.07.24-10.46.17:484][951]LogEditorViewport: Clicking on Actor (context menu): StaticMeshActor (Floor)
[2020.07.24-10.46.17:566][951]LogSlate: FSceneViewport::OnFocusLost() reason 2
[2020.07.24-10.46.18:044][976]LogEditorViewport: Clicking on Actor (context menu): StaticMeshActor (MultiTanks_Square_pipes)
[2020.07.24-10.46.18:092][976]LogSlate: FSceneViewport::OnFocusLost() reason 2
[2020.07.24-10.46.18:809][ 16]LogEditorViewport: Clicking on Actor (LMB): StaticMeshActor (Floor)
[2020.07.24-10.46.29:596][654]LogEditorViewport: Clicking on Actor (context menu): StaticMeshActor (Floor)
[2020.07.24-10.46.29:627][654]LogSlate: FSceneViewport::OnFocusLost() reason 2
[2020.07.24-10.46.30:608][713]LogEditorViewport: Clicking on Actor (LMB): StaticMeshActor (Floor)
[2020.07.24-10.46.40:736][315]LogEditorViewport: Clicking on Actor (LMB): BP_Sky_Sphere_C (Sky Sphere)
[2020.07.24-10.47.05:716][162]LogSlate: Took 0.040143 seconds to synchronously load lazily loaded font '../../../Engine/Content/Slate/Fonts/Roboto-Italic.ttf' (157K)
[2020.07.24-10.47.10:449][444]LogSlate: FSceneViewport::OnFocusLost() reason 0
[2020.07.24-10.47.36:525][526]LogSlate: Took 0.000273 seconds to synchronously load lazily loaded font '../../../Engine/Content/Slate/Fonts/Roboto-Light.ttf' (167K)
[2020.07.24-10.47.36:610][526]LogSavePackage: Save=36.81ms
[2020.07.24-10.47.36:610][526]LogSavePackage: Moving 'C:/Users/alexT/OneDrive/Documents/Unreal Projects/Multitanks_fluid_simulation/UE4_Multitanks/Saved/Multi-tanks_Auto18409645C4C7578928DBB52821425AC9E.tmp' to 'C:/Users/alexT/OneDrive/Documents/Unreal Projects/Multitanks_fluid_simulation/UE4_Multitanks/Saved/Autosaves/Game/Level/Multi-tanks_Auto1.umap'
[2020.07.24-10.47.36:612][526]LogSavePackage: Display: Finished SavePackage C:/Users/alexT/OneDrive/Documents/Unreal Projects/Multitanks_fluid_simulation/UE4_Multitanks/Saved/Autosaves/Game/Level/Multi-tanks_Auto1.umap
[2020.07.24-10.47.36:614][526]LogFileHelpers: Editor autosave (incl. sublevels) for '/Game/Level/Multi-tanks' took 0.058
[2020.07.24-10.47.36:614][526]LogFileHelpers: Editor autosave (incl. sublevels) for all levels took 0.058
[2020.07.24-10.49.34:230][885]LogEditorViewport: Clicking on Actor (LMB): StaticMeshActor (MultiTanks_Square_pipes)
[2020.07.24-10.49.36:803][941]LogSlate: FSceneViewport::OnFocusLost() reason 0
[2020.07.24-10.50.08:008][512]LogRenderer: Reallocating scene render targets to support 1152x936 Format 10 NumSamples 1 (Frame:575).
[2020.07.24-10.50.08:080][512]LogRenderer: Reallocating scene render targets to support 1152x952 Format 10 NumSamples 1 (Frame:576).
[2020.07.24-10.50.08:160][512]LogRenderer: Reallocating scene render targets to support 1152x960 Format 10 NumSamples 1 (Frame:577).
[2020.07.24-10.50.08:228][512]LogRenderer: Reallocating scene render targets to support 1152x964 Format 10 NumSamples 1 (Frame:578).
[2020.07.24-10.50.46:975][214]LogSlate: FSceneViewport::OnFocusLost() reason 0
[2020.07.24-10.50.48:089][278]LogSlate: FSceneViewport::OnFocusLost() reason 0
[2020.07.24-10.52.11:826][871]LogSlate: FSceneViewport::OnFocusLost() reason 0
[2020.07.24-10.52.37:062][ 88]LogSlate: FSceneViewport::OnFocusLost() reason 0
[2020.07.24-10.57.37:205][991]LogSavePackage: Save=35.36ms
[2020.07.24-10.57.37:205][991]LogSavePackage: Moving 'C:/Users/alexT/OneDrive/Documents/Unreal Projects/Multitanks_fluid_simulation/UE4_Multitanks/Saved/Multi-tanks_Auto25C8A52C84A5D1D1053E64486AF9D77C9.tmp' to 'C:/Users/alexT/OneDrive/Documents/Unreal Projects/Multitanks_fluid_simulation/UE4_Multitanks/Saved/Autosaves/Game/Level/Multi-tanks_Auto2.umap'
[2020.07.24-10.57.37:207][991]LogSavePackage: Display: Finished SavePackage C:/Users/alexT/OneDrive/Documents/Unreal Projects/Multitanks_fluid_simulation/UE4_Multitanks/Saved/Autosaves/Game/Level/Multi-tanks_Auto2.umap
[2020.07.24-10.57.37:208][991]LogFileHelpers: Editor autosave (incl. sublevels) for '/Game/Level/Multi-tanks' took 0.056
[2020.07.24-10.57.37:208][991]LogFileHelpers: Editor autosave (incl. sublevels) for all levels took 0.056
[2020.07.24-11.00.42:479][667]LogSlate: FSceneViewport::OnFocusLost() reason 0
[2020.07.24-11.00.45:315][808]LogContentBrowser: Native class hierarchy updated for 'Cascade' in 0.0003 seconds. Added 2 classes and 2 folders.
[2020.07.24-11.01.37:097][470]LogSlate: FSceneViewport::OnFocusLost() reason 0
[2020.07.24-11.05.39:211][422]LogSlate: FSceneViewport::OnFocusLost() reason 0
[2020.07.24-11.10.01:025][843]LogSlate: FSceneViewport::OnFocusLost() reason 0
[2020.07.24-11.10.15:053][337]LogCascade: Quitting Cascade. FXSystem=0x0000020D0DD9CFE0
[2020.07.24-11.10.15:714][367]LogSlate: Window 'Fluid_Tank_2 - Generic Asset Editor' being destroyed
[2020.07.24-11.10.16:509][410]LogSlate: FSceneViewport::OnFocusLost() reason 0
[2020.07.24-11.10.18:605][497]LogSlate: Window 'Tank_1' being destroyed
[2020.07.24-11.10.18:611][497]LogSlate: Window 'Tank_1' being destroyed
[2020.07.24-11.10.18:611][497]LogCascade: Quitting Cascade. FXSystem=0x0000020D6DD3AE80
[2020.07.24-11.10.19:501][541]LogSlate: FSceneViewport::OnFocusLost() reason 0
[2020.07.24-11.10.47:794][293]LogSlate: FSceneViewport::OnFocusLost() reason 0
[2020.07.24-11.10.47:863][297]LogSlate: Window 'Pump*' being destroyed
[2020.07.24-11.10.47:867][297]LogSlate: Window 'Pump*' being destroyed
[2020.07.24-11.10.47:867][297]LogCascade: Quitting Cascade. FXSystem=0x0000020D59814E00
[2020.07.24-11.10.49:542][390]LogSlate: FSceneViewport::OnFocusLost() reason 0
[2020.07.24-11.10.51:674][505]LogSlate: Window 'Container_Pump - Generic Asset Editor' being destroyed
[2020.07.24-11.10.51:679][505]LogSlate: Window 'Container_Pump - Generic Asset Editor' being destroyed
[2020.07.24-11.10.53:577][617]LogSlate: FSceneViewport::OnFocusLost() reason 0
[2020.07.24-11.11.22:876][841]LogSlate: FSceneViewport::OnFocusLost() reason 0
[2020.07.24-11.11.39:950][332]LogSlate: FSceneViewport::OnFocusLost() reason 0
[2020.07.24-11.11.41:757][414]LogEditorTransaction: Undo Toggle Enable on Emitter
[2020.07.24-11.11.42:024][424]LogEditorTransaction: Undo Toggle Enable on Emitter
[2020.07.24-11.11.42:242][432]LogEditorTransaction: Undo Clicking on Actors
[2020.07.24-11.11.43:772][508]LogEditorTransaction: Undo Move Actors
[2020.07.24-11.11.44:349][536]LogEditorTransaction: Undo Move Actors
[2020.07.24-11.11.44:604][548]LogEditorTransaction: Undo Clicking on Actors
[2020.07.24-11.11.44:839][555]LogEditorTransaction: Undo Clicking on Actors
[2020.07.24-11.11.48:749][669]LogSlate: Window 'Pump' being destroyed
[2020.07.24-11.11.48:753][669]LogSlate: Window 'Pump' being destroyed
[2020.07.24-11.11.48:776][669]LogCascade: Quitting Cascade. FXSystem=0x0000020D5F8BDC60
[2020.07.24-11.11.50:762][782]LogSlate: FSceneViewport::OnFocusLost() reason 0
[2020.07.24-11.12.15:918][861]LogSavePackage: Save=35.60ms
[2020.07.24-11.12.15:918][861]LogSavePackage: Moving 'C:/Users/alexT/OneDrive/Documents/Unreal Projects/Multitanks_fluid_simulation/UE4_Multitanks/Saved/Multi-tanks_Auto329E1B1AF4506F550FE975BA1D58292DF.tmp' to 'C:/Users/alexT/OneDrive/Documents/Unreal Projects/Multitanks_fluid_simulation/UE4_Multitanks/Saved/Autosaves/Game/Level/Multi-tanks_Auto3.umap'
[2020.07.24-11.12.15:920][861]LogSavePackage: Display: Finished SavePackage C:/Users/alexT/OneDrive/Documents/Unreal Projects/Multitanks_fluid_simulation/UE4_Multitanks/Saved/Autosaves/Game/Level/Multi-tanks_Auto3.umap
[2020.07.24-11.12.15:922][861]LogFileHelpers: Editor autosave (incl. sublevels) for '/Game/Level/Multi-tanks' took 0.059
[2020.07.24-11.12.15:922][861]LogFileHelpers: Editor autosave (incl. sublevels) for all levels took 0.059
[2020.07.24-11.22.16:575][663]LogFileHelpers: Editor autosave (incl. sublevels) for '/Game/Level/Multi-tanks' took 0.011
[2020.07.24-11.32.17:214][465]LogFileHelpers: Editor autosave (incl. sublevels) for '/Game/Level/Multi-tanks' took 0.010
[2020.07.24-11.42.17:930][267]LogFileHelpers: Editor autosave (incl. sublevels) for '/Game/Level/Multi-tanks' took 0.010
[2020.07.24-11.52.18:542][ 69]LogFileHelpers: Editor autosave (incl. sublevels) for '/Game/Level/Multi-tanks' took 0.008
[2020.07.24-12.02.23:211][883]LogFileHelpers: Editor autosave (incl. sublevels) for '/Game/Level/Multi-tanks' took 0.009
[2020.07.24-12.12.23:881][685]LogFileHelpers: Editor autosave (incl. sublevels) for '/Game/Level/Multi-tanks' took 0.010
[2020.07.24-12.22.24:596][487]LogFileHelpers: Editor autosave (incl. sublevels) for '/Game/Level/Multi-tanks' took 0.011
[2020.07.24-12.32.25:221][289]LogFileHelpers: Editor autosave (incl. sublevels) for '/Game/Level/Multi-tanks' took 0.009
[2020.07.24-12.42.25:891][ 91]LogFileHelpers: Editor autosave (incl. sublevels) for '/Game/Level/Multi-tanks' took 0.009
[2020.07.24-12.42.38:537][152]LogSlate: FSceneViewport::OnFocusLost() reason 0
[2020.07.24-12.52.26:646][920]LogFileHelpers: Editor autosave (incl. sublevels) for '/Game/Level/Multi-tanks' took 0.010
[2020.07.24-12.58.36:170][ 27]LogSlate: FSceneViewport::OnFocusLost() reason 0
[2020.07.24-12.59.17:818][534]Cmd: TRANSACTION UNDO
[2020.07.24-12.59.17:819][534]LogEditorTransaction: Undo Animatable Property Changed
[2020.07.24-12.59.40:526][771]LogSavePackage: Save=418.03ms
[2020.07.24-12.59.40:529][771]LogSavePackage: Moving 'C:/Users/alexT/OneDrive/Documents/Unreal Projects/Multitanks_fluid_simulation/UE4_Multitanks/Saved/Camera_02E8CF5FCE432C5F559574178669208898.tmp' to 'C:/Users/alexT/OneDrive/Documents/Unreal Projects/Multitanks_fluid_simulation/UE4_Multitanks/Content/Level/Animation/Camera_02.uasset'
[2020.07.24-12.59.40:619][771]LogSavePackage: Display: Finished SavePackage C:/Users/alexT/OneDrive/Documents/Unreal Projects/Multitanks_fluid_simulation/UE4_Multitanks/Content/Level/Animation/Camera_02.uasset
[2020.07.24-12.59.50:584][336]LogSavePackage: Save=15.88ms
[2020.07.24-12.59.50:584][336]LogSavePackage: Moving 'C:/Users/alexT/OneDrive/Documents/Unreal Projects/Multitanks_fluid_simulation/UE4_Multitanks/Saved/Camera_03705E0DBC4B7EA69CA79A0DA1E18B6F7A.tmp' to 'C:/Users/alexT/OneDrive/Documents/Unreal Projects/Multitanks_fluid_simulation/UE4_Multitanks/Content/Level/Animation/Camera_03.uasset'
[2020.07.24-12.59.50:587][336]LogSavePackage: Display: Finished SavePackage C:/Users/alexT/OneDrive/Documents/Unreal Projects/Multitanks_fluid_simulation/UE4_Multitanks/Content/Level/Animation/Camera_03.uasset
[2020.07.24-12.59.58:263][760]LogContentBrowser: Native class hierarchy updated for 'MovieSceneCapture' in 0.0735 seconds. Added 11 classes and 0 folders.
[2020.07.24-12.59.58:342][760]LogLinker: Can't find file '/Engine/Transient'
[2020.07.24-12.59.59:596][760]LogUObjectGlobals: Created PersistentFrame Addr=0x0000020d09942b00, Size=168, Default__DefaultBurnIn_C Function /Engine/Sequencer/DefaultBurnIn.DefaultBurnIn_C:ExecuteUbergraph_DefaultBurnIn
[2020.07.24-13.00.00:175][760]LogUObjectGlobals: Destroyed PersistentFrame Addr=0x0000020d09942b00, Size=168
[2020.07.24-13.00.00:175][760]LogUObjectGlobals: Created PersistentFrame Addr=0x0000020d012fb700, Size=168, Default__DefaultBurnIn_C Function /Engine/Transient.REINST_DefaultBurnIn_C_0:ExecuteUbergraph_DefaultBurnIn
[2020.07.24-13.00.00:333][760]LogUObjectGlobals: Created PersistentFrame Addr=0x0000020d04501fc0, Size=168, Default__DefaultBurnIn_C Function /Engine/Sequencer/DefaultBurnIn.DefaultBurnIn_C:ExecuteUbergraph_DefaultBurnIn
[2020.07.24-13.00.04:455][869]LogSlate: Window 'Render Movie Settings' being destroyed
[2020.07.24-13.00.05:667][931]LogSavePackage: Save=17.09ms
[2020.07.24-13.00.05:668][931]LogSavePackage: Moving 'C:/Users/alexT/OneDrive/Documents/Unreal Projects/Multitanks_fluid_simulation/UE4_Multitanks/Saved/Camera_01347A470D454CAAF57289CD8DC3C9CE70.tmp' to 'C:/Users/alexT/OneDrive/Documents/Unreal Projects/Multitanks_fluid_simulation/UE4_Multitanks/Content/Level/Animation/Camera_01.uasset'
[2020.07.24-13.00.05:670][931]LogSavePackage: Display: Finished SavePackage C:/Users/alexT/OneDrive/Documents/Unreal Projects/Multitanks_fluid_simulation/UE4_Multitanks/Content/Level/Animation/Camera_01.uasset
