Log file open, 07/16/20 12:13:48
LogWindows: Failed to load 'aqProf.dll' (GetLastError=126)
LogWindows: File 'aqProf.dll' does not exist
LogWindows: Failed to load 'VtuneApi.dll' (GetLastError=126)
LogWindows: File 'VtuneApi.dll' does not exist
LogWindows: Failed to load 'VtuneApi32e.dll' (GetLastError=126)
LogWindows: File 'VtuneApi32e.dll' does not exist
LogInit: Display: Running engine for game: UE4_Multitanks
LogPlatformFile: Not using cached read wrapper
LogInit: Display: RandInit(-1495739724) SRandInit(-1495739724).
LogInit: Read version file with build ID 'cc1760db-84f8-47e9-8986-ba9e72ebb313'
LogInit: Registered custom module enumerator with build ID 'cc1760db-84f8-47e9-8986-ba9e72ebb313'
LogTaskGraph: Started task graph with 5 named threads and 23 total threads with 3 sets of task threads.
LogStats: Stats thread started at 6.645706
LogD3D11RHI: Aftermath initialized
LogICUInternationalization: Display: ICU TimeZone Detection - Raw Offset: +1:00, Platform Override: ''
LogModuleManager: Display: Found up-to-date module file ../../../Engine/Plugins/2D/Paper2D/Binaries/Win64/UE4Editor-Paper2D.dll (API version 0).
LogModuleManager: Display: Found up-to-date module file ../../../Engine/Plugins/2D/Paper2D/Binaries/Win64/UE4Editor-Paper2DEditor.dll (API version 0).
LogModuleManager: Display: Found up-to-date module file ../../../Engine/Plugins/2D/Paper2D/Binaries/Win64/UE4Editor-PaperSpriteSheetImporter.dll (API version 0).
LogModuleManager: Display: Found up-to-date module file ../../../Engine/Plugins/2D/Paper2D/Binaries/Win64/UE4Editor-PaperTiledImporter.dll (API version 0).
LogModuleManager: Display: Found up-to-date module file ../../../Engine/Plugins/2D/Paper2D/Binaries/Win64/UE4Editor-SmartSnapping.dll (API version 0).
LogModuleManager: Display: Found up-to-date module file ../../../Engine/Plugins/Blendables/LightPropagationVolume/Binaries/Win64/UE4Editor-LightPropagationVolumeRuntime.dll (API version 0).
LogModuleManager: Display: Found up-to-date module file ../../../Engine/Plugins/Blendables/LightPropagationVolume/Binaries/Win64/UE4Editor-LightPropagationVolumeEditor.dll (API version 0).
LogModuleManager: Display: Found up-to-date module file ../../../Engine/Plugins/Developer/CLionSourceCodeAccess/Binaries/Win64/UE4Editor-CLionSourceCodeAccess.dll (API version 0).
LogModuleManager: Display: Found up-to-date module file ../../../Engine/Plugins/Developer/GitSourceControl/Binaries/Win64/UE4Editor-GitSourceControl.dll (API version 0).
LogModuleManager: Display: Found up-to-date module file ../../../Engine/Plugins/Developer/PerforceSourceControl/Binaries/Win64/UE4Editor-PerforceSourceControl.dll (API version 0).
LogModuleManager: Display: Found up-to-date module file ../../../Engine/Plugins/Developer/SubversionSourceControl/Binaries/Win64/UE4Editor-SubversionSourceControl.dll (API version 0).
LogModuleManager: Display: Found up-to-date module file ../../../Engine/Plugins/Developer/UObjectPlugin/Binaries/Win64/UE4Editor-UObjectPlugin.dll (API version 0).
LogModuleManager: Display: Found up-to-date module file ../../../Engine/Plugins/Developer/VisualStudioCodeSourceCodeAccess/Binaries/Win64/UE4Editor-VisualStudioCodeSourceCodeAccess.dll (API version 0).
LogModuleManager: Display: Found up-to-date module file ../../../Engine/Plugins/Developer/VisualStudioSourceCodeAccess/Binaries/Win64/UE4Editor-VisualStudioSourceCodeAccess.dll (API version 0).
LogModuleManager: Display: Found up-to-date module file ../../../Engine/Plugins/Editor/AssetManagerEditor/Binaries/Win64/UE4Editor-AssetManagerEditor.dll (API version 0).
LogModuleManager: Display: Found up-to-date module file ../../../Engine/Plugins/Editor/CryptoKeys/Binaries/Win64/UE4Editor-CryptoKeys.dll (API version 0).
LogModuleManager: Display: Found up-to-date module file ../../../Engine/Plugins/Editor/CryptoKeys/Binaries/Win64/UE4Editor-CryptoKeysOpenSSL.dll (API version 0).
LogModuleManager: Display: Found up-to-date module file ../../../Engine/Plugins/Editor/DataValidation/Binaries/Win64/UE4Editor-DataValidation.dll (API version 0).
LogModuleManager: Display: Found up-to-date module file ../../../Engine/Plugins/Editor/FacialAnimation/Binaries/Win64/UE4Editor-FacialAnimation.dll (API version 0).
LogModuleManager: Display: Found up-to-date module file ../../../Engine/Plugins/Editor/FacialAnimation/Binaries/Win64/UE4Editor-FacialAnimationEditor.dll (API version 0).
LogModuleManager: Display: Found up-to-date module file ../../../Engine/Plugins/Editor/GameplayTagsEditor/Binaries/Win64/UE4Editor-GameplayTagsEditor.dll (API version 0).
LogModuleManager: Display: Found up-to-date module file ../../../Engine/Plugins/Editor/MobileLauncherProfileWizard/Binaries/Win64/UE4Editor-MobileLauncherProfileWizard.dll (API version 0).
LogModuleManager: Display: Found up-to-date module file ../../../Engine/Plugins/Editor/PluginBrowser/Binaries/Win64/UE4Editor-PluginBrowser.dll (API version 0).
LogModuleManager: Display: Found up-to-date module file ../../../Engine/Plugins/Editor/SpeedTreeImporter/Binaries/Win64/UE4Editor-SpeedTreeImporter.dll (API version 0).
LogModuleManager: Display: Found up-to-date module file ../../../Engine/Plugins/Enterprise/DatasmithContent/Binaries/Win64/UE4Editor-DatasmithContent.dll (API version 0).
LogModuleManager: Display: Found up-to-date module file ../../../Engine/Plugins/Experimental/AlembicImporter/Binaries/Win64/UE4Editor-AlembicImporter.dll (API version 0).
LogModuleManager: Display: Found up-to-date module file ../../../Engine/Plugins/Experimental/AlembicImporter/Binaries/Win64/UE4Editor-AlembicLibrary.dll (API version 0).
LogModuleManager: Display: Found up-to-date module file ../../../Engine/Plugins/Experimental/CharacterAI/Binaries/Win64/UE4Editor-CharacterAI.dll (API version 0).
LogModuleManager: Display: Found up-to-date module file ../../../Engine/Plugins/Experimental/HTML5Networking/Binaries/Win64/UE4Editor-HTML5Networking.dll (API version 0).
LogModuleManager: Display: Found up-to-date module file ../../../Engine/Plugins/GameWorks/Flex/Binaries/Win64/UE4Editor-Flex.dll (API version 0).
LogModuleManager: Display: Found up-to-date module file ../../../Engine/Plugins/GameWorks/Flex/Binaries/Win64/UE4Editor-FlexEditor.dll (API version 0).
LogModuleManager: Display: Found up-to-date module file ../../../Engine/Plugins/Media/AndroidMedia/Binaries/Win64/UE4Editor-AndroidMediaEditor.dll (API version 0).
LogModuleManager: Display: Found up-to-date module file ../../../Engine/Plugins/Media/AndroidMedia/Binaries/Win64/UE4Editor-AndroidMediaFactory.dll (API version 0).
LogModuleManager: Display: Found up-to-date module file ../../../Engine/Plugins/Media/AvfMedia/Binaries/Win64/UE4Editor-AvfMediaEditor.dll (API version 0).
LogModuleManager: Display: Found up-to-date module file ../../../Engine/Plugins/Media/AvfMedia/Binaries/Win64/UE4Editor-AvfMediaFactory.dll (API version 0).
LogModuleManager: Display: Found up-to-date module file ../../../Engine/Plugins/Media/AvfMedia/Binaries/Win64/UE4Editor-AvfMediaFactory.dll (API version 0).
LogModuleManager: Display: Found up-to-date module file ../../../Engine/Plugins/Media/ImgMedia/Binaries/Win64/UE4Editor-ImgMedia.dll (API version 0).
LogModuleManager: Display: Found up-to-date module file ../../../Engine/Plugins/Media/ImgMedia/Binaries/Win64/UE4Editor-ImgMediaEditor.dll (API version 0).
LogModuleManager: Display: Found up-to-date module file ../../../Engine/Plugins/Media/ImgMedia/Binaries/Win64/UE4Editor-ImgMediaFactory.dll (API version 0).
LogModuleManager: Display: Found up-to-date module file ../../../Engine/Plugins/Media/ImgMedia/Binaries/Win64/UE4Editor-ImgMediaFactory.dll (API version 0).
LogModuleManager: Display: Found up-to-date module file ../../../Engine/Plugins/Media/ImgMedia/Binaries/Win64/UE4Editor-OpenExrWrapper.dll (API version 0).
LogModuleManager: Display: Found up-to-date module file ../../../Engine/Plugins/Media/LinearTimecode/Binaries/Win64/UE4Editor-LinearTimecode.dll (API version 0).
LogModuleManager: Display: Found up-to-date module file ../../../Engine/Plugins/Media/MediaCompositing/Binaries/Win64/UE4Editor-MediaCompositing.dll (API version 0).
LogModuleManager: Display: Found up-to-date module file ../../../Engine/Plugins/Media/MediaCompositing/Binaries/Win64/UE4Editor-MediaCompositingEditor.dll (API version 0).
LogModuleManager: Display: Found up-to-date module file ../../../Engine/Plugins/Media/MediaPlayerEditor/Binaries/Win64/UE4Editor-MediaPlayerEditor.dll (API version 0).
LogModuleManager: Display: Found up-to-date module file ../../../Engine/Plugins/Media/WmfMedia/Binaries/Win64/UE4Editor-WmfMedia.dll (API version 0).
LogModuleManager: Display: Found up-to-date module file ../../../Engine/Plugins/Media/WmfMedia/Binaries/Win64/UE4Editor-WmfMediaEditor.dll (API version 0).
LogModuleManager: Display: Found up-to-date module file ../../../Engine/Plugins/Media/WmfMedia/Binaries/Win64/UE4Editor-WmfMediaFactory.dll (API version 0).
LogModuleManager: Display: Found up-to-date module file ../../../Engine/Plugins/Media/WmfMedia/Binaries/Win64/UE4Editor-WmfMediaFactory.dll (API version 0).
LogModuleManager: Display: Found up-to-date module file ../../../Engine/Plugins/Messaging/TcpMessaging/Binaries/Win64/UE4Editor-TcpMessaging.dll (API version 0).
LogModuleManager: Display: Found up-to-date module file ../../../Engine/Plugins/Messaging/UdpMessaging/Binaries/Win64/UE4Editor-UdpMessaging.dll (API version 0).
LogModuleManager: Display: Found up-to-date module file ../../../Engine/Plugins/MovieScene/ActorSequence/Binaries/Win64/UE4Editor-ActorSequence.dll (API version 0).
LogModuleManager: Display: Found up-to-date module file ../../../Engine/Plugins/MovieScene/LevelSequenceEditor/Binaries/Win64/UE4Editor-LevelSequenceEditor.dll (API version 0).
LogModuleManager: Display: Found up-to-date module file ../../../Engine/Plugins/MovieScene/MatineeToLevelSequence/Binaries/Win64/UE4Editor-MatineeToLevelSequence.dll (API version 0).
LogModuleManager: Display: Found up-to-date module file ../../../Engine/Plugins/NetcodeUnitTest/NetcodeUnitTest/Binaries/Win64/UE4Editor-NetcodeUnitTest.dll (API version 0).
LogModuleManager: Display: Found up-to-date module file ../../../Engine/Plugins/NetcodeUnitTest/NUTUnrealEngine4/Binaries/Win64/UE4Editor-NUTUnrealEngine4.dll (API version 0).
LogModuleManager: Display: Found up-to-date module file ../../../Engine/Plugins/Online/OnlineSubsystem/Binaries/Win64/UE4Editor-OnlineSubsystem.dll (API version 0).
LogModuleManager: Display: Found up-to-date module file ../../../Engine/Plugins/Runtime/AndroidPermission/Binaries/Win64/UE4Editor-AndroidPermission.dll (API version 0).
LogModuleManager: Display: Found up-to-date module file ../../../Engine/Plugins/Online/OnlineSubsystemNull/Binaries/Win64/UE4Editor-OnlineSubsystemNull.dll (API version 0).
LogModuleManager: Display: Found up-to-date module file ../../../Engine/Plugins/Online/OnlineSubsystemUtils/Binaries/Win64/UE4Editor-OnlineSubsystemUtils.dll (API version 0).
LogModuleManager: Display: Found up-to-date module file ../../../Engine/Plugins/Online/OnlineSubsystemUtils/Binaries/Win64/UE4Editor-OnlineBlueprintSupport.dll (API version 0).
LogModuleManager: Display: Found up-to-date module file ../../../Engine/Plugins/Runtime/AndroidDeviceProfileSelector/Binaries/Win64/UE4Editor-AndroidDeviceProfileSelector.dll (API version 0).
LogModuleManager: Display: Found up-to-date module file ../../../Engine/Plugins/Runtime/AppleARKit/Binaries/Win64/UE4Editor-AppleARKit.dll (API version 0).
LogModuleManager: Display: Found up-to-date module file ../../../Engine/Plugins/Runtime/ProceduralMeshComponent/Binaries/Win64/UE4Editor-ProceduralMeshComponent.dll (API version 0).
LogModuleManager: Display: Found up-to-date module file ../../../Engine/Plugins/Runtime/ProceduralMeshComponent/Binaries/Win64/UE4Editor-ProceduralMeshComponentEditor.dll (API version 0).
LogModuleManager: Display: Found up-to-date module file ../../../Engine/Plugins/Animation/LiveLink/Binaries/Win64/UE4Editor-LiveLink.dll (API version 0).
LogModuleManager: Display: Found up-to-date module file ../../../Engine/Plugins/Animation/LiveLink/Binaries/Win64/UE4Editor-LiveLinkEditor.dll (API version 0).
LogModuleManager: Display: Found up-to-date module file ../../../Engine/Plugins/Runtime/ArchVisCharacter/Binaries/Win64/UE4Editor-ArchVisCharacter.dll (API version 0).
LogModuleManager: Display: Found up-to-date module file ../../../Engine/Plugins/Runtime/AudioCapture/Binaries/Win64/UE4Editor-AudioCapture.dll (API version 0).
LogModuleManager: Display: Found up-to-date module file ../../../Engine/Plugins/Runtime/AudioCapture/Binaries/Win64/UE4Editor-AudioCaptureEditor.dll (API version 0).
LogModuleManager: Display: Found up-to-date module file ../../../Engine/Plugins/Runtime/CableComponent/Binaries/Win64/UE4Editor-CableComponent.dll (API version 0).
LogModuleManager: Display: Found up-to-date module file ../../../Engine/Plugins/Runtime/CustomMeshComponent/Binaries/Win64/UE4Editor-CustomMeshComponent.dll (API version 0).
LogModuleManager: Display: Found up-to-date module file ../../../Engine/Plugins/Runtime/ExampleDeviceProfileSelector/Binaries/Win64/UE4Editor-ExampleDeviceProfileSelector.dll (API version 0).
LogModuleManager: Display: Found up-to-date module file ../../../Engine/Plugins/Runtime/ImmediatePhysics/Binaries/Win64/UE4Editor-ImmediatePhysics.dll (API version 0).
LogModuleManager: Display: Found up-to-date module file ../../../Engine/Plugins/Runtime/ImmediatePhysics/Binaries/Win64/UE4Editor-ImmediatePhysicsEditor.dll (API version 0).
LogModuleManager: Display: Found up-to-date module file ../../../Engine/Plugins/Runtime/LocationServicesBPLibrary/Binaries/Win64/UE4Editor-LocationServicesBPLibrary.dll (API version 0).
LogModuleManager: Display: Found up-to-date module file ../../../Engine/Plugins/Runtime/MobilePatchingUtils/Binaries/Win64/UE4Editor-MobilePatchingUtils.dll (API version 0).
LogModuleManager: Display: Found up-to-date module file ../../../Engine/Plugins/Runtime/Oculus/OculusVR/Binaries/Win64/UE4Editor-OculusHMD.dll (API version 0).
LogModuleManager: Display: Found up-to-date module file ../../../Engine/Plugins/Runtime/Oculus/OculusVR/Binaries/Win64/UE4Editor-OculusInput.dll (API version 0).
LogModuleManager: Display: Found up-to-date module file ../../../Engine/Plugins/Runtime/Oculus/OculusVR/Binaries/Win64/UE4Editor-OculusEditor.dll (API version 0).
LogModuleManager: Display: Found up-to-date module file ../../../Engine/Plugins/Runtime/PhysXVehicles/Binaries/Win64/UE4Editor-PhysXVehicles.dll (API version 0).
LogModuleManager: Display: Found up-to-date module file ../../../Engine/Plugins/Runtime/PhysXVehicles/Binaries/Win64/UE4Editor-PhysXVehiclesEditor.dll (API version 0).
LogModuleManager: Display: Found up-to-date module file ../../../Engine/Plugins/Runtime/RuntimePhysXCooking/Binaries/Win64/UE4Editor-RuntimePhysXCooking.dll (API version 0).
LogModuleManager: Display: Found up-to-date module file ../../../Engine/Plugins/Runtime/Steam/SteamVR/Binaries/Win64/UE4Editor-SteamVR.dll (API version 0).
LogModuleManager: Display: Found up-to-date module file ../../../Engine/Plugins/Runtime/Steam/SteamVR/Binaries/Win64/UE4Editor-SteamVRController.dll (API version 0).
LogModuleManager: Display: Found up-to-date module file ../../../Engine/Plugins/Runtime/WindowsMoviePlayer/Binaries/Win64/UE4Editor-WindowsMoviePlayer.dll (API version 0).
LogPluginManager: Mounting plugin Paper2D
LogPluginManager: Mounting plugin LiveLink
LogPluginManager: Mounting plugin LightPropagationVolume
LogPluginManager: Mounting plugin CLionSourceCodeAccess
LogPluginManager: Mounting plugin CodeLiteSourceCodeAccess
LogPluginManager: Mounting plugin GitSourceControl
LogPluginManager: Mounting plugin KDevelopSourceCodeAccess
LogPluginManager: Mounting plugin NullSourceCodeAccess
LogPluginManager: Mounting plugin PerforceSourceControl
LogPluginManager: Mounting plugin SubversionSourceControl
LogPluginManager: Mounting plugin UObjectPlugin
LogPluginManager: Mounting plugin VisualStudioCodeSourceCodeAccess
LogPluginManager: Mounting plugin VisualStudioSourceCodeAccess
LogPluginManager: Mounting plugin XCodeSourceCodeAccess
LogPluginManager: Mounting plugin AssetManagerEditor
LogPluginManager: Mounting plugin CryptoKeys
LogPluginManager: Mounting plugin DataValidation
LogPluginManager: Mounting plugin FacialAnimation
LogPluginManager: Mounting plugin GameplayTagsEditor
LogPluginManager: Mounting plugin MobileLauncherProfileWizard
LogPluginManager: Mounting plugin PluginBrowser
LogPluginManager: Mounting plugin SpeedTreeImporter
LogPluginManager: Mounting plugin DatasmithContent
LogPluginManager: Mounting plugin AlembicImporter
LogPluginManager: Mounting plugin CharacterAI
LogPluginManager: Mounting plugin HTML5Networking
LogPluginManager: Mounting plugin Flex
LogPluginManager: Plugin shader directory ../../../Engine/Plugins/GameWorks/Flex/Shaders found
LogPluginManager: Mapping shader source directory ../../../Engine/Plugins/GameWorks/Flex/Shaders to virtual directory /Plugin/Flex
LogPluginManager: Mounting plugin AndroidMedia
LogPluginManager: Mounting plugin AvfMedia
LogPluginManager: Mounting plugin ImgMedia
LogPluginManager: Mounting plugin LinearTimecode
LogPluginManager: Mounting plugin MediaCompositing
LogPluginManager: Mounting plugin MediaPlayerEditor
LogPluginManager: Mounting plugin WmfMedia
LogPluginManager: Mounting plugin TcpMessaging
LogPluginManager: Mounting plugin UdpMessaging
LogPluginManager: Mounting plugin ActorSequence
LogPluginManager: Mounting plugin LevelSequenceEditor
LogPluginManager: Mounting plugin MatineeToLevelSequence
LogPluginManager: Mounting plugin NetcodeUnitTest
LogPluginManager: Mounting plugin NUTUnrealEngine4
LogPluginManager: Mounting plugin OnlineSubsystemGooglePlay
LogPluginManager: Mounting plugin OnlineSubsystemIOS
LogPluginManager: Mounting plugin OnlineSubsystem
LogPluginManager: Mounting plugin OnlineSubsystemNull
LogPluginManager: Mounting plugin OnlineSubsystemUtils
LogPluginManager: Mounting plugin AndroidDeviceProfileSelector
LogPluginManager: Mounting plugin AndroidMoviePlayer
LogPluginManager: Mounting plugin AndroidPermission
LogPluginManager: Mounting plugin AppleARKit
LogPluginManager: Mounting plugin AppleMoviePlayer
LogPluginManager: Mounting plugin ArchVisCharacter
LogPluginManager: Mounting plugin AudioCapture
LogPluginManager: Mounting plugin CableComponent
LogPluginManager: Mounting plugin CustomMeshComponent
LogPluginManager: Mounting plugin ExampleDeviceProfileSelector
LogPluginManager: Mounting plugin GoogleCloudMessaging
LogPluginManager: Mounting plugin ImmediatePhysics
LogPluginManager: Mounting plugin IOSDeviceProfileSelector
LogPluginManager: Mounting plugin LinuxDeviceProfileSelector
LogPluginManager: Mounting plugin LocationServicesBPLibrary
LogPluginManager: Mounting plugin MobilePatchingUtils
LogPluginManager: Mounting plugin OculusVR
LogPluginManager: Plugin shader directory ../../../Engine/Plugins/Runtime/Oculus/OculusVR/Shaders found
LogPluginManager: Mapping shader source directory ../../../Engine/Plugins/Runtime/Oculus/OculusVR/Shaders to virtual directory /Plugin/OculusVR
LogPluginManager: Mounting plugin PhysXVehicles
LogPluginManager: Mounting plugin ProceduralMeshComponent
LogPluginManager: Mounting plugin RuntimePhysXCooking
LogPluginManager: Mounting plugin SteamVR
LogPluginManager: Mounting plugin WindowsMoviePlayer
LogStreaming: Display: Took  3.362s to configure plugins.
LogInit: Using libcurl 7.47.1
LogInit:  - built for x86_64-pc-win32
LogInit:  - supports SSL with OpenSSL/1.0.2g
LogInit:  - supports HTTP deflate (compression) using libz 1.2.8
LogInit:  - other features:
LogInit:      CURL_VERSION_SSL
LogInit:      CURL_VERSION_LIBZ
LogInit:      CURL_VERSION_IPV6
LogInit:      CURL_VERSION_ASYNCHDNS
LogInit:      CURL_VERSION_LARGEFILE
LogInit:      CURL_VERSION_IDN
LogInit:  CurlRequestOptions (configurable via config and command line):
LogInit:  - bVerifyPeer = false  - Libcurl will NOT verify peer certificate
LogInit:  - bUseHttpProxy = false  - Libcurl will NOT use HTTP proxy
LogInit:  - bDontReuseConnections = false  - Libcurl will reuse connections
LogInit:  - CertBundlePath = nullptr  - Libcurl will use whatever was configured at build time.
LogInit:  - MaxHostConnections = 16  - Libcurl will limit the number of connections to a host
LogInit:  - LocalHostAddr = Default
LogInit: WinSock: version 1.1 (2.2), MaxSocks=32767, MaxUdp=65467
LogInit: WinSock: I am PC-Gaming-Alexis (192.168.1.19:0)
LogInit: Build: ++UE4+Release-4.19-CL-0
LogInit: Engine Version: 4.19.2-0+++UE4+Release-4.19
LogInit: Compatible Engine Version: 4.19.0-0+++UE4+Release-4.19
LogInit: Net CL: 0
LogDevObjectVersion: Number of dev versions registered: 18
LogDevObjectVersion:   Dev-Blueprints (B0D832E4-1F89-4F0D-ACCF-7EB736FD4AA2): 10
LogDevObjectVersion:   Dev-Build (E1C64328-A22C-4D53-A36C-8E866417BD8C): 0
LogDevObjectVersion:   Dev-Core (375EC13C-06E4-48FB-B500-84F0262A717E): 2
LogDevObjectVersion:   Dev-Editor (E4B068ED-F494-42E9-A231-DA0B2E46BB41): 23
LogDevObjectVersion:   Dev-Framework (CFFC743F-43B0-4480-9391-14DF171D2073): 33
LogDevObjectVersion:   Dev-Mobile (B02B49B5-BB20-44E9-A304-32B752E40360): 2
LogDevObjectVersion:   Dev-Networking (A4E4105C-59A1-49B5-A7C5-40C4547EDFEE): 0
LogDevObjectVersion:   Dev-Online (39C831C9-5AE6-47DC-9A44-9C173E1C8E7C): 0
LogDevObjectVersion:   Dev-Physics (78F01B33-EBEA-4F98-B9B4-84EACCB95AA2): 0
LogDevObjectVersion:   Dev-Platform (6631380F-2D4D-43E0-8009-CF276956A95A): 0
LogDevObjectVersion:   Dev-Rendering (12F88B9F-8875-4AFC-A67C-D90C383ABD29): 25
LogDevObjectVersion:   Dev-Sequencer (7B5AE74C-D270-4C10-A958-57980B212A5A): 6
LogDevObjectVersion:   Dev-VR (D7296918-1DD6-4BDD-9DE2-64A83CC13884): 1
LogDevObjectVersion:   Dev-LoadTimes (C2A15278-BFE7-4AFE-6C17-90FF531DF755): 1
LogDevObjectVersion:   Private-Geometry (6EACA3D4-40EC-4CC1-B786-8BED09428FC5): 2
LogDevObjectVersion:   Dev-AnimPhys (29E575DD-E0A3-4627-9D10-D276232CDCEA): 16
LogDevObjectVersion:   Dev-ReflectionCapture (6B266CEC-1EC7-4B8F-A30B-E4D90942FC07): 1
LogDevObjectVersion:   Dev-Automation (0DF73D61-A23F-47EA-B727-89E90C41499A): 1
LogInit: Compiled (64-bit): May 14 2020 13:19:56
LogInit: Compiled with Visual C++: 19.16.27040.00
LogInit: Build Configuration: Development
LogInit: Branch Name: ++UE4+Release-4.19
LogInit: Command Line:  
LogInit: Base Directory: D:/UnrealEngine-FleX-4.19.2/UnrealEngine-FleX-4.19.2/Engine/Binaries/Win64/
LogInit: Installed Engine Build: 0
LogStreaming: Display: Took  0.001s to delete old logs.
LogInit: Presizing for max 8388607 objects, including 0 objects not considered by GC, pre-allocating 0 bytes for permanent pool.
LogInit: Object subsystem initialized
[2020.07.16-10.13.53:755][  0]LogInit: Selected Device Profile: [Windows]
[2020.07.16-10.13.53:755][  0]LogInit: Applying CVar settings loaded from the selected device profile: [Windows]
[2020.07.16-10.13.53:785][  0]LogInit: Computer: PC-GAMING-ALEXI
[2020.07.16-10.13.53:785][  0]LogInit: User: alexT
[2020.07.16-10.13.53:785][  0]LogInit: CPU Page size=4096, Cores=4
[2020.07.16-10.13.53:785][  0]LogInit: High frequency timer resolution =10.000000 MHz
[2020.07.16-10.13.53:785][  0]LogMemory: Memory total: Physical=7.9GB (8GB approx)
[2020.07.16-10.13.53:807][  0]LogMemory: Platform Memory Stats for Windows
[2020.07.16-10.13.53:807][  0]LogMemory: Process Physical Memory: 273.54 MB used, 273.54 MB peak
[2020.07.16-10.13.53:807][  0]LogMemory: Process Virtual Memory: 264.52 MB used, 264.52 MB peak
[2020.07.16-10.13.53:807][  0]LogMemory: Physical Memory: 4765.43 MB used,  3278.55 MB free, 8043.97 MB total
[2020.07.16-10.13.53:807][  0]LogMemory: Virtual Memory: 4775.45 MB used,  3278.55 MB free, 134217728.00 MB total
[2020.07.16-10.13.54:275][  0]LogInit: Using OS detected language (fr-FR).
[2020.07.16-10.13.54:275][  0]LogInit: Using OS detected locale (fr-FR).
[2020.07.16-10.13.54:419][  0]LogTextLocalizationManager: No localization for 'fr-FR' exists, so 'en' will be used for the language.
[2020.07.16-10.13.55:048][  0]LogStreaming: Display: Took  0.773s to EndInitTextLocalization.
[2020.07.16-10.13.55:048][  0]LogInit: Setting process to per monitor DPI aware
[2020.07.16-10.13.55:483][  0]LogSlate: New Slate User Created.  User Index 0, Is Virtual User: 0
[2020.07.16-10.13.55:483][  0]LogSlate: Slate User Registered.  User Index 0, Is Virtual User: 0
[2020.07.16-10.13.56:098][  0]LogD3D11RHI: D3D11 adapters:
[2020.07.16-10.13.56:184][  0]LogD3D11RHI:    0. 'NVIDIA GeForce GTX 1050' (Feature Level 11_0)
[2020.07.16-10.13.56:184][  0]LogD3D11RHI:       4019/0/4021 MB DedicatedVideo/DedicatedSystem/SharedSystem, Outputs:2, VendorId:0x10de
[2020.07.16-10.13.56:201][  0]LogD3D11RHI:    1. 'Intel(R) UHD Graphics 630' (Feature Level 11_0)
[2020.07.16-10.13.56:201][  0]LogD3D11RHI:       128/0/4021 MB DedicatedVideo/DedicatedSystem/SharedSystem, Outputs:0, VendorId:0x8086
[2020.07.16-10.13.56:205][  0]LogD3D11RHI:    2. 'Microsoft Basic Render Driver' (Feature Level 11_0)
[2020.07.16-10.13.56:205][  0]LogD3D11RHI:       0/0/4021 MB DedicatedVideo/DedicatedSystem/SharedSystem, Outputs:0, VendorId:0x1414
[2020.07.16-10.13.56:205][  0]LogD3D11RHI: Chosen D3D11 Adapter: 0
[2020.07.16-10.13.56:249][  0]LogD3D11RHI: Creating new Direct3DDevice
[2020.07.16-10.13.56:249][  0]LogD3D11RHI:     GPU DeviceId: 0x1c8d (for the marketing name, search the web for "GPU Device Id")
[2020.07.16-10.13.56:265][  0]LogWindows: EnumDisplayDevices:
[2020.07.16-10.13.56:266][  0]LogWindows:    0. 'Intel(R) UHD Graphics 630' (P:1 D:1)
[2020.07.16-10.13.56:266][  0]LogWindows:    1. 'Intel(R) UHD Graphics 630' (P:0 D:0)
[2020.07.16-10.13.56:266][  0]LogWindows:    2. 'Intel(R) UHD Graphics 630' (P:0 D:0)
[2020.07.16-10.13.56:266][  0]LogWindows:    3. 'NVIDIA GeForce GTX 1050' (P:0 D:1)
[2020.07.16-10.13.56:266][  0]LogWindows: DebugString: GetVideoDriverDetailsInvalid PrimaryIsNotTheChoosenAdapter GetVideoDriverDetailsInvalid PrimaryIsNotTheChoosenAdapter GetVideoDriverDetailsInvalid PrimaryIsNotTheChoosenAdapter GetVideoDriverDetailsInvalid PrimaryIsNotTheChoosenAdapter FoundDriverCount:0 
[2020.07.16-10.13.56:266][  0]LogD3D11RHI:     Adapter Name: NVIDIA GeForce GTX 1050
[2020.07.16-10.13.56:266][  0]LogD3D11RHI:   Driver Version: Unknown (internal:Unknown, unified:Unknown)
[2020.07.16-10.13.56:266][  0]LogD3D11RHI:      Driver Date: Unknown
[2020.07.16-10.13.56:266][  0]LogRHI: Texture pool is 2813 MB (70% of 4019 MB)
[2020.07.16-10.13.56:349][  0]LogD3D11RHI: [Aftermath] Aftermath enabled and primed
[2020.07.16-10.13.56:349][  0]LogD3D11RHI: [Aftermath] Aftermath enabled and primed
[2020.07.16-10.13.56:350][  0]LogD3D11RHI: Async texture creation enabled
[2020.07.16-10.13.56:465][  0]LogD3D11RHI: GPU Timing Frequency: 1000.000000 (Debug: 2 1)
[2020.07.16-10.13.56:580][  0]LogFlex: Display: Initialized Flex with GPU: NVIDIA GeForce GTX 1050
[2020.07.16-10.13.56:581][  0]LogShaderCompilers: Guid format shader working directory is -22 characters bigger than the processId version (C:/Users/alexT/OneDrive/Documents/Unreal Projects/Git/UE4_Multitanks/Intermediate/Shaders/WorkingDirectory/3060/).
[2020.07.16-10.13.56:581][  0]LogShaderCompilers: Cleaned the shader compiler working directory 'C:/Users/alexT/AppData/Local/Temp/UnrealShaderWorkingDir/12984D994C08D47D62D78A853D7F18E7/'.
[2020.07.16-10.13.57:355][  0]LogTemp: Display: Loaded TP AllDesktopTargetPlatform
[2020.07.16-10.13.57:366][  0]LogTemp: Display: Loaded TP MacClientTargetPlatform
[2020.07.16-10.13.57:377][  0]LogTemp: Display: Loaded TP MacNoEditorTargetPlatform
[2020.07.16-10.13.57:387][  0]LogTemp: Display: Loaded TP MacServerTargetPlatform
[2020.07.16-10.13.57:410][  0]LogTemp: Display: Loaded TP MacTargetPlatform
[2020.07.16-10.13.57:421][  0]LogTemp: Display: Loaded TP WindowsClientTargetPlatform
[2020.07.16-10.13.57:432][  0]LogTemp: Display: Loaded TP WindowsNoEditorTargetPlatform
[2020.07.16-10.13.57:443][  0]LogTemp: Display: Loaded TP WindowsServerTargetPlatform
[2020.07.16-10.13.57:451][  0]LogTemp: Display: Loaded TP WindowsTargetPlatform
[2020.07.16-10.13.57:461][  0]LogTemp: Display: Loaded TP Android_ASTCTargetPlatform
[2020.07.16-10.13.57:472][  0]LogTemp: Display: Loaded TP Android_ATCTargetPlatform
[2020.07.16-10.13.57:483][  0]LogTemp: Display: Loaded TP Android_DXTTargetPlatform
[2020.07.16-10.13.57:494][  0]LogTemp: Display: Loaded TP Android_ETC1aTargetPlatform
[2020.07.16-10.13.57:505][  0]LogTemp: Display: Loaded TP Android_ETC1TargetPlatform
[2020.07.16-10.13.57:517][  0]LogTemp: Display: Loaded TP Android_ETC2TargetPlatform
[2020.07.16-10.13.57:538][  0]LogTemp: Display: Loaded TP Android_MultiTargetPlatform
[2020.07.16-10.13.57:538][  0]LogTemp: Display: Loaded TP Android_PVRTCTargetPlatform
[2020.07.16-10.13.57:549][  0]LogTemp: Display: Loaded TP AndroidTargetPlatform
[2020.07.16-10.13.57:551][  0]LogTemp: Display: Loaded TP HTML5TargetPlatform
[2020.07.16-10.13.57:741][  0]LogTemp: Display: Loaded TP IOSTargetPlatform
[2020.07.16-10.13.57:750][  0]LogTemp: Display: Loaded TP TVOSTargetPlatform
[2020.07.16-10.13.57:750][  0]LogTargetPlatformManager: Display: Building Assets For Windows
[2020.07.16-10.13.58:686][  0]LogXGEController: Cannot use XGE Controller as Incredibuild is not installed on this machine.
[2020.07.16-10.13.58:686][  0]LogShaderCompilers: Cannot use XGE Shader Compiler as Incredibuild is not installed on this machine.
[2020.07.16-10.13.58:686][  0]LogShaderCompilers: Display: Using Local Shader Compiler.
[2020.07.16-10.14.00:127][  0]LogDerivedDataCache: Display: Max Cache Size: 512 MB
[2020.07.16-10.14.00:495][  0]LogDerivedDataCache: Loaded boot cache 0.37s 77MB C:/Users/alexT/OneDrive/Documents/Unreal Projects/Git/UE4_Multitanks/DerivedDataCache/Boot.ddc.
[2020.07.16-10.14.00:495][  0]LogDerivedDataCache: Display: Loaded Boot cache: C:/Users/alexT/OneDrive/Documents/Unreal Projects/Git/UE4_Multitanks/DerivedDataCache/Boot.ddc
[2020.07.16-10.14.00:495][  0]LogDerivedDataCache: FDerivedDataBackendGraph:  Pak pak cache file C:/Users/alexT/OneDrive/Documents/Unreal Projects/Git/UE4_Multitanks/DerivedDataCache/DDC.ddp not found, will not use a pak cache.
[2020.07.16-10.14.00:495][  0]LogDerivedDataCache: Unable to find inner node Pak for hierarchical cache Hierarchy.
[2020.07.16-10.14.00:495][  0]LogDerivedDataCache: FDerivedDataBackendGraph:  EnginePak pak cache file ../../../Engine/DerivedDataCache/DDC.ddp not found, will not use a pak cache.
[2020.07.16-10.14.00:495][  0]LogDerivedDataCache: Unable to find inner node EnginePak for hierarchical cache Hierarchy.
[2020.07.16-10.14.00:508][  0]LogDerivedDataCache: Using Local data cache path ../../../Engine/DerivedDataCache: Writable
[2020.07.16-10.14.00:508][  0]LogDerivedDataCache: Shared data cache path not found in *engine.ini, will not use an Shared cache.
[2020.07.16-10.14.00:508][  0]LogDerivedDataCache: Unable to find inner node Shared for hierarchical cache Hierarchy.
[2020.07.16-10.14.00:541][  0]LogMaterial: Verifying Global Shaders for PCD3D_SM5
[2020.07.16-10.14.00:563][  0]LogSlate: Using Freetype 2.6.0
[2020.07.16-10.14.00:724][  0]LogSlate: SlateFontCache - WITH_FREETYPE: 1, WITH_HARFBUZZ: 1
[2020.07.16-10.14.00:724][  0]LogSlate: SlateFontCache - WITH_FREETYPE: 1, WITH_HARFBUZZ: 1
[2020.07.16-10.14.07:347][  0]LogAssetRegistry: FAssetRegistry took 0.0254 seconds to start up
[2020.07.16-10.14.09:822][  0]LogInit: Selected Device Profile: [Windows]
[2020.07.16-10.14.10:992][  0]LogMeshReduction: Using QuadricMeshReduction for automatic static mesh reduction
[2020.07.16-10.14.10:993][  0]LogMeshReduction: No automatic skeletal mesh reduction module available
[2020.07.16-10.14.10:993][  0]LogMeshReduction: No automatic mesh merging module available
[2020.07.16-10.14.10:993][  0]LogMeshReduction: No distributed automatic mesh merging module available
[2020.07.16-10.14.10:993][  0]LogMeshMerging: No automatic mesh merging module available
[2020.07.16-10.14.10:993][  0]LogMeshMerging: No distributed automatic mesh merging module available
[2020.07.16-10.14.11:285][  0]LogNetVersion: UE4_Multitanks , NetCL: 0, EngineNetVer: 2, GameNetVer: 0 (Checksum: 792874131)
[2020.07.16-10.14.15:696][  0]LogPackageLocalizationCache: Processed 9 localized package path(s) for 1 prioritized culture(s) in 0.070283 seconds
[2020.07.16-10.14.15:735][  0]LogUObjectArray: 36945 objects as part of root set at end of initial load.
[2020.07.16-10.14.15:735][  0]LogUObjectAllocator: 7383288 out of 0 bytes used by permanent object pool.
[2020.07.16-10.14.15:744][  0]LogUObjectArray: CloseDisregardForGC: 0/0 objects in disregard for GC pool
[2020.07.16-10.14.21:035][  0]LogStreaming: Warning: Failed to read file '../../../Engine/Content/Editor/Slate/Launcher/Mac/Platform_Mac_24x.png' error.
[2020.07.16-10.14.21:035][  0]LogSlate: Could not find file for Slate resource: ../../../Engine/Content/Editor/Slate/Launcher/Mac/Platform_Mac_24x.png
[2020.07.16-10.14.21:035][  0]LogStreaming: Warning: Failed to read file '../../../Engine/Content/Editor/Slate/Launcher/Mac/Platform_Mac_128x.png' error.
[2020.07.16-10.14.21:035][  0]LogSlate: Could not find file for Slate resource: ../../../Engine/Content/Editor/Slate/Launcher/Mac/Platform_Mac_128x.png
[2020.07.16-10.14.21:035][  0]LogStreaming: Warning: Failed to read file '../../../Engine/Content/Editor/Slate/Launcher/Mac/Platform_Mac_128x.png' error.
[2020.07.16-10.14.21:035][  0]LogSlate: Could not find file for Slate resource: ../../../Engine/Content/Editor/Slate/Launcher/Mac/Platform_Mac_128x.png
[2020.07.16-10.14.21:035][  0]LogStreaming: Warning: Failed to read file '../../../Engine/Content/Editor/Slate/Launcher/Mac/Platform_Mac_24x.png' error.
[2020.07.16-10.14.21:035][  0]LogSlate: Could not find file for Slate resource: ../../../Engine/Content/Editor/Slate/Launcher/Mac/Platform_Mac_24x.png
[2020.07.16-10.14.21:035][  0]LogStreaming: Warning: Failed to read file '../../../Engine/Content/Editor/Slate/Launcher/Mac/Platform_Mac_128x.png' error.
[2020.07.16-10.14.21:035][  0]LogSlate: Could not find file for Slate resource: ../../../Engine/Content/Editor/Slate/Launcher/Mac/Platform_Mac_128x.png
[2020.07.16-10.14.21:035][  0]LogStreaming: Warning: Failed to read file '../../../Engine/Content/Editor/Slate/Launcher/Mac/Platform_Mac_128x.png' error.
[2020.07.16-10.14.21:035][  0]LogSlate: Could not find file for Slate resource: ../../../Engine/Content/Editor/Slate/Launcher/Mac/Platform_Mac_128x.png
[2020.07.16-10.14.21:035][  0]LogStreaming: Warning: Failed to read file '../../../Engine/Content/Editor/Slate/Launcher/Mac/Platform_Mac_24x.png' error.
[2020.07.16-10.14.21:035][  0]LogSlate: Could not find file for Slate resource: ../../../Engine/Content/Editor/Slate/Launcher/Mac/Platform_Mac_24x.png
[2020.07.16-10.14.21:035][  0]LogStreaming: Warning: Failed to read file '../../../Engine/Content/Editor/Slate/Launcher/Mac/Platform_Mac_128x.png' error.
[2020.07.16-10.14.21:035][  0]LogSlate: Could not find file for Slate resource: ../../../Engine/Content/Editor/Slate/Launcher/Mac/Platform_Mac_128x.png
[2020.07.16-10.14.21:035][  0]LogStreaming: Warning: Failed to read file '../../../Engine/Content/Editor/Slate/Launcher/Mac/Platform_Mac_128x.png' error.
[2020.07.16-10.14.21:035][  0]LogSlate: Could not find file for Slate resource: ../../../Engine/Content/Editor/Slate/Launcher/Mac/Platform_Mac_128x.png
[2020.07.16-10.14.21:035][  0]LogStreaming: Warning: Failed to read file '../../../Engine/Content/Editor/Slate/Launcher/Mac/Platform_Mac_24x.png' error.
[2020.07.16-10.14.21:035][  0]LogSlate: Could not find file for Slate resource: ../../../Engine/Content/Editor/Slate/Launcher/Mac/Platform_Mac_24x.png
[2020.07.16-10.14.21:035][  0]LogStreaming: Warning: Failed to read file '../../../Engine/Content/Editor/Slate/Launcher/Mac/Platform_Mac_128x.png' error.
[2020.07.16-10.14.21:035][  0]LogSlate: Could not find file for Slate resource: ../../../Engine/Content/Editor/Slate/Launcher/Mac/Platform_Mac_128x.png
[2020.07.16-10.14.21:035][  0]LogStreaming: Warning: Failed to read file '../../../Engine/Content/Editor/Slate/Launcher/Mac/Platform_Mac_128x.png' error.
[2020.07.16-10.14.21:035][  0]LogSlate: Could not find file for Slate resource: ../../../Engine/Content/Editor/Slate/Launcher/Mac/Platform_Mac_128x.png
[2020.07.16-10.14.21:035][  0]LogStreaming: Warning: Failed to read file '../../../Engine/Content/Editor/Slate/Launcher/Linux/Platform_Linux_24x.png' error.
[2020.07.16-10.14.21:035][  0]LogSlate: Could not find file for Slate resource: ../../../Engine/Content/Editor/Slate/Launcher/Linux/Platform_Linux_24x.png
[2020.07.16-10.14.21:035][  0]LogStreaming: Warning: Failed to read file '../../../Engine/Content/Editor/Slate/Launcher/Linux/Platform_Linux_128x.png' error.
[2020.07.16-10.14.21:036][  0]LogSlate: Could not find file for Slate resource: ../../../Engine/Content/Editor/Slate/Launcher/Linux/Platform_Linux_128x.png
[2020.07.16-10.14.21:036][  0]LogStreaming: Warning: Failed to read file '../../../Engine/Content/Editor/Slate/Launcher/Linux/Platform_Linux_128x.png' error.
[2020.07.16-10.14.21:036][  0]LogSlate: Could not find file for Slate resource: ../../../Engine/Content/Editor/Slate/Launcher/Linux/Platform_Linux_128x.png
[2020.07.16-10.14.21:036][  0]LogStreaming: Warning: Failed to read file '../../../Engine/Content/Editor/Slate/Launcher/Linux/Platform_Linux_24x.png' error.
[2020.07.16-10.14.21:036][  0]LogSlate: Could not find file for Slate resource: ../../../Engine/Content/Editor/Slate/Launcher/Linux/Platform_Linux_24x.png
[2020.07.16-10.14.21:036][  0]LogStreaming: Warning: Failed to read file '../../../Engine/Content/Editor/Slate/Launcher/Linux/Platform_Linux_128x.png' error.
[2020.07.16-10.14.21:036][  0]LogSlate: Could not find file for Slate resource: ../../../Engine/Content/Editor/Slate/Launcher/Linux/Platform_Linux_128x.png
[2020.07.16-10.14.21:036][  0]LogStreaming: Warning: Failed to read file '../../../Engine/Content/Editor/Slate/Launcher/Linux/Platform_Linux_128x.png' error.
[2020.07.16-10.14.21:036][  0]LogSlate: Could not find file for Slate resource: ../../../Engine/Content/Editor/Slate/Launcher/Linux/Platform_Linux_128x.png
[2020.07.16-10.14.21:036][  0]LogStreaming: Warning: Failed to read file '../../../Engine/Content/Editor/Slate/Launcher/Linux/Platform_Linux_24x.png' error.
[2020.07.16-10.14.21:036][  0]LogSlate: Could not find file for Slate resource: ../../../Engine/Content/Editor/Slate/Launcher/Linux/Platform_Linux_24x.png
[2020.07.16-10.14.21:036][  0]LogStreaming: Warning: Failed to read file '../../../Engine/Content/Editor/Slate/Launcher/Linux/Platform_Linux_128x.png' error.
[2020.07.16-10.14.21:036][  0]LogSlate: Could not find file for Slate resource: ../../../Engine/Content/Editor/Slate/Launcher/Linux/Platform_Linux_128x.png
[2020.07.16-10.14.21:036][  0]LogStreaming: Warning: Failed to read file '../../../Engine/Content/Editor/Slate/Launcher/Linux/Platform_Linux_128x.png' error.
[2020.07.16-10.14.21:036][  0]LogSlate: Could not find file for Slate resource: ../../../Engine/Content/Editor/Slate/Launcher/Linux/Platform_Linux_128x.png
[2020.07.16-10.14.21:036][  0]LogStreaming: Warning: Failed to read file '../../../Engine/Content/Editor/Slate/Launcher/Linux/Platform_Linux_24x.png' error.
[2020.07.16-10.14.21:036][  0]LogSlate: Could not find file for Slate resource: ../../../Engine/Content/Editor/Slate/Launcher/Linux/Platform_Linux_24x.png
[2020.07.16-10.14.21:036][  0]LogStreaming: Warning: Failed to read file '../../../Engine/Content/Editor/Slate/Launcher/Linux/Platform_Linux_128x.png' error.
[2020.07.16-10.14.21:036][  0]LogSlate: Could not find file for Slate resource: ../../../Engine/Content/Editor/Slate/Launcher/Linux/Platform_Linux_128x.png
[2020.07.16-10.14.21:036][  0]LogStreaming: Warning: Failed to read file '../../../Engine/Content/Editor/Slate/Launcher/Linux/Platform_Linux_128x.png' error.
[2020.07.16-10.14.21:036][  0]LogSlate: Could not find file for Slate resource: ../../../Engine/Content/Editor/Slate/Launcher/Linux/Platform_Linux_128x.png
[2020.07.16-10.14.21:056][  0]LogStreaming: Warning: Failed to read file '../../../Engine/Content/Editor/Slate/Launcher/Android/Platform_Android_24x.png' error.
[2020.07.16-10.14.21:056][  0]LogSlate: Could not find file for Slate resource: ../../../Engine/Content/Editor/Slate/Launcher/Android/Platform_Android_24x.png
[2020.07.16-10.14.21:056][  0]LogStreaming: Warning: Failed to read file '../../../Engine/Content/Editor/Slate/Launcher/Android/Platform_Android_128x.png' error.
[2020.07.16-10.14.21:056][  0]LogSlate: Could not find file for Slate resource: ../../../Engine/Content/Editor/Slate/Launcher/Android/Platform_Android_128x.png
[2020.07.16-10.14.21:056][  0]LogStreaming: Warning: Failed to read file '../../../Engine/Content/Editor/Slate/Launcher/Android/Platform_Android_128x.png' error.
[2020.07.16-10.14.21:056][  0]LogSlate: Could not find file for Slate resource: ../../../Engine/Content/Editor/Slate/Launcher/Android/Platform_Android_128x.png
[2020.07.16-10.14.21:056][  0]LogStreaming: Warning: Failed to read file '../../../Engine/Content/Editor/Slate/Launcher/Android/Platform_Android_24x.png' error.
[2020.07.16-10.14.21:056][  0]LogSlate: Could not find file for Slate resource: ../../../Engine/Content/Editor/Slate/Launcher/Android/Platform_Android_24x.png
[2020.07.16-10.14.21:056][  0]LogStreaming: Warning: Failed to read file '../../../Engine/Content/Editor/Slate/Launcher/Android/Platform_Android_128x.png' error.
[2020.07.16-10.14.21:056][  0]LogSlate: Could not find file for Slate resource: ../../../Engine/Content/Editor/Slate/Launcher/Android/Platform_Android_128x.png
[2020.07.16-10.14.21:056][  0]LogStreaming: Warning: Failed to read file '../../../Engine/Content/Editor/Slate/Launcher/Android/Platform_Android_128x.png' error.
[2020.07.16-10.14.21:056][  0]LogSlate: Could not find file for Slate resource: ../../../Engine/Content/Editor/Slate/Launcher/Android/Platform_Android_128x.png
[2020.07.16-10.14.21:056][  0]LogStreaming: Warning: Failed to read file '../../../Engine/Content/Editor/Slate/Launcher/Android/Platform_Android_ATC_24x.png' error.
[2020.07.16-10.14.21:057][  0]LogSlate: Could not find file for Slate resource: ../../../Engine/Content/Editor/Slate/Launcher/Android/Platform_Android_ATC_24x.png
[2020.07.16-10.14.21:057][  0]LogStreaming: Warning: Failed to read file '../../../Engine/Content/Editor/Slate/Launcher/Android/Platform_Android_128x.png' error.
[2020.07.16-10.14.21:057][  0]LogSlate: Could not find file for Slate resource: ../../../Engine/Content/Editor/Slate/Launcher/Android/Platform_Android_128x.png
[2020.07.16-10.14.21:057][  0]LogStreaming: Warning: Failed to read file '../../../Engine/Content/Editor/Slate/Launcher/Android/Platform_Android_128x.png' error.
[2020.07.16-10.14.21:057][  0]LogSlate: Could not find file for Slate resource: ../../../Engine/Content/Editor/Slate/Launcher/Android/Platform_Android_128x.png
[2020.07.16-10.14.21:057][  0]LogStreaming: Warning: Failed to read file '../../../Engine/Content/Editor/Slate/Launcher/Android/Platform_Android_DXT_24x.png' error.
[2020.07.16-10.14.21:057][  0]LogSlate: Could not find file for Slate resource: ../../../Engine/Content/Editor/Slate/Launcher/Android/Platform_Android_DXT_24x.png
[2020.07.16-10.14.21:057][  0]LogStreaming: Warning: Failed to read file '../../../Engine/Content/Editor/Slate/Launcher/Android/Platform_Android_128x.png' error.
[2020.07.16-10.14.21:057][  0]LogSlate: Could not find file for Slate resource: ../../../Engine/Content/Editor/Slate/Launcher/Android/Platform_Android_128x.png
[2020.07.16-10.14.21:057][  0]LogStreaming: Warning: Failed to read file '../../../Engine/Content/Editor/Slate/Launcher/Android/Platform_Android_128x.png' error.
[2020.07.16-10.14.21:057][  0]LogSlate: Could not find file for Slate resource: ../../../Engine/Content/Editor/Slate/Launcher/Android/Platform_Android_128x.png
[2020.07.16-10.14.21:057][  0]LogStreaming: Warning: Failed to read file '../../../Engine/Content/Editor/Slate/Launcher/Android/Platform_Android_ETC1_24x.png' error.
[2020.07.16-10.14.21:057][  0]LogSlate: Could not find file for Slate resource: ../../../Engine/Content/Editor/Slate/Launcher/Android/Platform_Android_ETC1_24x.png
[2020.07.16-10.14.21:057][  0]LogStreaming: Warning: Failed to read file '../../../Engine/Content/Editor/Slate/Launcher/Android/Platform_Android_128x.png' error.
[2020.07.16-10.14.21:057][  0]LogSlate: Could not find file for Slate resource: ../../../Engine/Content/Editor/Slate/Launcher/Android/Platform_Android_128x.png
[2020.07.16-10.14.21:057][  0]LogStreaming: Warning: Failed to read file '../../../Engine/Content/Editor/Slate/Launcher/Android/Platform_Android_128x.png' error.
[2020.07.16-10.14.21:057][  0]LogSlate: Could not find file for Slate resource: ../../../Engine/Content/Editor/Slate/Launcher/Android/Platform_Android_128x.png
[2020.07.16-10.14.21:057][  0]LogStreaming: Warning: Failed to read file '../../../Engine/Content/Editor/Slate/Launcher/Android/Platform_Android_ETC2_24x.png' error.
[2020.07.16-10.14.21:057][  0]LogSlate: Could not find file for Slate resource: ../../../Engine/Content/Editor/Slate/Launcher/Android/Platform_Android_ETC2_24x.png
[2020.07.16-10.14.21:057][  0]LogStreaming: Warning: Failed to read file '../../../Engine/Content/Editor/Slate/Launcher/Android/Platform_Android_128x.png' error.
[2020.07.16-10.14.21:057][  0]LogSlate: Could not find file for Slate resource: ../../../Engine/Content/Editor/Slate/Launcher/Android/Platform_Android_128x.png
[2020.07.16-10.14.21:057][  0]LogStreaming: Warning: Failed to read file '../../../Engine/Content/Editor/Slate/Launcher/Android/Platform_Android_128x.png' error.
[2020.07.16-10.14.21:057][  0]LogSlate: Could not find file for Slate resource: ../../../Engine/Content/Editor/Slate/Launcher/Android/Platform_Android_128x.png
[2020.07.16-10.14.21:057][  0]LogStreaming: Warning: Failed to read file '../../../Engine/Content/Editor/Slate/Launcher/Android/Platform_Android_ETC2_24x.png' error.
[2020.07.16-10.14.21:057][  0]LogSlate: Could not find file for Slate resource: ../../../Engine/Content/Editor/Slate/Launcher/Android/Platform_Android_ETC2_24x.png
[2020.07.16-10.14.21:057][  0]LogStreaming: Warning: Failed to read file '../../../Engine/Content/Editor/Slate/Launcher/Android/Platform_Android_128x.png' error.
[2020.07.16-10.14.21:057][  0]LogSlate: Could not find file for Slate resource: ../../../Engine/Content/Editor/Slate/Launcher/Android/Platform_Android_128x.png
[2020.07.16-10.14.21:057][  0]LogStreaming: Warning: Failed to read file '../../../Engine/Content/Editor/Slate/Launcher/Android/Platform_Android_128x.png' error.
[2020.07.16-10.14.21:057][  0]LogSlate: Could not find file for Slate resource: ../../../Engine/Content/Editor/Slate/Launcher/Android/Platform_Android_128x.png
[2020.07.16-10.14.21:057][  0]LogStreaming: Warning: Failed to read file '../../../Engine/Content/Editor/Slate/Launcher/Android/Platform_Android_PVRTC_24x.png' error.
[2020.07.16-10.14.21:057][  0]LogSlate: Could not find file for Slate resource: ../../../Engine/Content/Editor/Slate/Launcher/Android/Platform_Android_PVRTC_24x.png
[2020.07.16-10.14.21:057][  0]LogStreaming: Warning: Failed to read file '../../../Engine/Content/Editor/Slate/Launcher/Android/Platform_Android_128x.png' error.
[2020.07.16-10.14.21:057][  0]LogSlate: Could not find file for Slate resource: ../../../Engine/Content/Editor/Slate/Launcher/Android/Platform_Android_128x.png
[2020.07.16-10.14.21:057][  0]LogStreaming: Warning: Failed to read file '../../../Engine/Content/Editor/Slate/Launcher/Android/Platform_Android_128x.png' error.
[2020.07.16-10.14.21:057][  0]LogSlate: Could not find file for Slate resource: ../../../Engine/Content/Editor/Slate/Launcher/Android/Platform_Android_128x.png
[2020.07.16-10.14.21:057][  0]LogStreaming: Warning: Failed to read file '../../../Engine/Content/Editor/Slate/Launcher/Android/Platform_Android_ASTC_24x.png' error.
[2020.07.16-10.14.21:058][  0]LogSlate: Could not find file for Slate resource: ../../../Engine/Content/Editor/Slate/Launcher/Android/Platform_Android_ASTC_24x.png
[2020.07.16-10.14.21:058][  0]LogStreaming: Warning: Failed to read file '../../../Engine/Content/Editor/Slate/Launcher/Android/Platform_Android_128x.png' error.
[2020.07.16-10.14.21:058][  0]LogSlate: Could not find file for Slate resource: ../../../Engine/Content/Editor/Slate/Launcher/Android/Platform_Android_128x.png
[2020.07.16-10.14.21:058][  0]LogStreaming: Warning: Failed to read file '../../../Engine/Content/Editor/Slate/Launcher/Android/Platform_Android_128x.png' error.
[2020.07.16-10.14.21:058][  0]LogSlate: Could not find file for Slate resource: ../../../Engine/Content/Editor/Slate/Launcher/Android/Platform_Android_128x.png
[2020.07.16-10.14.26:507][  0]LogTcpMessaging: Initializing TcpMessaging bridge
[2020.07.16-10.14.26:565][  0]LogUdpMessaging: Initializing bridge on interface 0.0.0.0:0 to multicast group 230.0.0.1:6666.
[2020.07.16-10.14.27:775][  0]SourceControl: Source control is disabled
[2020.07.16-10.14.27:775][  0]SourceControl: Source control is disabled
[2020.07.16-10.14.27:883][  0]SourceControl: Source control is disabled
[2020.07.16-10.14.27:947][  0]SourceControl: Source control is disabled
[2020.07.16-10.14.29:634][  0]LogAndroidPermission: UAndroidPermissionCallbackProxy::GetInstance
[2020.07.16-10.14.30:019][  0]LogOcInput: OculusInput pre-init called
[2020.07.16-10.14.30:709][  0]LogEngine: Initializing Engine...
[2020.07.16-10.14.30:778][  0]LogHMD: Failed to initialize OpenVR with code 110
[2020.07.16-10.14.30:781][  0]LogStats: UGameplayTagsManager::ConstructGameplayTagTree: Construct from data asset -  0.000 s
[2020.07.16-10.14.30:781][  0]LogStats: UGameplayTagsManager::ConstructGameplayTagTree: GameplayTagTreeChangedEvent.Broadcast -  0.000 s
[2020.07.16-10.14.31:450][  0]LogAIModule: Creating AISystem for world Untitled
[2020.07.16-10.14.31:527][  0]LogInit: XAudio2 using 'Casque pour téléphone (CORSAIR VIRTUOSO SE USB Gaming Headset)' : 6 channels at 48 kHz using 24 bits per sample (channel mask 0x3f)
[2020.07.16-10.14.31:724][  0]LogInit: FAudioDevice initialized.
[2020.07.16-10.14.31:907][  0]LogDerivedDataCache: Saved boot cache 0.18s 77MB C:/Users/alexT/OneDrive/Documents/Unreal Projects/Git/UE4_Multitanks/DerivedDataCache/Boot.ddc.
[2020.07.16-10.14.31:919][  0]LogInit: Texture streaming: Enabled
[2020.07.16-10.14.32:039][  0]LogEngineSessionManager: EngineSessionManager initialized
[2020.07.16-10.14.32:145][  0]LogInit: Transaction tracking system initialized
[2020.07.16-10.14.32:491][  0]BlueprintLog: New page: Editor Load
[2020.07.16-10.14.33:602][  0]LocalizationService: Localization service is disabled
[2020.07.16-10.14.34:402][  0]LogConsoleResponse: Display: 
[2020.07.16-10.14.36:252][  0]LogFileCache: Scanning file cache for directory 'C:/Users/alexT/OneDrive/Documents/Unreal Projects/Git/UE4_Multitanks/Content/' took 0.01s
[2020.07.16-10.14.36:252][  0]LogCook: Display: Max memory allowance for cook 16384mb min free memory 0mb
[2020.07.16-10.14.36:263][  0]LogCook: Display: Mobile HDR setting 1
[2020.07.16-10.14.36:268][  0]LogGameplayTags: Display: UGameplayTagsManager::DoneAddingNativeTags. DelegateIsBound: 0
[2020.07.16-10.14.36:268][  0]LogStats: UGameplayTagsManager::ConstructGameplayTagTree: Construct from data asset -  0.000 s
[2020.07.16-10.14.36:268][  0]LogStats: UGameplayTagsManager::ConstructGameplayTagTree: GameplayTagTreeChangedEvent.Broadcast -  0.000 s
[2020.07.16-10.14.39:888][  0]SourceControl: Source control is disabled
[2020.07.16-10.14.39:933][  0]Cmd: MAP LOAD FILE="C:/Users/alexT/OneDrive/Documents/Unreal Projects/Git/UE4_Multitanks/Content/StarterContent/Maps/Minimal_Default.umap" TEMPLATE=0 SHOWPROGRESS=1 FEATURELEVEL=3
[2020.07.16-10.14.39:933][  0]LogEditorServer: Warning: Can't find file 'C:/Users/alexT/OneDrive/Documents/Unreal Projects/Git/UE4_Multitanks/Content/StarterContent/Maps/Minimal_Default.umap'
[2020.07.16-10.14.39:986][  0]Cmd: MAP CHECKDEP NOCLEARLOG
[2020.07.16-10.14.40:046][  0]MapCheck: Map check complete: 0 Error(s), 0 Warning(s), took 59,459ms to complete.
[2020.07.16-10.14.40:046][  0]LogFileHelpers: Loading map 'Minimal_Default' took 0.112
[2020.07.16-10.14.40:871][  0]LogCollectionManager: Loaded 0 collections in 0.001139 seconds
[2020.07.16-10.14.41:069][  0]LogFileCache: Scanning file cache for directory 'C:/Users/alexT/OneDrive/Documents/Unreal Projects/Git/UE4_Multitanks/Saved/Collections/' took 0.01s
[2020.07.16-10.14.41:069][  0]LogFileCache: Scanning file cache for directory 'C:/Users/alexT/OneDrive/Documents/Unreal Projects/Git/UE4_Multitanks/Content/Developers/alexT/Collections/' took 0.01s
[2020.07.16-10.14.41:069][  0]LogFileCache: Scanning file cache for directory 'C:/Users/alexT/OneDrive/Documents/Unreal Projects/Git/UE4_Multitanks/Content/Collections/' took 0.01s
[2020.07.16-10.14.41:069][  0]LogCollectionManager: Rebuilt the GUID cache for 0 collections in 0.000000 seconds
[2020.07.16-10.14.41:077][  0]LogContentBrowser: Native class hierarchy populated in 0.0083 seconds. Added 2478 classes and 562 folders.
[2020.07.16-10.14.41:208][  0]LogContentBrowser: Native class hierarchy updated for 'WidgetCarousel' in 0.0002 seconds. Added 0 classes and 0 folders.
[2020.07.16-10.14.45:799][  0]LogContentBrowser: Native class hierarchy updated for 'AddContentDialog' in 0.0002 seconds. Added 0 classes and 0 folders.
[2020.07.16-10.14.45:990][  0]LogContentBrowser: Native class hierarchy updated for 'SceneOutliner' in 0.0002 seconds. Added 1 classes and 2 folders.
[2020.07.16-10.14.46:077][  0]LogSlate: Took 0.020626 seconds to synchronously load lazily loaded font '../../../Engine/Content/Slate/Fonts/Roboto-Regular.ttf' (155K)
[2020.07.16-10.14.46:114][  0]LogSlate: Took 0.018240 seconds to synchronously load lazily loaded font '../../../Engine/Content/Slate/Fonts/Roboto-Bold.ttf' (160K)
[2020.07.16-10.14.46:143][  0]LogSlate: Took 0.026931 seconds to synchronously load lazily loaded font '../../../Engine/Content/Editor/Slate/Fonts/FontAwesome.ttf' (139K)
[2020.07.16-10.14.46:342][  0]LogRenderer: Reallocating scene render targets to support 1152x488 Format 10 NumSamples 1 (Frame:1).
[2020.07.16-10.14.46:552][  0]LogContentBrowser: Native class hierarchy updated for 'HierarchicalLODOutliner' in 0.0002 seconds. Added 0 classes and 0 folders.
[2020.07.16-10.14.46:552][  0]LogLoad: (Engine Initialization) Total time: 93.31 seconds
[2020.07.16-10.14.46:552][  0]LogLoad: (Engine Initialization) Total Blueprint compile time: 0.00 seconds
[2020.07.16-10.14.46:997][  0]LogContentStreaming: Texture pool size now 1000 MB
[2020.07.16-10.14.47:237][  1]LogAssetRegistry: Asset discovery search completed in 39.9126 seconds
[2020.07.16-10.14.47:238][  1]LogFlexEditor: FFlexEditorModule::OnFilesLoaded() ProjectFilePath = 'C:/Users/alexT/OneDrive/Documents/Unreal Projects/Git/UE4_Multitanks/UE4_Multitanks.uproject'
[2020.07.16-10.14.47:238][  1]LogCollectionManager: Rebuilt the object cache for 0 collections in 0.000000 seconds (found 0 objects)
[2020.07.16-10.14.47:238][  1]LogCollectionManager: Fixed up redirectors for 0 collections in 0.000028 seconds (updated 0 objects)
[2020.07.16-10.14.47:928][  3]LogSlate: Took 0.034460 seconds to synchronously load lazily loaded font '../../../Engine/Content/Slate/Fonts/Roboto-Light.ttf' (167K)
[2020.07.16-10.14.50:572][ 11]LogSlate: FSceneViewport::OnFocusLost() reason 2
[2020.07.16-10.14.51:014][ 37]LogSlate: FSceneViewport::OnFocusLost() reason 2
[2020.07.16-10.14.51:085][ 39]LogSlate: Took 0.000248 seconds to synchronously load lazily loaded font '../../../Engine/Content/Slate/Fonts/Roboto-Light.ttf' (167K)
[2020.07.16-10.14.53:576][137]LogTemp: Executing iPhonePackager certificates Engine -bundlename com.YourCompany.UE4Multitanks
[2020.07.16-10.14.53:577][137]LogTemp: CWD: D:\UnrealEngine-FleX-4.19.2\UnrealEngine-FleX-4.19.2\Engine\Binaries\DotNET\IOS
[2020.07.16-10.14.53:577][137]LogTemp: Initial Dir: D:\UnrealEngine-FleX-4.19.2\UnrealEngine-FleX-4.19.2
[2020.07.16-10.14.53:577][137]LogTemp: Env CWD: D:\UnrealEngine-FleX-4.19.2\UnrealEngine-FleX-4.19.2\Engine\Binaries\DotNET\IOS
[2020.07.16-10.14.53:577][137]LogTemp: BranchPath = PC-GAMING-ALEXI/D/UnrealEngine-FleX-4.19.2/UnrealEngine-FleX-4.19.2/Engine/Binaries --- GameBranchPath = PC-GAMING-ALEXI/D/UnrealEngine-FleX-4.19.2/UnrealEngine-FleX-4.19.2/Engine/Binaries
[2020.07.16-10.14.53:577][137]LogTemp: IPP ERROR: Could not find provision directory 'C:\Users\alexT\AppData\Local/Apple Computer/MobileDevice/Provisioning Profiles/'.
[2020.07.16-10.15.13:008][260]LogLinker: Warning: Can't find file '/Game/Level/MultiTanks_BuiltData'
[2020.07.16-10.15.13:008][260]LogLinker: Warning: Can't find file for asset '/Game/Level/MultiTanks_BuiltData' while loading C:/Users/alexT/OneDrive/Documents/Unreal Projects/Git/UE4_Multitanks/Content/Level/MultiTanks.umap.
[2020.07.16-10.15.13:008][260]LoadErrors: Error: /Game/Level/MultiTanks : Can't find file for asset. /Game/Level/MultiTanks_BuiltData
[2020.07.16-10.15.13:011][260]LogLinker: Warning: Can't find file '/Game/Level/MultiTanks_BuiltData'
[2020.07.16-10.15.13:011][260]LogLinker: Warning: Can't find file for asset '/Game/Level/MultiTanks_BuiltData' while loading C:/Users/alexT/OneDrive/Documents/Unreal Projects/Git/UE4_Multitanks/Content/Level/MultiTanks.umap.
[2020.07.16-10.15.13:023][260]LogLinker: Warning: Can't find file '/Game/Level/MultiTanks_BuiltData'
[2020.07.16-10.15.13:023][260]LoadErrors: Failed to load /Game/Level/MultiTanks_BuiltData.MultiTanks_BuiltData Referenced by PersistentLevel
[2020.07.16-10.15.13:023][260]LogLinker: Warning: Can't find file for asset '/Game/Level/MultiTanks_BuiltData' while loading NULL.
[2020.07.16-10.15.13:198][260]LogAIModule: Creating AISystem for world MultiTanks
[2020.07.16-10.15.17:431][431]LogSlate: Window 'Delete Assets' being destroyed
[2020.07.16-10.15.18:470][481]LogLinker: Warning: Can't find file '/Game/Flex/flexBlueMaterial'
[2020.07.16-10.15.18:470][481]LogLinker: Warning: Can't find file for asset '/Game/Flex/flexBlueMaterial' while loading C:/Users/alexT/OneDrive/Documents/Unreal Projects/Git/UE4_Multitanks/Content/Level/System/Multi_Tanks_Reservoir.uasset.
[2020.07.16-10.15.18:471][481]LoadErrors: Error: /Game/Level/System/Multi_Tanks_Reservoir : Can't find file for asset. /Game/Flex/flexBlueMaterial
[2020.07.16-10.15.18:471][481]LogLinker: Warning: Can't find file '/Game/Flex/flexBlueMaterial'
[2020.07.16-10.15.18:471][481]LogLinker: Warning: Can't find file for asset '/Game/Flex/flexBlueMaterial' while loading C:/Users/alexT/OneDrive/Documents/Unreal Projects/Git/UE4_Multitanks/Content/Level/System/Multi_Tanks_Reservoir.uasset.
[2020.07.16-10.15.18:548][481]LogLinker: Warning: Can't find file '/Game/Flex/flexBlueMaterial'
[2020.07.16-10.15.18:548][481]LoadErrors: Failed to load /Game/Flex/flexBlueMaterial.flexBlueMaterial Referenced by Multi_Tanks_Reservoir
[2020.07.16-10.15.18:548][481]LogLinker: Warning: Can't find file for asset '/Game/Flex/flexBlueMaterial' while loading NULL.
[2020.07.16-10.15.18:548][481]LogLinker: Warning: Can't find file '/Game/Flex/flexBlueMaterial'
[2020.07.16-10.15.18:548][481]LogLinker: Warning: Can't find file for asset '/Game/Flex/flexBlueMaterial' while loading NULL.
[2020.07.16-10.15.19:358][481]LogAIModule: Creating AISystem for world Multi-tanks
[2020.07.16-10.15.19:409][481]Cmd: MAP LOAD FILE="C:/Users/alexT/OneDrive/Documents/Unreal Projects/Git/UE4_Multitanks/Content/Level/Multi-tanks.umap" TEMPLATE=0 SHOWPROGRESS=1 FEATURELEVEL=3
[2020.07.16-10.15.19:409][481]LightingResults: New page: Lighting Build
[2020.07.16-10.15.19:430][481]LogContentBrowser: Native class hierarchy updated for 'StatsViewer' in 0.0002 seconds. Added 5 classes and 0 folders.
[2020.07.16-10.15.19:431][481]LoadErrors: New page: Loading map: Multi-tanks.umap
[2020.07.16-10.15.19:431][481]MapCheck: New page: Map Check
[2020.07.16-10.15.19:431][481]LightingResults: New page: Lighting Build
[2020.07.16-10.15.19:444][481]LogEditorServer: Finished looking for orphan Actors (0.000 secs)
[2020.07.16-10.15.19:465][481]Cmd: MAP CHECKDEP NOCLEARLOG
[2020.07.16-10.15.19:530][481]MapCheck: Map check complete: 0 Error(s), 0 Warning(s), took 64,912ms to complete.
[2020.07.16-10.15.19:530][481]LogFileHelpers: Loading map 'Multi-tanks' took 0.121
[2020.07.16-10.15.58:177][435]LogSlate: FSceneViewport::OnFocusLost() reason 2
[2020.07.16-10.16.12:077][749]LogSlate: Window 'Project Settings' being destroyed
[2020.07.16-10.16.12:082][749]LogSlate: Window 'Project Settings' being destroyed
[2020.07.16-10.16.13:231][806]LogSavePackage: Save=41.13ms
[2020.07.16-10.16.13:231][806]LogSavePackage: Moving 'C:/Users/alexT/OneDrive/Documents/Unreal Projects/Git/UE4_Multitanks/Saved/Multi-tanks57CE00E24FAE3583494C9DAE60146350.tmp' to 'C:/Users/alexT/OneDrive/Documents/Unreal Projects/Git/UE4_Multitanks/Content/Level/Multi-tanks.umap'
[2020.07.16-10.16.13:235][806]LogSavePackage: Display: Finished SavePackage C:/Users/alexT/OneDrive/Documents/Unreal Projects/Git/UE4_Multitanks/Content/Level/Multi-tanks.umap
[2020.07.16-10.16.13:254][806]Cmd: OBJ SAVEPACKAGE PACKAGE="/Game/Level/Multi-tanks_BuiltData" FILE="C:/Users/alexT/OneDrive/Documents/Unreal Projects/Git/UE4_Multitanks/Content/Level/Multi-tanks_BuiltData.uasset" SILENT=true
[2020.07.16-10.16.13:287][806]LogSavePackage: Save=25.96ms
[2020.07.16-10.16.13:287][806]LogSavePackage: Moving 'C:/Users/alexT/OneDrive/Documents/Unreal Projects/Git/UE4_Multitanks/Saved/Multi-tanks_BuiltData26CB6A8748D35617E1DB87966420F6EC.tmp' to 'C:/Users/alexT/OneDrive/Documents/Unreal Projects/Git/UE4_Multitanks/Content/Level/Multi-tanks_BuiltData.uasset'
[2020.07.16-10.16.13:290][806]LogSavePackage: Display: Finished SavePackage C:/Users/alexT/OneDrive/Documents/Unreal Projects/Git/UE4_Multitanks/Content/Level/Multi-tanks_BuiltData.uasset
[2020.07.16-10.16.17:609][ 51]LogSlate: Window 'UE4_Multitanks - Unreal Editor' being destroyed
[2020.07.16-10.16.17:610][ 51]LogWindowsTextInputMethodSystem: Display: IME system now deactivated.
[2020.07.16-10.16.17:771][ 52]Cmd: QUIT_EDITOR
[2020.07.16-10.16.17:797][ 52]LogSlate: Slate User Destroyed.  User Index 0, Is Virtual User: 0
[2020.07.16-10.16.17:797][ 52]LogExit: Preparing to exit.
[2020.07.16-10.16.18:669][ 52]LogExit: Editor shut down
[2020.07.16-10.16.18:673][ 52]LogExit: Transaction tracking system shut down
[2020.07.16-10.16.18:851][ 52]LogDirectoryWatcher: A directory notification for '../../../Engine/Content/' was aborted.
[2020.07.16-10.16.18:851][ 52]LogDirectoryWatcher: A directory notification for 'C:/Users/alexT/OneDrive/Documents/Unreal Projects/Git/UE4_Multitanks/Content/' was aborted.
[2020.07.16-10.16.18:851][ 52]LogDirectoryWatcher: A directory notification for '../../Plugins/2D/Paper2D/Content/' was aborted.
[2020.07.16-10.16.18:851][ 52]LogDirectoryWatcher: A directory notification for '../../Plugins/Enterprise/DatasmithContent/Content/' was aborted.
[2020.07.16-10.16.18:851][ 52]LogDirectoryWatcher: A directory notification for '../../Plugins/Media/MediaCompositing/Content/' was aborted.
[2020.07.16-10.16.18:851][ 52]LogDirectoryWatcher: A directory notification for '../../Plugins/Runtime/AppleARKit/Content/' was aborted.
[2020.07.16-10.16.18:851][ 52]LogDirectoryWatcher: A directory notification for '../../Plugins/Runtime/Oculus/OculusVR/Content/' was aborted.
[2020.07.16-10.16.18:851][ 52]LogDirectoryWatcher: A directory notification for '../../Plugins/Runtime/Steam/SteamVR/Content/' was aborted.
[2020.07.16-10.16.18:898][ 52]LogExit: Object subsystem successfully closed.
[2020.07.16-10.16.18:937][ 52]LogShaderCompilers: Display: Shaders left to compile 0
[2020.07.16-10.16.18:941][ 52]LogD3D11RHI: Shutdown
[2020.07.16-10.16.18:941][ 52]LogD3D11RHI: CleanupD3DDevice
[2020.07.16-10.16.18:942][ 52]LogD3D11RHI: ~FD3D11DynamicRHI
[2020.07.16-10.16.18:950][ 52]LogModuleManager: Shutting down and abandoning module StatsViewer (568)
[2020.07.16-10.16.18:950][ 52]LogModuleManager: Shutting down and abandoning module ExternalImagePicker (566)
[2020.07.16-10.16.18:950][ 52]LogModuleManager: Shutting down and abandoning module HierarchicalLODOutliner (564)
[2020.07.16-10.16.18:950][ 52]LogModuleManager: Shutting down and abandoning module DesktopPlatform (562)
[2020.07.16-10.16.18:950][ 52]LogModuleManager: Shutting down and abandoning module SceneOutliner (560)
[2020.07.16-10.16.18:950][ 52]LogModuleManager: Shutting down and abandoning module AddContentDialog (558)
[2020.07.16-10.16.18:951][ 52]LogDirectoryWatcher: A directory notification for 'D:/UnrealEngine-FleX-4.19.2/UnrealEngine-FleX-4.19.2/FeaturePacks/' was aborted.
[2020.07.16-10.16.18:951][ 52]LogModuleManager: Shutting down and abandoning module WidgetCarousel (557)
[2020.07.16-10.16.18:951][ 52]LogModuleManager: Shutting down and abandoning module EditorWidgets (554)
[2020.07.16-10.16.18:951][ 52]LogModuleManager: Shutting down and abandoning module CollectionManager (552)
[2020.07.16-10.16.18:951][ 52]LogDirectoryWatcher: A directory notification for 'C:/Users/alexT/OneDrive/Documents/Unreal Projects/Git/UE4_Multitanks/Content/Collections/' was aborted.
[2020.07.16-10.16.18:952][ 52]LogDirectoryWatcher: A directory notification for 'C:/Users/alexT/OneDrive/Documents/Unreal Projects/Git/UE4_Multitanks/Content/Developers/alexT/Collections/' was aborted.
[2020.07.16-10.16.18:952][ 52]LogDirectoryWatcher: A directory notification for 'C:/Users/alexT/OneDrive/Documents/Unreal Projects/Git/UE4_Multitanks/Saved/Collections/' was aborted.
[2020.07.16-10.16.18:952][ 52]LogModuleManager: Shutting down and abandoning module FoliageEdit (550)
[2020.07.16-10.16.18:952][ 52]LogModuleManager: Shutting down and abandoning module LandscapeEditor (548)
[2020.07.16-10.16.18:952][ 52]LogModuleManager: Shutting down and abandoning module MeshPaintMode (546)
[2020.07.16-10.16.18:952][ 52]LogModuleManager: Shutting down and abandoning module SceneDepthPickerMode (544)
[2020.07.16-10.16.18:952][ 52]LogModuleManager: Shutting down and abandoning module ActorPickerMode (542)
[2020.07.16-10.16.18:952][ 52]LogModuleManager: Shutting down and abandoning module GeometryMode (540)
[2020.07.16-10.16.18:952][ 52]LogModuleManager: Shutting down and abandoning module TextureAlignMode (538)
[2020.07.16-10.16.18:952][ 52]LogModuleManager: Shutting down and abandoning module BspMode (536)
[2020.07.16-10.16.18:952][ 52]LogModuleManager: Shutting down and abandoning module PIEPreviewDeviceProfileSelector (534)
[2020.07.16-10.16.18:952][ 52]LogModuleManager: Shutting down and abandoning module HardwareSurvey (532)
[2020.07.16-10.16.18:952][ 52]LogModuleManager: Shutting down and abandoning module SequenceRecorderSections (530)
[2020.07.16-10.16.18:952][ 52]LogModuleManager: Shutting down and abandoning module AutomationWorker (528)
[2020.07.16-10.16.18:952][ 52]LogModuleManager: Shutting down and abandoning module AudioCaptureEditor (526)
[2020.07.16-10.16.18:952][ 52]LogModuleManager: Shutting down and abandoning module SequenceRecorder (525)
[2020.07.16-10.16.18:952][ 52]LogModuleManager: Shutting down and abandoning module MatineeToLevelSequence (522)
[2020.07.16-10.16.18:952][ 52]LogModuleManager: Shutting down and abandoning module LevelSequenceEditor (520)
[2020.07.16-10.16.18:952][ 52]LogModuleManager: Shutting down and abandoning module PlacementMode (519)
[2020.07.16-10.16.18:952][ 52]LogModuleManager: Shutting down and abandoning module MaterialEditor (518)
[2020.07.16-10.16.18:952][ 52]LogModuleManager: Shutting down and abandoning module WmfMediaFactory (514)
[2020.07.16-10.16.18:952][ 52]LogModuleManager: Shutting down and abandoning module WmfMediaEditor (512)
[2020.07.16-10.16.18:952][ 52]LogModuleManager: Shutting down and abandoning module MediaPlayerEditor (510)
[2020.07.16-10.16.18:952][ 52]LogModuleManager: Shutting down and abandoning module OpenExrWrapper (508)
[2020.07.16-10.16.18:953][ 52]LogModuleManager: Shutting down and abandoning module ImgMediaFactory (506)
[2020.07.16-10.16.18:953][ 52]LogModuleManager: Shutting down and abandoning module ImgMediaEditor (504)
[2020.07.16-10.16.18:953][ 52]LogModuleManager: Shutting down and abandoning module AvfMediaFactory (502)
[2020.07.16-10.16.18:953][ 52]LogModuleManager: Shutting down and abandoning module AvfMediaEditor (500)
[2020.07.16-10.16.18:953][ 52]LogModuleManager: Shutting down and abandoning module AndroidMediaFactory (498)
[2020.07.16-10.16.18:953][ 52]LogModuleManager: Shutting down and abandoning module AndroidMediaEditor (496)
[2020.07.16-10.16.18:953][ 52]LogModuleManager: Shutting down and abandoning module CharacterAI (494)
[2020.07.16-10.16.18:953][ 52]LogModuleManager: Shutting down and abandoning module SmartSnapping (492)
[2020.07.16-10.16.18:953][ 52]LogModuleManager: Shutting down and abandoning module SessionServices (490)
[2020.07.16-10.16.18:953][ 52]LogModuleManager: Shutting down and abandoning module ViewportSnapping (488)
[2020.07.16-10.16.18:953][ 52]LogModuleManager: Shutting down and abandoning module ViewportInteraction (486)
[2020.07.16-10.16.18:953][ 52]LogModuleManager: Shutting down and abandoning module ClothPainter (484)
[2020.07.16-10.16.18:953][ 52]LogModuleManager: Shutting down and abandoning module SkeletalMeshEditor (483)
[2020.07.16-10.16.18:953][ 52]LogModuleManager: Shutting down and abandoning module LogVisualizer (480)
[2020.07.16-10.16.18:953][ 52]LogModuleManager: Shutting down and abandoning module IntroTutorials (478)
[2020.07.16-10.16.18:953][ 52]LogModuleManager: Shutting down and abandoning module GameProjectGeneration (477)
[2020.07.16-10.16.18:953][ 52]LogModuleManager: Shutting down and abandoning module IOSPlatformEditor (474)
[2020.07.16-10.16.18:953][ 52]LogModuleManager: Shutting down and abandoning module HTML5PlatformEditor (472)
[2020.07.16-10.16.18:953][ 52]LogModuleManager: Shutting down and abandoning module AndroidPlatformEditor (470)
[2020.07.16-10.16.18:953][ 52]LogModuleManager: Shutting down and abandoning module AndroidDeviceDetection (469)
[2020.07.16-10.16.19:922][ 52]LogModuleManager: Shutting down and abandoning module WindowsPlatformEditor (466)
[2020.07.16-10.16.19:922][ 52]LogModuleManager: Shutting down and abandoning module IOSRuntimeSettings (464)
[2020.07.16-10.16.19:922][ 52]LogModuleManager: Shutting down and abandoning module AndroidRuntimeSettings (462)
[2020.07.16-10.16.19:922][ 52]LogModuleManager: Shutting down and abandoning module InputBindingEditor (460)
[2020.07.16-10.16.19:922][ 52]LogModuleManager: Shutting down and abandoning module MergeActors (458)
[2020.07.16-10.16.19:922][ 52]LogModuleManager: Shutting down and abandoning module LocalizationDashboard (456)
[2020.07.16-10.16.19:922][ 52]LogModuleManager: Shutting down and abandoning module LocalizationService (455)
[2020.07.16-10.16.19:922][ 52]LogModuleManager: Shutting down and abandoning module HardwareTargeting (452)
[2020.07.16-10.16.19:922][ 52]LogModuleManager: Shutting down and abandoning module DeviceProfileEditor (450)
[2020.07.16-10.16.19:922][ 52]LogModuleManager: Shutting down and abandoning module UndoHistory (448)
[2020.07.16-10.16.19:922][ 52]LogModuleManager: Shutting down and abandoning module XmlParser (446)
[2020.07.16-10.16.19:923][ 52]LogModuleManager: Shutting down and abandoning module Blutility (444)
[2020.07.16-10.16.19:923][ 52]LogModuleManager: Shutting down and abandoning module ProjectSettingsViewer (442)
[2020.07.16-10.16.19:923][ 52]LogModuleManager: Shutting down and abandoning module ProjectTargetPlatformEditor (441)
[2020.07.16-10.16.19:923][ 52]LogModuleManager: Shutting down and abandoning module EditorSettingsViewer (438)
[2020.07.16-10.16.19:923][ 52]LogModuleManager: Shutting down and abandoning module SettingsEditor (436)
[2020.07.16-10.16.19:923][ 52]LogModuleManager: Shutting down and abandoning module ProjectLauncher (434)
[2020.07.16-10.16.19:923][ 52]LogModuleManager: Shutting down and abandoning module SessionFrontend (432)
[2020.07.16-10.16.19:923][ 52]LogModuleManager: Shutting down and abandoning module ProfilerClient (430)
[2020.07.16-10.16.19:923][ 52]LogModuleManager: Shutting down and abandoning module DeviceManager (428)
[2020.07.16-10.16.19:923][ 52]LogModuleManager: Shutting down and abandoning module TargetDeviceServices (427)
[2020.07.16-10.16.19:977][ 52]LogModuleManager: Shutting down and abandoning module AutomationController (424)
[2020.07.16-10.16.19:977][ 52]LogModuleManager: Shutting down and abandoning module AutomationWindow (422)
[2020.07.16-10.16.19:977][ 52]LogModuleManager: Shutting down and abandoning module Layers (420)
[2020.07.16-10.16.19:977][ 52]LogModuleManager: Shutting down and abandoning module ComponentVisualizers (418)
[2020.07.16-10.16.19:977][ 52]LogModuleManager: Shutting down and abandoning module DetailCustomizations (416)
[2020.07.16-10.16.19:977][ 52]LogModuleManager: Shutting down and abandoning module PackagesDialog (414)
[2020.07.16-10.16.19:977][ 52]LogModuleManager: Shutting down and abandoning module Persona (412)
[2020.07.16-10.16.19:977][ 52]LogModuleManager: Shutting down and abandoning module AdvancedPreviewScene (411)
[2020.07.16-10.16.19:977][ 52]LogModuleManager: Shutting down and abandoning module AnimGraph (409)
[2020.07.16-10.16.19:977][ 52]LogModuleManager: Shutting down and abandoning module Kismet (406)
[2020.07.16-10.16.19:977][ 52]LogModuleManager: Shutting down and abandoning module GraphEditor (404)
[2020.07.16-10.16.19:977][ 52]LogModuleManager: Shutting down and abandoning module ClassViewer (402)
[2020.07.16-10.16.19:977][ 52]LogModuleManager: Shutting down and abandoning module Toolbox (400)
[2020.07.16-10.16.19:977][ 52]LogModuleManager: Shutting down and abandoning module ModuleUI (398)
[2020.07.16-10.16.19:977][ 52]LogModuleManager: Shutting down and abandoning module MovieSceneTools (396)
[2020.07.16-10.16.19:977][ 52]LogModuleManager: Shutting down and abandoning module OutputLog (394)
[2020.07.16-10.16.19:977][ 52]LogModuleManager: Shutting down and abandoning module GammaUI (392)
[2020.07.16-10.16.19:977][ 52]LogModuleManager: Shutting down and abandoning module Documentation (390)
[2020.07.16-10.16.19:977][ 52]LogModuleManager: Shutting down and abandoning module MovieSceneTracks (388)
[2020.07.16-10.16.19:977][ 52]LogModuleManager: Shutting down and abandoning module MovieScene (386)
[2020.07.16-10.16.19:978][ 52]LogModuleManager: Shutting down and abandoning module StreamingPauseRendering (384)
[2020.07.16-10.16.19:978][ 52]LogModuleManager: Shutting down and abandoning module LauncherPlatform (382)
[2020.07.16-10.16.19:978][ 52]LogModuleManager: Shutting down and abandoning module AnalyticsET (380)
[2020.07.16-10.16.19:978][ 52]LogModuleManager: Shutting down and abandoning module PortalServices (378)
[2020.07.16-10.16.19:978][ 52]LogModuleManager: Shutting down and abandoning module PortalRpc (376)
[2020.07.16-10.16.19:978][ 52]LogModuleManager: Shutting down and abandoning module MessagingRpc (374)
[2020.07.16-10.16.19:978][ 52]LogModuleManager: Shutting down and abandoning module AIModule (372)
[2020.07.16-10.16.19:978][ 52]LogModuleManager: Shutting down and abandoning module GameplayDebugger (371)
[2020.07.16-10.16.19:978][ 52]LogModuleManager: Shutting down and abandoning module AITestSuite (369)
[2020.07.16-10.16.19:978][ 52]LogModuleManager: Shutting down and abandoning module ProfilerService (366)
[2020.07.16-10.16.20:074][ 52]LogModuleManager: Shutting down and abandoning module TaskGraph (364)
[2020.07.16-10.16.20:074][ 52]LogModuleManager: Shutting down and abandoning module SteamVRController (362)
[2020.07.16-10.16.20:074][ 52]LogModuleManager: Shutting down and abandoning module ProceduralMeshComponentEditor (360)
[2020.07.16-10.16.20:074][ 52]LogModuleManager: Shutting down and abandoning module ProceduralMeshComponent (358)
[2020.07.16-10.16.20:075][ 52]LogModuleManager: Shutting down and abandoning module OculusInput (356)
[2020.07.16-10.16.20:075][ 52]LogModuleManager: Shutting down and abandoning module MobilePatchingUtils (354)
[2020.07.16-10.16.20:075][ 52]LogModuleManager: Shutting down and abandoning module CustomMeshComponent (352)
[2020.07.16-10.16.20:075][ 52]LogModuleManager: Shutting down and abandoning module CableComponent (350)
[2020.07.16-10.16.20:075][ 52]LogModuleManager: Shutting down and abandoning module AudioCapture (348)
[2020.07.16-10.16.20:075][ 52]LogModuleManager: Shutting down and abandoning module ArchVisCharacter (346)
[2020.07.16-10.16.20:075][ 52]LogModuleManager: Shutting down and abandoning module AndroidPermission (344)
[2020.07.16-10.16.20:075][ 52]LogModuleManager: Shutting down and abandoning module NUTUnrealEngine4 (340)
[2020.07.16-10.16.20:075][ 52]LogModuleManager: Shutting down and abandoning module NetcodeUnitTest (338)
[2020.07.16-10.16.20:075][ 52]LogModuleManager: Shutting down and abandoning module MediaCompositingEditor (336)
[2020.07.16-10.16.20:075][ 52]LogModuleManager: Shutting down and abandoning module MediaCompositing (334)
[2020.07.16-10.16.20:075][ 52]LogModuleManager: Shutting down and abandoning module LinearTimecode (332)
[2020.07.16-10.16.20:075][ 52]LogModuleManager: Shutting down and abandoning module ImgMedia (330)
[2020.07.16-10.16.20:078][ 52]LogModuleManager: Shutting down and abandoning module FlexEditor (328)
[2020.07.16-10.16.20:078][ 52]LogModuleManager: Shutting down and abandoning module HTML5Networking (326)
[2020.07.16-10.16.20:078][ 52]LogModuleManager: Shutting down and abandoning module AlembicImporter (324)
[2020.07.16-10.16.20:078][ 52]LogModuleManager: Shutting down and abandoning module AlembicLibrary (323)
[2020.07.16-10.16.20:078][ 52]LogModuleManager: Shutting down and abandoning module GeometryCache (322)
[2020.07.16-10.16.20:078][ 52]LogModuleManager: Shutting down and abandoning module GeometryCacheEd (321)
[2020.07.16-10.16.20:078][ 52]LogModuleManager: Shutting down and abandoning module DatasmithContent (316)
[2020.07.16-10.16.20:078][ 52]LogModuleManager: Shutting down and abandoning module SpeedTreeImporter (314)
[2020.07.16-10.16.20:078][ 52]LogModuleManager: Shutting down and abandoning module PluginBrowser (312)
[2020.07.16-10.16.20:079][ 52]LogModuleManager: Shutting down and abandoning module MobileLauncherProfileWizard (310)
[2020.07.16-10.16.20:079][ 52]LogModuleManager: Shutting down and abandoning module CryptoKeysOpenSSL (308)
[2020.07.16-10.16.20:079][ 52]LogModuleManager: Shutting down and abandoning module CryptoKeys (306)
[2020.07.16-10.16.20:079][ 52]LogModuleManager: Shutting down and abandoning module VisualStudioSourceCodeAccess (304)
[2020.07.16-10.16.20:079][ 52]LogModuleManager: Shutting down and abandoning module VisualStudioCodeSourceCodeAccess (302)
[2020.07.16-10.16.20:079][ 52]LogModuleManager: Shutting down and abandoning module UObjectPlugin (300)
[2020.07.16-10.16.20:079][ 52]LogModuleManager: Shutting down and abandoning module SubversionSourceControl (298)
[2020.07.16-10.16.20:079][ 52]LogModuleManager: Shutting down and abandoning module PerforceSourceControl (296)
[2020.07.16-10.16.20:079][ 52]LogModuleManager: Shutting down and abandoning module GitSourceControl (294)
[2020.07.16-10.16.20:079][ 52]LogModuleManager: Shutting down and abandoning module SourceControl (293)
[2020.07.16-10.16.20:079][ 52]LogModuleManager: Shutting down and abandoning module CLionSourceCodeAccess (290)
[2020.07.16-10.16.20:079][ 52]LogModuleManager: Shutting down and abandoning module LightPropagationVolumeEditor (288)
[2020.07.16-10.16.20:079][ 52]LogModuleManager: Shutting down and abandoning module PaperTiledImporter (286)
[2020.07.16-10.16.20:079][ 52]LogModuleManager: Shutting down and abandoning module PaperSpriteSheetImporter (284)
[2020.07.16-10.16.20:079][ 52]LogModuleManager: Shutting down and abandoning module Paper2DEditor (282)
[2020.07.16-10.16.20:079][ 52]LogModuleManager: Shutting down and abandoning module MeshPaint (281)
[2020.07.16-10.16.20:079][ 52]LogModuleManager: Shutting down and abandoning module RuntimePhysXCooking (278)
[2020.07.16-10.16.20:079][ 52]LogModuleManager: Shutting down and abandoning module PhysXVehiclesEditor (276)
[2020.07.16-10.16.20:079][ 52]LogModuleManager: Shutting down and abandoning module PhysXVehicles (274)
[2020.07.16-10.16.20:079][ 52]LogModuleManager: Shutting down and abandoning module OculusEditor (272)
[2020.07.16-10.16.20:079][ 52]LogModuleManager: Shutting down and abandoning module LocationServicesBPLibrary (270)
[2020.07.16-10.16.20:079][ 52]LogModuleManager: Shutting down and abandoning module ImmediatePhysicsEditor (268)
[2020.07.16-10.16.20:079][ 52]LogModuleManager: Shutting down and abandoning module ImmediatePhysics (266)
[2020.07.16-10.16.20:079][ 52]LogModuleManager: Shutting down and abandoning module ActorSequence (264)
[2020.07.16-10.16.20:079][ 52]LogModuleManager: Shutting down and abandoning module UdpMessaging (262)
[2020.07.16-10.16.20:179][ 52]LogModuleManager: Shutting down and abandoning module TcpMessaging (260)
[2020.07.16-10.16.20:281][ 52]LogModuleManager: Shutting down and abandoning module GameplayTagsEditor (258)
[2020.07.16-10.16.20:281][ 52]LogModuleManager: Shutting down and abandoning module FacialAnimationEditor (256)
[2020.07.16-10.16.20:281][ 52]LogModuleManager: Shutting down and abandoning module FacialAnimation (254)
[2020.07.16-10.16.20:281][ 52]LogModuleManager: Shutting down and abandoning module DataValidation (252)
[2020.07.16-10.16.20:281][ 52]LogModuleManager: Shutting down and abandoning module AssetManagerEditor (250)
[2020.07.16-10.16.20:281][ 52]LogModuleManager: Shutting down and abandoning module LevelEditor (249)
[2020.07.16-10.16.20:281][ 52]LogModuleManager: Shutting down and abandoning module PixelInspectorModule (248)
[2020.07.16-10.16.20:281][ 52]LogModuleManager: Shutting down and abandoning module CommonMenuExtensions (246)
[2020.07.16-10.16.20:282][ 52]LogModuleManager: Shutting down and abandoning module MainFrame (244)
[2020.07.16-10.16.20:282][ 52]LogModuleManager: Shutting down and abandoning module HotReload (243)
[2020.07.16-10.16.20:282][ 52]LogModuleManager: Shutting down and abandoning module ContentBrowser (239)
[2020.07.16-10.16.20:283][ 52]LogModuleManager: Shutting down and abandoning module TreeMap (237)
[2020.07.16-10.16.20:283][ 52]LogModuleManager: Shutting down and abandoning module LightPropagationVolumeRuntime (234)
[2020.07.16-10.16.20:283][ 52]LogModuleManager: Shutting down and abandoning module LiveLinkEditor (232)
[2020.07.16-10.16.20:283][ 52]LogModuleManager: Shutting down and abandoning module LiveLink (230)
[2020.07.16-10.16.21:110][ 52]LogModuleManager: Shutting down and abandoning module Paper2D (228)
[2020.07.16-10.16.21:110][ 52]LogModuleManager: Shutting down and abandoning module WindowsMoviePlayer (226)
[2020.07.16-10.16.21:110][ 52]LogModuleManager: Shutting down and abandoning module WmfMedia (224)
[2020.07.16-10.16.21:114][ 52]LogModuleManager: Shutting down and abandoning module Media (223)
[2020.07.16-10.16.21:121][ 52]LogModuleManager: Shutting down and abandoning module PacketHandler (220)
[2020.07.16-10.16.21:121][ 52]LogModuleManager: Shutting down and abandoning module ClothingSystemEditor (218)
[2020.07.16-10.16.21:121][ 52]LogModuleManager: Shutting down and abandoning module ClothingSystemRuntime (216)
[2020.07.16-10.16.21:121][ 52]LogModuleManager: Shutting down and abandoning module MediaAssets (214)
[2020.07.16-10.16.21:121][ 52]LogModuleManager: Shutting down and abandoning module Overlay (212)
[2020.07.16-10.16.21:121][ 52]LogModuleManager: Shutting down and abandoning module OverlayEditor (211)
[2020.07.16-10.16.21:121][ 52]LogModuleManager: Shutting down and abandoning module VREditor (208)
[2020.07.16-10.16.21:121][ 52]LogModuleManager: Shutting down and abandoning module StringTableEditor (206)
[2020.07.16-10.16.21:121][ 52]LogModuleManager: Shutting down and abandoning module GameplayTasksEditor (204)
[2020.07.16-10.16.21:121][ 52]LogModuleManager: Shutting down and abandoning module BehaviorTreeEditor (202)
[2020.07.16-10.16.21:121][ 52]LogModuleManager: Shutting down and abandoning module FunctionalTesting (200)
[2020.07.16-10.16.21:121][ 52]LogModuleManager: Shutting down and abandoning module CollisionAnalyzer (198)
[2020.07.16-10.16.21:121][ 52]LogModuleManager: Shutting down and abandoning module WorkspaceMenuStructure (197)
[2020.07.16-10.16.21:121][ 52]LogModuleManager: Shutting down and abandoning module UMG (194)
[2020.07.16-10.16.21:121][ 52]LogModuleManager: Shutting down and abandoning module UMGEditor (193)
[2020.07.16-10.16.21:121][ 52]LogModuleManager: Shutting down and abandoning module Sequencer (192)
[2020.07.16-10.16.21:121][ 52]LogModuleManager: Shutting down and abandoning module MessageLog (189)
[2020.07.16-10.16.21:121][ 52]LogModuleManager: Shutting down and abandoning module SlateReflector (184)
[2020.07.16-10.16.21:121][ 52]LogModuleManager: Shutting down and abandoning module Slate (182)
[2020.07.16-10.16.21:121][ 52]LogModuleManager: Shutting down and abandoning module EditorStyle (180)
[2020.07.16-10.16.21:122][ 52]LogModuleManager: Shutting down and abandoning module MRMesh (178)
[2020.07.16-10.16.21:122][ 52]LogModuleManager: Shutting down and abandoning module SourceCodeAccess (176)
[2020.07.16-10.16.21:122][ 52]LogModuleManager: Shutting down and abandoning module HeadMountedDisplay (174)
[2020.07.16-10.16.21:122][ 52]LogModuleManager: Shutting down and abandoning module XAudio2 (172)
[2020.07.16-10.16.21:122][ 52]LogModuleManager: Shutting down and abandoning module Networking (170)
[2020.07.16-10.16.21:122][ 52]LogModuleManager: Shutting down and abandoning module Core (168)
[2020.07.16-10.16.21:122][ 52]LogModuleManager: Shutting down and abandoning module LevelSequence (166)
[2020.07.16-10.16.21:122][ 52]LogModuleManager: Shutting down and abandoning module KismetCompiler (164)
[2020.07.16-10.16.21:122][ 52]LogModuleManager: Shutting down and abandoning module MeshUtilities (162)
[2020.07.16-10.16.21:123][ 52]LogModuleManager: Shutting down and abandoning module MeshMergeUtilities (161)
[2020.07.16-10.16.21:123][ 52]LogModuleManager: Shutting down and abandoning module MeshReductionInterface (160)
[2020.07.16-10.16.21:123][ 52]LogModuleManager: Shutting down and abandoning module QuadricMeshReduction (159)
[2020.07.16-10.16.21:123][ 52]LogModuleManager: Shutting down and abandoning module MaterialBaking (155)
[2020.07.16-10.16.21:123][ 52]LogModuleManager: Shutting down and abandoning module DirectoryWatcher (151)
[2020.07.16-10.16.21:123][ 52]LogModuleManager: Shutting down and abandoning module DerivedDataCache (148)
[2020.07.16-10.16.21:171][ 52]LogDerivedDataCache: Shutdown
[2020.07.16-10.16.21:171][ 52]LogModuleManager: Shutting down and abandoning module XGEController (146)
[2020.07.16-10.16.21:171][ 52]LogModuleManager: Shutting down and abandoning module TargetPlatform (144)
[2020.07.16-10.16.21:172][ 52]LogModuleManager: Shutting down and abandoning module VulkanShaderFormat (143)
[2020.07.16-10.16.21:172][ 52]LogModuleManager: Shutting down and abandoning module ShaderFormatVectorVM (141)
[2020.07.16-10.16.21:172][ 52]LogModuleManager: Shutting down and abandoning module ShaderFormatOpenGL (139)
[2020.07.16-10.16.21:172][ 52]LogModuleManager: Shutting down and abandoning module ShaderFormatD3D (137)
[2020.07.16-10.16.21:172][ 52]LogModuleManager: Shutting down and abandoning module MetalShaderFormat (135)
[2020.07.16-10.16.21:172][ 52]LogModuleManager: Shutting down and abandoning module TextureFormatUncompressed (133)
[2020.07.16-10.16.21:172][ 52]LogModuleManager: Shutting down and abandoning module TextureFormatPVR (131)
[2020.07.16-10.16.21:172][ 52]LogModuleManager: Shutting down and abandoning module TextureFormatDXT (129)
[2020.07.16-10.16.21:172][ 52]LogModuleManager: Shutting down and abandoning module TextureFormatIntelISPCTexComp (127)
[2020.07.16-10.16.21:172][ 52]LogModuleManager: Shutting down and abandoning module TextureFormatASTC (125)
[2020.07.16-10.16.21:172][ 52]LogModuleManager: Shutting down and abandoning module ImageWrapper (124)
[2020.07.16-10.16.21:172][ 52]LogModuleManager: Shutting down and abandoning module TextureFormatAndroid (121)
[2020.07.16-10.16.21:172][ 52]LogModuleManager: Shutting down and abandoning module AudioFormatOpus (119)
[2020.07.16-10.16.21:172][ 52]LogModuleManager: Shutting down and abandoning module AudioFormatOgg (117)
[2020.07.16-10.16.21:172][ 52]LogModuleManager: Shutting down and abandoning module AudioFormatADPCM (115)
[2020.07.16-10.16.21:172][ 52]LogModuleManager: Shutting down and abandoning module TVOSTargetPlatform (113)
[2020.07.16-10.16.21:172][ 52]LogModuleManager: Shutting down and abandoning module Messaging (111)
[2020.07.16-10.16.21:172][ 52]LogModuleManager: Shutting down and abandoning module IOSTargetPlatform (109)
[2020.07.16-10.16.21:172][ 52]LogModuleManager: Shutting down and abandoning module HTML5TargetPlatform (107)
[2020.07.16-10.16.21:172][ 52]LogModuleManager: Shutting down and abandoning module AndroidTargetPlatform (105)
[2020.07.16-10.16.21:172][ 52]LogModuleManager: Shutting down and abandoning module Android_PVRTCTargetPlatform (103)
[2020.07.16-10.16.21:172][ 52]LogModuleManager: Shutting down and abandoning module Android_MultiTargetPlatform (101)
[2020.07.16-10.16.21:172][ 52]LogModuleManager: Shutting down and abandoning module Android_ETC2TargetPlatform (99)
[2020.07.16-10.16.21:172][ 52]LogModuleManager: Shutting down and abandoning module Android_ETC1TargetPlatform (97)
[2020.07.16-10.16.21:172][ 52]LogModuleManager: Shutting down and abandoning module Android_ETC1aTargetPlatform (95)
[2020.07.16-10.16.21:172][ 52]LogModuleManager: Shutting down and abandoning module Android_DXTTargetPlatform (93)
[2020.07.16-10.16.21:172][ 52]LogModuleManager: Shutting down and abandoning module Android_ATCTargetPlatform (91)
[2020.07.16-10.16.21:172][ 52]LogModuleManager: Shutting down and abandoning module Android_ASTCTargetPlatform (89)
[2020.07.16-10.16.21:172][ 52]LogModuleManager: Shutting down and abandoning module WindowsTargetPlatform (87)
[2020.07.16-10.16.21:172][ 52]LogModuleManager: Shutting down and abandoning module WindowsServerTargetPlatform (85)
[2020.07.16-10.16.21:172][ 52]LogModuleManager: Shutting down and abandoning module WindowsNoEditorTargetPlatform (83)
[2020.07.16-10.16.21:172][ 52]LogModuleManager: Shutting down and abandoning module WindowsClientTargetPlatform (81)
[2020.07.16-10.16.21:172][ 52]LogModuleManager: Shutting down and abandoning module MacTargetPlatform (79)
[2020.07.16-10.16.21:172][ 52]LogModuleManager: Shutting down and abandoning module MacServerTargetPlatform (77)
[2020.07.16-10.16.21:172][ 52]LogModuleManager: Shutting down and abandoning module MacNoEditorTargetPlatform (75)
[2020.07.16-10.16.21:172][ 52]LogModuleManager: Shutting down and abandoning module MacClientTargetPlatform (73)
[2020.07.16-10.16.21:172][ 52]LogModuleManager: Shutting down and abandoning module AllDesktopTargetPlatform (71)
[2020.07.16-10.16.21:172][ 52]LogModuleManager: Shutting down and abandoning module InputCore (68)
[2020.07.16-10.16.21:172][ 52]LogModuleManager: Shutting down and abandoning module Settings (66)
[2020.07.16-10.16.21:172][ 52]LogModuleManager: Shutting down and abandoning module PhysXCooking (64)
[2020.07.16-10.16.21:172][ 52]LogModuleManager: Shutting down and abandoning module SteamVR (62)
[2020.07.16-10.16.21:172][ 52]LogModuleManager: Shutting down and abandoning module OculusHMD (60)
[2020.07.16-10.16.21:172][ 52]LogModuleManager: Shutting down and abandoning module ExampleDeviceProfileSelector (58)
[2020.07.16-10.16.21:172][ 52]LogModuleManager: Shutting down and abandoning module AppleARKit (56)
[2020.07.16-10.16.21:172][ 52]LogModuleManager: Shutting down and abandoning module AugmentedReality (53)
[2020.07.16-10.16.21:172][ 52]LogModuleManager: Shutting down and abandoning module OnlineBlueprintSupport (50)
[2020.07.16-10.16.21:172][ 52]LogModuleManager: Shutting down and abandoning module OnlineSubsystem (46)
[2020.07.16-10.16.21:172][ 52]LogModuleManager: Shutting down and abandoning module XMPP (45)
[2020.07.16-10.16.21:173][ 52]LogModuleManager: Shutting down and abandoning module HTTP (43)
[2020.07.16-10.16.21:173][ 52]LogHttp: Display: Http module shutting down, but needs to wait on 1 outstanding Http requests:
[2020.07.16-10.16.21:173][ 52]LogHttp: Display: 	verb=[POST] url=[https://datarouter.ol.epicgames.com/datarouter/api/v1/public/data?SessionID=%7B2A2816D3-4D44-6200-E973-689536ACDC00%7D&AppID=UEEditor.UnrealEngine.Release&AppVersion=4.19.2-0%2B%2B%2BUE4%2BRelease-4.19&UserID=d59d918b47665de661147898f0e94d33%7C3deb6ea6431a494dbc69312300a174f8%7Cef17a412-fb75-4fb6-904e-6ca5ac2d7ba5&AppEnvironment=datacollector-source&UploadType=eteventstream] status=Processing
[2020.07.16-10.16.21:176][ 52]LogModuleManager: Shutting down and abandoning module SSL (42)
[2020.07.16-10.16.21:176][ 52]LogModuleManager: Shutting down and abandoning module Flex (38)
[2020.07.16-10.16.21:177][ 52]LogModuleManager: Shutting down and abandoning module AnimationModifiers (36)
[2020.07.16-10.16.21:177][ 52]LogModuleManager: Shutting down and abandoning module PropertyEditor (35)
[2020.07.16-10.16.21:177][ 52]LogModuleManager: Shutting down and abandoning module AudioEditor (32)
[2020.07.16-10.16.21:177][ 52]LogModuleManager: Shutting down and abandoning module TextureCompressor (30)
[2020.07.16-10.16.21:177][ 52]LogModuleManager: Shutting down and abandoning module ShaderCore (28)
[2020.07.16-10.16.21:177][ 52]LogModuleManager: Shutting down and abandoning module Landscape (26)
[2020.07.16-10.16.21:177][ 52]LogModuleManager: Shutting down and abandoning module SlateRHIRenderer (24)
[2020.07.16-10.16.21:177][ 52]LogModuleManager: Shutting down and abandoning module OpenGLDrv (22)
[2020.07.16-10.16.21:178][ 52]LogModuleManager: Shutting down and abandoning module D3D11RHI (20)
[2020.07.16-10.16.21:178][ 52]LogModuleManager: Shutting down and abandoning module AnimGraphRuntime (18)
[2020.07.16-10.16.21:178][ 52]LogModuleManager: Shutting down and abandoning module Renderer (16)
[2020.07.16-10.16.21:178][ 52]LogModuleManager: Shutting down and abandoning module Engine (14)
[2020.07.16-10.16.21:178][ 52]LogModuleManager: Shutting down and abandoning module CoreUObject (12)
[2020.07.16-10.16.21:178][ 52]LogModuleManager: Shutting down and abandoning module NetworkFile (10)
[2020.07.16-10.16.21:178][ 52]LogModuleManager: Shutting down and abandoning module CookedIterativeFile (8)
[2020.07.16-10.16.21:178][ 52]LogModuleManager: Shutting down and abandoning module StreamingFile (6)
[2020.07.16-10.16.21:178][ 52]LogModuleManager: Shutting down and abandoning module SandboxFile (4)
[2020.07.16-10.16.21:178][ 52]LogModuleManager: Shutting down and abandoning module PakFile (2)
[2020.07.16-10.16.21:184][ 52]LogExit: Exiting.
[2020.07.16-10.16.21:191][ 52]Log file closed, 07/16/20 12:16:21
